Open5GS daemon v2.7.2-131-g04ec945

04/02 11:02:03.081: [app] INFO: Configuration: '/open5gs/install/etc/open5gs/bsf.yaml' (../lib/app/ogs-init.c:144)
04/02 11:02:03.081: [app] INFO: File Logging: '/open5gs/install/var/log/open5gs/bsf.log' (../lib/app/ogs-init.c:147)
04/02 11:02:03.083: [sbi] INFO: NF EndPoint(addr) setup [172.22.0.12:7777] (../lib/sbi/context.c:457)
04/02 11:02:03.083: [sbi] INFO: NF EndPoint(addr) setup [172.22.0.35:7777] (../lib/sbi/context.c:505)
04/02 11:02:03.083: [sbi] INFO: NF Service [nbsf-management] (../lib/sbi/context.c:1970)
04/02 11:02:03.084: [sbi] INFO: nghttp2_server() [http://172.22.0.29]:7777 (../lib/sbi/nghttp2-server.c:435)
04/02 11:02:03.084: [app] INFO: BSF initialize...done (../src/bsf/app.c:31)
04/02 11:02:03.088: [sbi] INFO: [24d8ea8e-0fa1-41f0-94bd-7fdb77d967ba] NF registered [Heartbeat:10s] (../lib/sbi/nf-sm.c:208)
04/02 11:02:03.089: [sbi] INFO: NF EndPoint(addr) setup [172.22.0.12:7777] (../lib/sbi/nnrf-handler.c:949)
04/02 11:02:03.089: [sbi] INFO: [24d9d566-0fa1-41f0-9e39-01dd75dc28ca] Subscription created until 2025-04-03T11:02:03.089315+02:00 [duration:86400000000,validity:86400.000000,patch:43200.000000] (../lib/sbi/nnrf-handler.c:868)
04/02 15:40:52.206: [sbi] ERROR: [24d8ea8e-0fa1-41f0-94bd-7fdb77d967ba] No heartbeat [type:BSF] (../lib/sbi/nf-sm.c:297)
04/02 15:40:52.211: [sbi] INFO: [24d8ea8e-0fa1-41f0-94bd-7fdb77d967ba] NF de-registered (../lib/sbi/nf-sm.c:235)
04/02 15:40:52.975: [sbi] ERROR: [24d8ea8e-0fa1-41f0-94bd-7fdb77d967ba] HTTP Response Status Code [404] (../lib/sbi/nf-sm.c:145)
04/02 15:40:54.979: [sbi] WARNING: [24d8ea8e-0fa1-41f0-94bd-7fdb77d967ba] Retry registration with NRF (../lib/sbi/nf-sm.c:395)
04/02 15:40:54.982: [sbi] INFO: [24d8ea8e-0fa1-41f0-94bd-7fdb77d967ba] NF registered [Heartbeat:10s] (../lib/sbi/nf-sm.c:208)
04/02 15:40:54.983: [sbi] INFO: NF EndPoint(addr) setup [172.22.0.12:7777] (../lib/sbi/nnrf-handler.c:949)
04/02 15:40:54.983: [sbi] INFO: [19d632fa-0fc8-41f0-9e39-01dd75dc28ca] Subscription created until 2025-04-03T15:40:54.983025+02:00 [duration:86400000000,validity:86400.000000,patch:43200.000000] (../lib/sbi/nnrf-handler.c:868)
Open5GS daemon v2.7.2-131-g04ec945

04/02 18:41:13.248: [app] INFO: Configuration: '/open5gs/install/etc/open5gs/bsf.yaml' (../lib/app/ogs-init.c:144)
04/02 18:41:13.248: [app] INFO: File Logging: '/open5gs/install/var/log/open5gs/bsf.log' (../lib/app/ogs-init.c:147)
04/02 18:41:13.251: [sbi] INFO: NF EndPoint(addr) setup [172.22.0.12:7777] (../lib/sbi/context.c:457)
04/02 18:41:13.252: [sbi] INFO: NF EndPoint(addr) setup [172.22.0.35:7777] (../lib/sbi/context.c:505)
04/02 18:41:13.252: [sbi] INFO: NF Service [nbsf-management] (../lib/sbi/context.c:1970)
04/02 18:41:13.252: [sbi] INFO: nghttp2_server() [http://172.22.0.29]:7777 (../lib/sbi/nghttp2-server.c:435)
04/02 18:41:13.252: [app] INFO: BSF initialize...done (../src/bsf/app.c:31)
04/02 18:41:13.254: [sbi] INFO: [4a06fb08-0fe1-41f0-9f58-75fbded11ea6] NF registered [Heartbeat:10s] (../lib/sbi/nf-sm.c:208)
04/02 18:41:13.254: [sbi] INFO: NF EndPoint(addr) setup [172.22.0.12:7777] (../lib/sbi/nnrf-handler.c:949)
04/02 18:41:13.254: [sbi] INFO: [4a0769ee-0fe1-41f0-8261-df09ba76b76e] Subscription created until 2025-04-03T18:41:13.254410+02:00 [duration:86400000000,validity:86400.000000,patch:43200.000000] (../lib/sbi/nnrf-handler.c:868)
Open5GS daemon v2.7.2-131-g04ec945

04/03 16:02:22.047: [app] INFO: Configuration: '/open5gs/install/etc/open5gs/bsf.yaml' (../lib/app/ogs-init.c:144)
04/03 16:02:22.047: [app] INFO: File Logging: '/open5gs/install/var/log/open5gs/bsf.log' (../lib/app/ogs-init.c:147)
04/03 16:02:22.049: [sbi] INFO: NF EndPoint(addr) setup [172.22.0.12:7777] (../lib/sbi/context.c:457)
04/03 16:02:22.049: [sbi] INFO: NF EndPoint(addr) setup [172.22.0.35:7777] (../lib/sbi/context.c:505)
04/03 16:02:22.049: [sbi] INFO: NF Service [nbsf-management] (../lib/sbi/context.c:1970)
04/03 16:02:22.049: [sbi] INFO: nghttp2_server() [http://172.22.0.29]:7777 (../lib/sbi/nghttp2-server.c:435)
04/03 16:02:22.049: [app] INFO: BSF initialize...done (../src/bsf/app.c:31)
04/03 16:02:22.050: [sbi] INFO: [436699da-1094-41f0-893d-f77fd9e84362] NF registered [Heartbeat:10s] (../lib/sbi/nf-sm.c:208)
04/03 16:02:22.051: [sbi] INFO: NF EndPoint(addr) setup [172.22.0.12:7777] (../lib/sbi/nnrf-handler.c:949)
04/03 16:02:22.051: [sbi] INFO: [4366f9ca-1094-41f0-adda-ef9ccc94d922] Subscription created until 2025-04-04T16:02:22.051211+02:00 [duration:86400000000,validity:86400.000000,patch:43200.000000] (../lib/sbi/nnrf-handler.c:868)
Open5GS daemon v2.7.2-131-g04ec945

04/04 10:46:05.151: [app] INFO: Configuration: '/open5gs/install/etc/open5gs/bsf.yaml' (../lib/app/ogs-init.c:144)
04/04 10:46:05.151: [app] INFO: File Logging: '/open5gs/install/var/log/open5gs/bsf.log' (../lib/app/ogs-init.c:147)
04/04 10:46:05.153: [sbi] INFO: NF EndPoint(addr) setup [172.22.0.12:7777] (../lib/sbi/context.c:457)
04/04 10:46:05.153: [sbi] INFO: NF EndPoint(addr) setup [172.22.0.35:7777] (../lib/sbi/context.c:505)
04/04 10:46:05.154: [sbi] INFO: NF Service [nbsf-management] (../lib/sbi/context.c:1970)
04/04 10:46:05.154: [sbi] INFO: nghttp2_server() [http://172.22.0.29]:7777 (../lib/sbi/nghttp2-server.c:435)
04/04 10:46:05.154: [app] INFO: BSF initialize...done (../src/bsf/app.c:31)
04/04 10:46:05.155: [sbi] INFO: [3eb3f1ec-1131-41f0-9242-99c1787e13cf] NF registered [Heartbeat:10s] (../lib/sbi/nf-sm.c:208)
04/04 10:46:05.156: [sbi] INFO: NF EndPoint(addr) setup [172.22.0.12:7777] (../lib/sbi/nnrf-handler.c:949)
04/04 10:46:05.156: [sbi] INFO: [3eb44f3e-1131-41f0-897a-498fefcd3b4d] Subscription created until 2025-04-05T10:46:05.155966+02:00 [duration:86400000000,validity:86400.000000,patch:43200.000000] (../lib/sbi/nnrf-handler.c:868)
Open5GS daemon v2.7.2-131-g04ec945

04/04 11:37:33.321: [app] INFO: Configuration: '/open5gs/install/etc/open5gs/bsf.yaml' (../lib/app/ogs-init.c:144)
04/04 11:37:33.321: [app] INFO: File Logging: '/open5gs/install/var/log/open5gs/bsf.log' (../lib/app/ogs-init.c:147)
04/04 11:37:33.322: [sbi] INFO: NF EndPoint(addr) setup [172.22.0.12:7777] (../lib/sbi/context.c:457)
04/04 11:37:33.322: [sbi] INFO: NF EndPoint(addr) setup [172.22.0.35:7777] (../lib/sbi/context.c:505)
04/04 11:37:33.322: [sbi] INFO: NF Service [nbsf-management] (../lib/sbi/context.c:1970)
04/04 11:37:33.323: [sbi] INFO: nghttp2_server() [http://172.22.0.29]:7777 (../lib/sbi/nghttp2-server.c:435)
04/04 11:37:33.323: [app] INFO: BSF initialize...done (../src/bsf/app.c:31)
04/04 11:37:33.324: [sbi] INFO: [6f65273c-1138-41f0-a3ee-494c501a75b0] NF registered [Heartbeat:10s] (../lib/sbi/nf-sm.c:208)
04/04 11:37:33.325: [sbi] INFO: NF EndPoint(addr) setup [172.22.0.12:7777] (../lib/sbi/nnrf-handler.c:949)
04/04 11:37:33.325: [sbi] INFO: [6f658510-1138-41f0-a9fd-f7b48cb1259a] Subscription created until 2025-04-05T11:37:33.325082+02:00 [duration:86400000000,validity:86400.000000,patch:43200.000000] (../lib/sbi/nnrf-handler.c:868)
Open5GS daemon v2.7.2-131-g04ec945

04/04 12:26:14.460: [app] INFO: Configuration: '/open5gs/install/etc/open5gs/bsf.yaml' (../lib/app/ogs-init.c:144)
04/04 12:26:14.460: [app] INFO: File Logging: '/open5gs/install/var/log/open5gs/bsf.log' (../lib/app/ogs-init.c:147)
04/04 12:26:14.464: [sbi] INFO: NF EndPoint(addr) setup [172.22.0.12:7777] (../lib/sbi/context.c:457)
04/04 12:26:14.465: [sbi] INFO: NF EndPoint(addr) setup [172.22.0.35:7777] (../lib/sbi/context.c:505)
04/04 12:26:14.465: [sbi] INFO: NF Service [nbsf-management] (../lib/sbi/context.c:1970)
04/04 12:26:14.465: [sbi] INFO: nghttp2_server() [http://172.22.0.29]:7777 (../lib/sbi/nghttp2-server.c:435)
04/04 12:26:14.465: [app] INFO: BSF initialize...done (../src/bsf/app.c:31)
04/04 12:26:14.467: [sbi] INFO: [3c87f0cc-113f-41f0-9ed3-db1313b9f448] NF registered [Heartbeat:10s] (../lib/sbi/nf-sm.c:208)
04/04 12:26:14.468: [sbi] INFO: NF EndPoint(addr) setup [172.22.0.12:7777] (../lib/sbi/nnrf-handler.c:949)
04/04 12:26:14.468: [sbi] INFO: [3c889f72-113f-41f0-a399-1d1dcdc43f40] Subscription created until 2025-04-05T12:26:14.468490+02:00 [duration:86400000000,validity:86400.000000,patch:43200.000000] (../lib/sbi/nnrf-handler.c:868)
Open5GS daemon v2.7.2-131-g04ec945

04/04 12:30:06.485: [app] INFO: Configuration: '/open5gs/install/etc/open5gs/bsf.yaml' (../lib/app/ogs-init.c:144)
04/04 12:30:06.485: [app] INFO: File Logging: '/open5gs/install/var/log/open5gs/bsf.log' (../lib/app/ogs-init.c:147)
04/04 12:30:06.487: [sbi] INFO: NF EndPoint(addr) setup [172.22.0.12:7777] (../lib/sbi/context.c:457)
04/04 12:30:06.487: [sbi] INFO: NF EndPoint(addr) setup [172.22.0.35:7777] (../lib/sbi/context.c:505)
04/04 12:30:06.488: [sbi] INFO: NF Service [nbsf-management] (../lib/sbi/context.c:1970)
04/04 12:30:06.488: [sbi] INFO: nghttp2_server() [http://172.22.0.29]:7777 (../lib/sbi/nghttp2-server.c:435)
04/04 12:30:06.488: [app] INFO: BSF initialize...done (../src/bsf/app.c:31)
04/04 12:30:06.491: [sbi] INFO: [c6d3efc4-113f-41f0-af94-5fbe2418e498] NF registered [Heartbeat:10s] (../lib/sbi/nf-sm.c:208)
04/04 12:30:06.492: [sbi] INFO: NF EndPoint(addr) setup [172.22.0.12:7777] (../lib/sbi/nnrf-handler.c:949)
04/04 12:30:06.493: [sbi] INFO: [c6d4aab8-113f-41f0-81a4-1f2e25d29973] Subscription created until 2025-04-05T12:30:06.492537+02:00 [duration:86400000000,validity:86400.000000,patch:43200.000000] (../lib/sbi/nnrf-handler.c:868)
Open5GS daemon v2.7.2-131-g04ec945

04/04 22:41:48.914: [app] INFO: Configuration: '/open5gs/install/etc/open5gs/bsf.yaml' (../lib/app/ogs-init.c:144)
04/04 22:41:48.914: [app] INFO: File Logging: '/open5gs/install/var/log/open5gs/bsf.log' (../lib/app/ogs-init.c:147)
04/04 22:41:48.915: [sbi] INFO: NF EndPoint(addr) setup [172.22.0.12:7777] (../lib/sbi/context.c:457)
04/04 22:41:48.915: [sbi] INFO: NF EndPoint(addr) setup [172.22.0.35:7777] (../lib/sbi/context.c:505)
04/04 22:41:48.915: [sbi] INFO: NF Service [nbsf-management] (../lib/sbi/context.c:1970)
04/04 22:41:48.915: [sbi] INFO: nghttp2_server() [http://172.22.0.29]:7777 (../lib/sbi/nghttp2-server.c:435)
04/04 22:41:48.916: [app] INFO: BSF initialize...done (../src/bsf/app.c:31)
04/04 22:41:48.917: [sbi] INFO: [3b2dfe78-1195-41f0-8bd1-916d43799037] NF registered [Heartbeat:10s] (../lib/sbi/nf-sm.c:208)
04/04 22:41:48.917: [sbi] INFO: NF EndPoint(addr) setup [172.22.0.12:7777] (../lib/sbi/nnrf-handler.c:949)
04/04 22:41:48.918: [sbi] INFO: [3b2e54c2-1195-41f0-a609-b70f49d1862e] Subscription created until 2025-04-05T22:41:48.917735+02:00 [duration:86400000000,validity:86400.000000,patch:43200.000000] (../lib/sbi/nnrf-handler.c:868)
Open5GS daemon v2.7.2-131-g04ec945

04/04 22:53:00.186: [app] INFO: Configuration: '/open5gs/install/etc/open5gs/bsf.yaml' (../lib/app/ogs-init.c:144)
04/04 22:53:00.186: [app] INFO: File Logging: '/open5gs/install/var/log/open5gs/bsf.log' (../lib/app/ogs-init.c:147)
04/04 22:53:00.189: [sbi] INFO: NF EndPoint(addr) setup [172.22.0.12:7777] (../lib/sbi/context.c:457)
04/04 22:53:00.189: [sbi] INFO: NF EndPoint(addr) setup [172.22.0.35:7777] (../lib/sbi/context.c:505)
04/04 22:53:00.189: [sbi] INFO: NF Service [nbsf-management] (../lib/sbi/context.c:1970)
04/04 22:53:00.189: [sbi] INFO: nghttp2_server() [http://172.22.0.29]:7777 (../lib/sbi/nghttp2-server.c:435)
04/04 22:53:00.189: [app] INFO: BSF initialize...done (../src/bsf/app.c:31)
04/04 22:53:00.191: [sbi] INFO: [cb4a2bac-1196-41f0-9305-a34d066bcbd9] NF registered [Heartbeat:10s] (../lib/sbi/nf-sm.c:208)
04/04 22:53:00.192: [sbi] INFO: NF EndPoint(addr) setup [172.22.0.12:7777] (../lib/sbi/nnrf-handler.c:949)
04/04 22:53:00.192: [sbi] INFO: [cb4a95b0-1196-41f0-b719-c995f2826851] Subscription created until 2025-04-05T22:53:00.191537+02:00 [duration:86400000000,validity:86400.000000,patch:43200.000000] (../lib/sbi/nnrf-handler.c:868)
Open5GS daemon v2.7.2-131-g04ec945

04/05 00:32:21.555: [app] INFO: Configuration: '/open5gs/install/etc/open5gs/bsf.yaml' (../lib/app/ogs-init.c:144)
04/05 00:32:21.555: [app] INFO: File Logging: '/open5gs/install/var/log/open5gs/bsf.log' (../lib/app/ogs-init.c:147)
04/05 00:32:21.557: [sbi] INFO: NF EndPoint(addr) setup [172.22.0.12:7777] (../lib/sbi/context.c:457)
04/05 00:32:21.557: [sbi] INFO: NF EndPoint(addr) setup [172.22.0.35:7777] (../lib/sbi/context.c:505)
04/05 00:32:21.557: [sbi] INFO: NF Service [nbsf-management] (../lib/sbi/context.c:1970)
04/05 00:32:21.557: [sbi] INFO: nghttp2_server() [http://172.22.0.29]:7777 (../lib/sbi/nghttp2-server.c:435)
04/05 00:32:21.557: [app] INFO: BSF initialize...done (../src/bsf/app.c:31)
04/05 00:32:21.559: [sbi] INFO: [ac8acda8-11a4-41f0-897b-41d515674401] NF registered [Heartbeat:10s] (../lib/sbi/nf-sm.c:208)
04/05 00:32:21.560: [sbi] INFO: NF EndPoint(addr) setup [172.22.0.12:7777] (../lib/sbi/nnrf-handler.c:949)
04/05 00:32:21.560: [sbi] INFO: [ac8b396e-11a4-41f0-9057-655376a092b8] Subscription created until 2025-04-06T00:32:21.560023+02:00 [duration:86400000000,validity:86400.000000,patch:43200.000000] (../lib/sbi/nnrf-handler.c:868)
Open5GS daemon v2.7.2-131-g04ec945

04/05 19:05:42.462: [app] INFO: Configuration: '/open5gs/install/etc/open5gs/bsf.yaml' (../lib/app/ogs-init.c:144)
04/05 19:05:42.462: [app] INFO: File Logging: '/open5gs/install/var/log/open5gs/bsf.log' (../lib/app/ogs-init.c:147)
04/05 19:05:42.464: [sbi] INFO: NF EndPoint(addr) setup [172.22.0.12:7777] (../lib/sbi/context.c:457)
04/05 19:05:42.464: [sbi] INFO: NF EndPoint(addr) setup [172.22.0.35:7777] (../lib/sbi/context.c:505)
04/05 19:05:42.464: [sbi] INFO: NF Service [nbsf-management] (../lib/sbi/context.c:1970)
04/05 19:05:42.465: [sbi] INFO: nghttp2_server() [http://172.22.0.29]:7777 (../lib/sbi/nghttp2-server.c:435)
04/05 19:05:42.465: [app] INFO: BSF initialize...done (../src/bsf/app.c:31)
04/05 19:05:42.467: [sbi] INFO: [34fc51b6-1240-41f0-ad89-8b8660e5dc3e] NF registered [Heartbeat:10s] (../lib/sbi/nf-sm.c:208)
04/05 19:05:42.468: [sbi] INFO: NF EndPoint(addr) setup [172.22.0.12:7777] (../lib/sbi/nnrf-handler.c:949)
04/05 19:05:42.468: [sbi] INFO: [34fcce20-1240-41f0-8ffd-f1205e5325c1] Subscription created until 2025-04-06T19:05:42.467677+02:00 [duration:86400000000,validity:86400.000000,patch:43200.000000] (../lib/sbi/nnrf-handler.c:868)
Open5GS daemon v2.7.2-131-g04ec945

04/06 20:05:40.548: [app] INFO: Configuration: '/open5gs/install/etc/open5gs/bsf.yaml' (../lib/app/ogs-init.c:144)
04/06 20:05:40.548: [app] INFO: File Logging: '/open5gs/install/var/log/open5gs/bsf.log' (../lib/app/ogs-init.c:147)
04/06 20:05:40.551: [sbi] INFO: NF EndPoint(addr) setup [172.22.0.12:7777] (../lib/sbi/context.c:457)
04/06 20:05:40.551: [sbi] INFO: NF EndPoint(addr) setup [172.22.0.35:7777] (../lib/sbi/context.c:505)
04/06 20:05:40.551: [sbi] INFO: NF Service [nbsf-management] (../lib/sbi/context.c:1970)
04/06 20:05:40.552: [sbi] INFO: nghttp2_server() [http://172.22.0.29]:7777 (../lib/sbi/nghttp2-server.c:435)
04/06 20:05:40.552: [app] INFO: BSF initialize...done (../src/bsf/app.c:31)
04/06 20:05:40.553: [sbi] INFO: [c00690c4-1311-41f0-a6a4-11be6ffbab2b] NF registered [Heartbeat:10s] (../lib/sbi/nf-sm.c:208)
04/06 20:05:40.553: [sbi] INFO: NF EndPoint(addr) setup [172.22.0.12:7777] (../lib/sbi/nnrf-handler.c:949)
04/06 20:05:40.553: [sbi] INFO: [c006e042-1311-41f0-8c56-bb6c0e01925a] Subscription created until 2025-04-07T20:05:40.553421+02:00 [duration:86400000000,validity:86400.000000,patch:43200.000000] (../lib/sbi/nnrf-handler.c:868)
04/06 20:37:43.160: [sbi] ERROR: [c00690c4-1311-41f0-a6a4-11be6ffbab2b] No heartbeat [type:BSF] (../lib/sbi/nf-sm.c:297)
04/06 20:37:44.208: [sbi] INFO: [c00690c4-1311-41f0-a6a4-11be6ffbab2b] NF de-registered (../lib/sbi/nf-sm.c:235)
04/06 20:37:47.494: [sbi] ERROR: [c00690c4-1311-41f0-a6a4-11be6ffbab2b] HTTP Response Status Code [204] (../lib/sbi/nf-sm.c:145)
04/06 20:37:50.290: [sbi] WARNING: [c00690c4-1311-41f0-a6a4-11be6ffbab2b] Retry registration with NRF (../lib/sbi/nf-sm.c:395)
04/06 20:37:55.587: [sbi] ERROR: Connection timer expired (../lib/sbi/client.c:645)
04/06 20:37:56.266: [sbi] WARNING: ogs_sbi_client_handler() failed [-3] (../lib/sbi/path.c:62)
04/06 20:38:01.101: [sbi] ERROR: Connection timer expired (../lib/sbi/client.c:645)
04/06 20:38:01.116: [sbi] WARNING: ogs_sbi_client_handler() failed [-3] (../lib/sbi/path.c:62)
04/06 20:38:01.150: [sbi] WARNING: [c00690c4-1311-41f0-a6a4-11be6ffbab2b] Retry registration with NRF (../lib/sbi/nf-sm.c:169)
04/06 20:38:11.366: [sbi] INFO: [c00690c4-1311-41f0-a6a4-11be6ffbab2b] NF registered [Heartbeat:10s] (../lib/sbi/nf-sm.c:208)
04/06 20:38:11.455: [sbi] INFO: NF EndPoint(addr) setup [172.22.0.12:7777] (../lib/sbi/nnrf-handler.c:949)
04/06 20:38:11.468: [sbi] INFO: [4ace9798-1316-41f0-8c56-bb6c0e01925a] Subscription created until 2025-04-07T20:38:11.374843+02:00 [duration:86400000000,validity:86400.000000,patch:43200.000000] (../lib/sbi/nnrf-handler.c:868)
04/06 20:40:03.724: [sbi] ERROR: [c00690c4-1311-41f0-a6a4-11be6ffbab2b] No heartbeat [type:BSF] (../lib/sbi/nf-sm.c:297)
04/06 20:40:03.932: [sbi] INFO: [c00690c4-1311-41f0-a6a4-11be6ffbab2b] NF de-registered (../lib/sbi/nf-sm.c:235)
04/06 20:40:13.202: [sbi] ERROR: Connection timer expired (../lib/sbi/client.c:645)
04/06 20:40:13.749: [sbi] WARNING: ogs_sbi_client_handler() failed [-3] (../lib/sbi/path.c:62)
04/06 20:40:15.702: [sbi] ERROR: Connection timer expired (../lib/sbi/client.c:645)
04/06 20:40:16.591: [sbi] WARNING: ogs_sbi_client_handler() failed [-3] (../lib/sbi/path.c:62)
04/06 20:40:16.851: [sbi] WARNING: [c00690c4-1311-41f0-a6a4-11be6ffbab2b] Retry registration with NRF (../lib/sbi/nf-sm.c:169)
04/06 20:40:27.727: [sbi] INFO: [c00690c4-1311-41f0-a6a4-11be6ffbab2b] NF registered [Heartbeat:10s] (../lib/sbi/nf-sm.c:208)
04/06 20:40:30.779: [bsf] ERROR: HTTP response error : 500 (../src/bsf/bsf-sm.c:253)
04/06 20:40:39.536: [sbi] ERROR: [c00690c4-1311-41f0-a6a4-11be6ffbab2b] No heartbeat [type:BSF] (../lib/sbi/nf-sm.c:297)
04/06 20:40:39.678: [sbi] INFO: [c00690c4-1311-41f0-a6a4-11be6ffbab2b] NF de-registered (../lib/sbi/nf-sm.c:235)
04/06 20:40:50.366: [sbi] ERROR: Connection timer expired (../lib/sbi/client.c:645)
04/06 20:40:50.697: [sbi] WARNING: ogs_sbi_client_handler() failed [-3] (../lib/sbi/path.c:62)
04/06 20:40:52.171: [sbi] ERROR: Connection timer expired (../lib/sbi/client.c:645)
04/06 20:40:52.952: [sbi] WARNING: ogs_sbi_client_handler() failed [-3] (../lib/sbi/path.c:62)
04/06 20:40:53.281: [sbi] WARNING: [c00690c4-1311-41f0-a6a4-11be6ffbab2b] Retry registration with NRF (../lib/sbi/nf-sm.c:169)
04/06 20:41:04.488: [sbi] ERROR: Connection timer expired (../lib/sbi/client.c:645)
04/06 20:41:04.489: [sbi] WARNING: ogs_sbi_client_handler() failed [-3] (../lib/sbi/path.c:62)
04/06 20:41:04.490: [sbi] WARNING: [c00690c4-1311-41f0-a6a4-11be6ffbab2b] Retry registration with NRF (../lib/sbi/nf-sm.c:169)
04/06 20:41:04.529: [sbi] INFO: [c00690c4-1311-41f0-a6a4-11be6ffbab2b] NF registered [Heartbeat:10s] (../lib/sbi/nf-sm.c:208)
04/06 20:41:04.531: [sbi] INFO: NF EndPoint(addr) setup [172.22.0.12:7777] (../lib/sbi/nnrf-handler.c:949)
04/06 20:41:04.531: [sbi] INFO: [b203f52a-1316-41f0-9663-09225d27fec7] Subscription created until 2025-04-07T20:41:04.529929+02:00 [duration:86400000000,validity:86400.000000,patch:43200.000000] (../lib/sbi/nnrf-handler.c:868)
Open5GS daemon v2.7.2-131-g04ec945

04/06 20:52:34.705: [app] INFO: Configuration: '/open5gs/install/etc/open5gs/bsf.yaml' (../lib/app/ogs-init.c:144)
04/06 20:52:34.705: [app] INFO: File Logging: '/open5gs/install/var/log/open5gs/bsf.log' (../lib/app/ogs-init.c:147)
04/06 20:52:34.707: [sbi] INFO: NF EndPoint(addr) setup [172.22.0.12:7777] (../lib/sbi/context.c:457)
04/06 20:52:34.709: [sbi] INFO: NF EndPoint(addr) setup [172.22.0.35:7777] (../lib/sbi/context.c:505)
04/06 20:52:34.709: [sbi] INFO: NF Service [nbsf-management] (../lib/sbi/context.c:1970)
04/06 20:52:34.710: [sbi] INFO: nghttp2_server() [http://172.22.0.29]:7777 (../lib/sbi/nghttp2-server.c:435)
04/06 20:52:34.711: [app] INFO: BSF initialize...done (../src/bsf/app.c:31)
04/06 20:52:34.723: [sbi] INFO: [4d64bdd2-1318-41f0-8b04-634d283c4118] NF registered [Heartbeat:10s] (../lib/sbi/nf-sm.c:208)
04/06 20:52:34.725: [sbi] INFO: NF EndPoint(addr) setup [172.22.0.12:7777] (../lib/sbi/nnrf-handler.c:949)
04/06 20:52:34.725: [sbi] INFO: [4d673940-1318-41f0-8a49-ab3ec7004516] Subscription created until 2025-04-07T20:52:34.724331+02:00 [duration:86400000000,validity:86400.000000,patch:43200.000000] (../lib/sbi/nnrf-handler.c:868)
Open5GS daemon v2.7.2-131-g04ec945

04/06 20:56:20.726: [app] INFO: Configuration: '/open5gs/install/etc/open5gs/bsf.yaml' (../lib/app/ogs-init.c:144)
04/06 20:56:20.726: [app] INFO: File Logging: '/open5gs/install/var/log/open5gs/bsf.log' (../lib/app/ogs-init.c:147)
04/06 20:56:20.727: [sbi] INFO: NF EndPoint(addr) setup [172.22.0.12:7777] (../lib/sbi/context.c:457)
04/06 20:56:20.727: [sbi] INFO: NF EndPoint(addr) setup [172.22.0.35:7777] (../lib/sbi/context.c:505)
04/06 20:56:20.727: [sbi] INFO: NF Service [nbsf-management] (../lib/sbi/context.c:1970)
04/06 20:56:20.727: [sbi] INFO: nghttp2_server() [http://172.22.0.29]:7777 (../lib/sbi/nghttp2-server.c:435)
04/06 20:56:20.727: [app] INFO: BSF initialize...done (../src/bsf/app.c:31)
04/06 20:56:20.729: [sbi] INFO: [d41c9eda-1318-41f0-9865-15d253663167] NF registered [Heartbeat:10s] (../lib/sbi/nf-sm.c:208)
04/06 20:56:20.729: [sbi] INFO: NF EndPoint(addr) setup [172.22.0.12:7777] (../lib/sbi/nnrf-handler.c:949)
04/06 20:56:20.729: [sbi] INFO: [d41ce9b2-1318-41f0-b965-8359cb1b6218] Subscription created until 2025-04-07T20:56:20.729389+02:00 [duration:86400000000,validity:86400.000000,patch:43200.000000] (../lib/sbi/nnrf-handler.c:868)
04/06 21:32:13.054: [sbi] ERROR: [d41c9eda-1318-41f0-9865-15d253663167] No heartbeat [type:BSF] (../lib/sbi/nf-sm.c:297)
04/06 21:32:13.247: [sbi] INFO: [d41c9eda-1318-41f0-9865-15d253663167] NF de-registered (../lib/sbi/nf-sm.c:235)
04/06 21:32:13.313: [sbi] ERROR: [d41c9eda-1318-41f0-9865-15d253663167] HTTP Response Status Code [204] (../lib/sbi/nf-sm.c:145)
04/06 21:32:15.325: [sbi] WARNING: [d41c9eda-1318-41f0-9865-15d253663167] Retry registration with NRF (../lib/sbi/nf-sm.c:395)
04/06 21:32:16.435: [sbi] INFO: [d41c9eda-1318-41f0-9865-15d253663167] NF registered [Heartbeat:10s] (../lib/sbi/nf-sm.c:208)
04/06 21:32:16.856: [sbi] INFO: NF EndPoint(addr) setup [172.22.0.12:7777] (../lib/sbi/nnrf-handler.c:949)
04/06 21:32:16.857: [sbi] INFO: [d921f150-131d-41f0-b965-8359cb1b6218] Subscription created until 2025-04-07T21:32:16.635493+02:00 [duration:86400000000,validity:86400.000000,patch:43200.000000] (../lib/sbi/nnrf-handler.c:868)
Open5GS daemon v2.7.2-131-g04ec945

04/06 21:38:17.834: [app] INFO: Configuration: '/open5gs/install/etc/open5gs/bsf.yaml' (../lib/app/ogs-init.c:144)
04/06 21:38:17.834: [app] INFO: File Logging: '/open5gs/install/var/log/open5gs/bsf.log' (../lib/app/ogs-init.c:147)
04/06 21:38:17.835: [sbi] INFO: NF EndPoint(addr) setup [172.22.0.12:7777] (../lib/sbi/context.c:457)
04/06 21:38:17.835: [sbi] INFO: NF EndPoint(addr) setup [172.22.0.35:7777] (../lib/sbi/context.c:505)
04/06 21:38:17.835: [sbi] INFO: NF Service [nbsf-management] (../lib/sbi/context.c:1970)
04/06 21:38:17.836: [sbi] INFO: nghttp2_server() [http://172.22.0.29]:7777 (../lib/sbi/nghttp2-server.c:435)
04/06 21:38:17.836: [app] INFO: BSF initialize...done (../src/bsf/app.c:31)
04/06 21:38:17.837: [sbi] INFO: [b06cd242-131e-41f0-8b0f-99ee98f31a81] NF registered [Heartbeat:10s] (../lib/sbi/nf-sm.c:208)
04/06 21:38:17.838: [sbi] INFO: NF EndPoint(addr) setup [172.22.0.12:7777] (../lib/sbi/nnrf-handler.c:949)
04/06 21:38:17.838: [sbi] INFO: [b06d3566-131e-41f0-94e6-e91bb67865f3] Subscription created until 2025-04-07T21:38:17.838033+02:00 [duration:86400000000,validity:86400.000000,patch:43200.000000] (../lib/sbi/nnrf-handler.c:868)
Open5GS daemon v2.7.2-131-g04ec945

04/06 21:52:46.391: [app] INFO: Configuration: '/open5gs/install/etc/open5gs/bsf.yaml' (../lib/app/ogs-init.c:144)
04/06 21:52:46.391: [app] INFO: File Logging: '/open5gs/install/var/log/open5gs/bsf.log' (../lib/app/ogs-init.c:147)
04/06 21:52:46.394: [sbi] INFO: NF EndPoint(addr) setup [172.22.0.12:7777] (../lib/sbi/context.c:457)
04/06 21:52:46.394: [sbi] INFO: NF EndPoint(addr) setup [172.22.0.35:7777] (../lib/sbi/context.c:505)
04/06 21:52:46.394: [sbi] INFO: NF Service [nbsf-management] (../lib/sbi/context.c:1970)
04/06 21:52:46.394: [sbi] INFO: nghttp2_server() [http://172.22.0.29]:7777 (../lib/sbi/nghttp2-server.c:435)
04/06 21:52:46.395: [app] INFO: BSF initialize...done (../src/bsf/app.c:31)
04/06 21:52:46.397: [sbi] INFO: [b6205fe0-1320-41f0-8674-b9a8ff510f76] NF registered [Heartbeat:10s] (../lib/sbi/nf-sm.c:208)
04/06 21:52:46.398: [sbi] INFO: NF EndPoint(addr) setup [172.22.0.12:7777] (../lib/sbi/nnrf-handler.c:949)
04/06 21:52:46.398: [sbi] INFO: [b620ea78-1320-41f0-98f5-dfc818e12042] Subscription created until 2025-04-07T21:52:46.397839+02:00 [duration:86400000000,validity:86400.000000,patch:43200.000000] (../lib/sbi/nnrf-handler.c:868)
04/06 22:28:09.367: [sbi] ERROR: [b6205fe0-1320-41f0-8674-b9a8ff510f76] No heartbeat [type:BSF] (../lib/sbi/nf-sm.c:297)
04/06 22:28:09.370: [sbi] INFO: [b6205fe0-1320-41f0-8674-b9a8ff510f76] NF de-registered (../lib/sbi/nf-sm.c:235)
04/06 22:28:10.265: [sbi] ERROR: [b6205fe0-1320-41f0-8674-b9a8ff510f76] HTTP Response Status Code [204] (../lib/sbi/nf-sm.c:145)
04/06 22:28:12.270: [sbi] WARNING: [b6205fe0-1320-41f0-8674-b9a8ff510f76] Retry registration with NRF (../lib/sbi/nf-sm.c:395)
04/06 22:28:12.335: [sbi] INFO: [b6205fe0-1320-41f0-8674-b9a8ff510f76] NF registered [Heartbeat:10s] (../lib/sbi/nf-sm.c:208)
04/06 22:28:12.428: [sbi] INFO: NF EndPoint(addr) setup [172.22.0.12:7777] (../lib/sbi/nnrf-handler.c:949)
04/06 22:28:12.431: [sbi] INFO: [a94cd7e4-1325-41f0-98f5-dfc818e12042] Subscription created until 2025-04-07T22:28:12.361132+02:00 [duration:86400000000,validity:86400.000000,patch:43200.000000] (../lib/sbi/nnrf-handler.c:868)
Open5GS daemon v2.7.2-131-g04ec945

04/06 22:48:26.681: [app] INFO: Configuration: '/open5gs/install/etc/open5gs/bsf.yaml' (../lib/app/ogs-init.c:144)
04/06 22:48:26.682: [app] INFO: File Logging: '/open5gs/install/var/log/open5gs/bsf.log' (../lib/app/ogs-init.c:147)
04/06 22:48:26.723: [sbi] INFO: NF EndPoint(addr) setup [172.22.0.12:7777] (../lib/sbi/context.c:457)
04/06 22:48:26.740: [sbi] INFO: NF EndPoint(addr) setup [172.22.0.35:7777] (../lib/sbi/context.c:505)
04/06 22:48:26.741: [sbi] INFO: NF Service [nbsf-management] (../lib/sbi/context.c:1970)
04/06 22:48:26.770: [sbi] INFO: nghttp2_server() [http://172.22.0.29]:7777 (../lib/sbi/nghttp2-server.c:435)
04/06 22:48:26.801: [app] INFO: BSF initialize...done (../src/bsf/app.c:31)
04/06 22:48:37.745: [sbi] WARNING: [7d1dc428-1328-41f0-84d2-a52c1c556c30] Retry registration with NRF (../lib/sbi/nf-sm.c:169)
04/06 22:48:37.768: [sbi] ERROR: Connection timer expired (../lib/sbi/client.c:645)
04/06 22:48:37.768: [sbi] WARNING: ogs_sbi_client_handler() failed [-3] (../lib/sbi/path.c:62)
04/06 22:48:48.767: [sbi] ERROR: Connection timer expired (../lib/sbi/client.c:645)
04/06 22:48:48.802: [sbi] WARNING: ogs_sbi_client_handler() failed [-3] (../lib/sbi/path.c:62)
04/06 22:48:48.803: [sbi] WARNING: [7d1dc428-1328-41f0-84d2-a52c1c556c30] Retry registration with NRF (../lib/sbi/nf-sm.c:169)
04/06 22:48:59.799: [sbi] WARNING: [7d1dc428-1328-41f0-84d2-a52c1c556c30] Retry registration with NRF (../lib/sbi/nf-sm.c:169)
04/06 22:48:59.802: [sbi] ERROR: Connection timer expired (../lib/sbi/client.c:645)
04/06 22:48:59.803: [sbi] WARNING: ogs_sbi_client_handler() failed [-3] (../lib/sbi/path.c:62)
04/06 22:49:10.802: [sbi] WARNING: [7d1dc428-1328-41f0-84d2-a52c1c556c30] Retry registration with NRF (../lib/sbi/nf-sm.c:169)
04/06 22:49:10.806: [sbi] ERROR: Connection timer expired (../lib/sbi/client.c:645)
04/06 22:49:10.807: [sbi] WARNING: ogs_sbi_client_handler() failed [-3] (../lib/sbi/path.c:62)
04/06 22:49:21.867: [sbi] ERROR: Connection timer expired (../lib/sbi/client.c:645)
04/06 22:49:21.867: [sbi] WARNING: ogs_sbi_client_handler() failed [-3] (../lib/sbi/path.c:62)
04/06 22:49:21.868: [sbi] WARNING: [7d1dc428-1328-41f0-84d2-a52c1c556c30] Retry registration with NRF (../lib/sbi/nf-sm.c:169)
04/06 22:49:32.874: [sbi] WARNING: [7d1dc428-1328-41f0-84d2-a52c1c556c30] Retry registration with NRF (../lib/sbi/nf-sm.c:169)
04/06 22:49:32.901: [sbi] ERROR: Connection timer expired (../lib/sbi/client.c:645)
04/06 22:49:32.901: [sbi] WARNING: ogs_sbi_client_handler() failed [-3] (../lib/sbi/path.c:62)
04/06 22:49:43.875: [sbi] WARNING: [7d1dc428-1328-41f0-84d2-a52c1c556c30] Retry registration with NRF (../lib/sbi/nf-sm.c:169)
04/06 22:49:43.901: [sbi] ERROR: Connection timer expired (../lib/sbi/client.c:645)
04/06 22:49:43.901: [sbi] WARNING: ogs_sbi_client_handler() failed [-3] (../lib/sbi/path.c:62)
04/06 22:49:54.851: [sbi] ERROR: Connection timer expired (../lib/sbi/client.c:645)
04/06 22:49:55.079: [sbi] WARNING: ogs_sbi_client_handler() failed [-3] (../lib/sbi/path.c:62)
04/06 22:49:55.234: [sbi] WARNING: [7d1dc428-1328-41f0-84d2-a52c1c556c30] Retry registration with NRF (../lib/sbi/nf-sm.c:169)
04/06 22:50:06.235: [sbi] WARNING: [7d1dc428-1328-41f0-84d2-a52c1c556c30] Retry registration with NRF (../lib/sbi/nf-sm.c:169)
04/06 22:50:06.246: [sbi] ERROR: Connection timer expired (../lib/sbi/client.c:645)
04/06 22:50:06.246: [sbi] WARNING: ogs_sbi_client_handler() failed [-3] (../lib/sbi/path.c:62)
04/06 22:50:17.249: [sbi] ERROR: Connection timer expired (../lib/sbi/client.c:645)
04/06 22:50:17.252: [sbi] WARNING: ogs_sbi_client_handler() failed [-3] (../lib/sbi/path.c:62)
04/06 22:50:17.260: [sbi] WARNING: [7d1dc428-1328-41f0-84d2-a52c1c556c30] Retry registration with NRF (../lib/sbi/nf-sm.c:169)
04/06 22:50:28.300: [sbi] WARNING: [7d1dc428-1328-41f0-84d2-a52c1c556c30] Retry registration with NRF (../lib/sbi/nf-sm.c:169)
04/06 22:50:28.308: [sbi] ERROR: Connection timer expired (../lib/sbi/client.c:645)
04/06 22:50:28.312: [sbi] WARNING: ogs_sbi_client_handler() failed [-3] (../lib/sbi/path.c:62)
04/06 22:50:39.310: [sbi] WARNING: [7d1dc428-1328-41f0-84d2-a52c1c556c30] Retry registration with NRF (../lib/sbi/nf-sm.c:169)
04/06 22:50:39.311: [sbi] ERROR: Connection timer expired (../lib/sbi/client.c:645)
04/06 22:50:39.327: [sbi] WARNING: ogs_sbi_client_handler() failed [-3] (../lib/sbi/path.c:62)
04/06 22:50:50.311: [sbi] WARNING: [7d1dc428-1328-41f0-84d2-a52c1c556c30] Retry registration with NRF (../lib/sbi/nf-sm.c:169)
04/06 22:50:50.315: [sbi] ERROR: Connection timer expired (../lib/sbi/client.c:645)
04/06 22:50:50.316: [sbi] WARNING: ogs_sbi_client_handler() failed [-3] (../lib/sbi/path.c:62)
04/06 22:51:01.319: [sbi] ERROR: Connection timer expired (../lib/sbi/client.c:645)
04/06 22:51:01.319: [sbi] WARNING: ogs_sbi_client_handler() failed [-3] (../lib/sbi/path.c:62)
04/06 22:51:01.320: [sbi] WARNING: [7d1dc428-1328-41f0-84d2-a52c1c556c30] Retry registration with NRF (../lib/sbi/nf-sm.c:169)
04/06 22:51:12.321: [sbi] WARNING: [7d1dc428-1328-41f0-84d2-a52c1c556c30] Retry registration with NRF (../lib/sbi/nf-sm.c:169)
04/06 22:51:12.328: [sbi] ERROR: Connection timer expired (../lib/sbi/client.c:645)
04/06 22:51:12.335: [sbi] WARNING: ogs_sbi_client_handler() failed [-3] (../lib/sbi/path.c:62)
04/06 22:51:23.324: [sbi] WARNING: [7d1dc428-1328-41f0-84d2-a52c1c556c30] Retry registration with NRF (../lib/sbi/nf-sm.c:169)
04/06 22:51:23.325: [sbi] ERROR: Connection timer expired (../lib/sbi/client.c:645)
04/06 22:51:23.325: [sbi] WARNING: ogs_sbi_client_handler() failed [-3] (../lib/sbi/path.c:62)
04/06 22:51:34.330: [sbi] ERROR: Connection timer expired (../lib/sbi/client.c:645)
04/06 22:51:34.331: [sbi] WARNING: ogs_sbi_client_handler() failed [-3] (../lib/sbi/path.c:62)
04/06 22:51:34.331: [sbi] WARNING: [7d1dc428-1328-41f0-84d2-a52c1c556c30] Retry registration with NRF (../lib/sbi/nf-sm.c:169)
04/06 22:51:45.332: [sbi] ERROR: Connection timer expired (../lib/sbi/client.c:645)
04/06 22:51:45.333: [sbi] WARNING: ogs_sbi_client_handler() failed [-3] (../lib/sbi/path.c:62)
04/06 22:51:45.333: [sbi] WARNING: [7d1dc428-1328-41f0-84d2-a52c1c556c30] Retry registration with NRF (../lib/sbi/nf-sm.c:169)
04/06 22:51:56.336: [sbi] ERROR: Connection timer expired (../lib/sbi/client.c:645)
04/06 22:51:56.337: [sbi] WARNING: ogs_sbi_client_handler() failed [-3] (../lib/sbi/path.c:62)
04/06 22:51:56.343: [sbi] WARNING: [7d1dc428-1328-41f0-84d2-a52c1c556c30] Retry registration with NRF (../lib/sbi/nf-sm.c:169)
04/06 22:52:07.350: [sbi] ERROR: Connection timer expired (../lib/sbi/client.c:645)
04/06 22:52:07.353: [sbi] WARNING: ogs_sbi_client_handler() failed [-3] (../lib/sbi/path.c:62)
04/06 22:52:07.354: [sbi] WARNING: [7d1dc428-1328-41f0-84d2-a52c1c556c30] Retry registration with NRF (../lib/sbi/nf-sm.c:169)
04/06 22:52:18.355: [sbi] ERROR: Connection timer expired (../lib/sbi/client.c:645)
04/06 22:52:18.356: [sbi] WARNING: ogs_sbi_client_handler() failed [-3] (../lib/sbi/path.c:62)
04/06 22:52:18.356: [sbi] WARNING: [7d1dc428-1328-41f0-84d2-a52c1c556c30] Retry registration with NRF (../lib/sbi/nf-sm.c:169)
04/06 22:52:29.390: [sbi] ERROR: Connection timer expired (../lib/sbi/client.c:645)
04/06 22:52:29.404: [sbi] WARNING: ogs_sbi_client_handler() failed [-3] (../lib/sbi/path.c:62)
04/06 22:52:29.416: [sbi] WARNING: [7d1dc428-1328-41f0-84d2-a52c1c556c30] Retry registration with NRF (../lib/sbi/nf-sm.c:169)
04/06 22:52:40.420: [sbi] WARNING: [7d1dc428-1328-41f0-84d2-a52c1c556c30] Retry registration with NRF (../lib/sbi/nf-sm.c:169)
04/06 22:52:40.435: [sbi] ERROR: Connection timer expired (../lib/sbi/client.c:645)
04/06 22:52:40.439: [sbi] WARNING: ogs_sbi_client_handler() failed [-3] (../lib/sbi/path.c:62)
04/06 22:52:51.421: [sbi] WARNING: [7d1dc428-1328-41f0-84d2-a52c1c556c30] Retry registration with NRF (../lib/sbi/nf-sm.c:169)
04/06 22:52:51.422: [sbi] ERROR: Connection timer expired (../lib/sbi/client.c:645)
04/06 22:52:51.424: [sbi] WARNING: ogs_sbi_client_handler() failed [-3] (../lib/sbi/path.c:62)
04/06 22:53:02.425: [sbi] ERROR: Connection timer expired (../lib/sbi/client.c:645)
04/06 22:53:02.426: [sbi] WARNING: ogs_sbi_client_handler() failed [-3] (../lib/sbi/path.c:62)
04/06 22:53:02.429: [sbi] WARNING: [7d1dc428-1328-41f0-84d2-a52c1c556c30] Retry registration with NRF (../lib/sbi/nf-sm.c:169)
04/06 22:53:13.430: [sbi] WARNING: [7d1dc428-1328-41f0-84d2-a52c1c556c30] Retry registration with NRF (../lib/sbi/nf-sm.c:169)
04/06 22:53:13.438: [sbi] ERROR: Connection timer expired (../lib/sbi/client.c:645)
04/06 22:53:13.438: [sbi] WARNING: ogs_sbi_client_handler() failed [-3] (../lib/sbi/path.c:62)
04/06 22:53:24.439: [sbi] ERROR: Connection timer expired (../lib/sbi/client.c:645)
04/06 22:53:24.440: [sbi] WARNING: ogs_sbi_client_handler() failed [-3] (../lib/sbi/path.c:62)
04/06 22:53:24.441: [sbi] WARNING: [7d1dc428-1328-41f0-84d2-a52c1c556c30] Retry registration with NRF (../lib/sbi/nf-sm.c:169)
04/06 22:53:35.442: [sbi] WARNING: [7d1dc428-1328-41f0-84d2-a52c1c556c30] Retry registration with NRF (../lib/sbi/nf-sm.c:169)
04/06 22:53:35.444: [sbi] ERROR: Connection timer expired (../lib/sbi/client.c:645)
04/06 22:53:35.447: [sbi] WARNING: ogs_sbi_client_handler() failed [-3] (../lib/sbi/path.c:62)
04/06 22:53:46.443: [sbi] WARNING: [7d1dc428-1328-41f0-84d2-a52c1c556c30] Retry registration with NRF (../lib/sbi/nf-sm.c:169)
04/06 22:53:46.444: [sbi] ERROR: Connection timer expired (../lib/sbi/client.c:645)
04/06 22:53:46.445: [sbi] WARNING: ogs_sbi_client_handler() failed [-3] (../lib/sbi/path.c:62)
04/06 22:53:57.447: [sbi] WARNING: [7d1dc428-1328-41f0-84d2-a52c1c556c30] Retry registration with NRF (../lib/sbi/nf-sm.c:169)
04/06 22:53:57.451: [sbi] ERROR: Connection timer expired (../lib/sbi/client.c:645)
04/06 22:53:57.451: [sbi] WARNING: ogs_sbi_client_handler() failed [-3] (../lib/sbi/path.c:62)
04/06 22:54:08.450: [sbi] WARNING: [7d1dc428-1328-41f0-84d2-a52c1c556c30] Retry registration with NRF (../lib/sbi/nf-sm.c:169)
04/06 22:54:08.450: [sbi] ERROR: Connection timer expired (../lib/sbi/client.c:645)
04/06 22:54:08.451: [sbi] WARNING: ogs_sbi_client_handler() failed [-3] (../lib/sbi/path.c:62)
04/06 22:54:19.466: [sbi] ERROR: Connection timer expired (../lib/sbi/client.c:645)
04/06 22:54:19.469: [sbi] WARNING: ogs_sbi_client_handler() failed [-3] (../lib/sbi/path.c:62)
04/06 22:54:19.471: [sbi] WARNING: [7d1dc428-1328-41f0-84d2-a52c1c556c30] Retry registration with NRF (../lib/sbi/nf-sm.c:169)
04/06 22:54:30.476: [sbi] WARNING: [7d1dc428-1328-41f0-84d2-a52c1c556c30] Retry registration with NRF (../lib/sbi/nf-sm.c:169)
04/06 22:54:30.483: [sbi] ERROR: Connection timer expired (../lib/sbi/client.c:645)
04/06 22:54:30.484: [sbi] WARNING: ogs_sbi_client_handler() failed [-3] (../lib/sbi/path.c:62)
04/06 22:54:41.477: [sbi] WARNING: [7d1dc428-1328-41f0-84d2-a52c1c556c30] Retry registration with NRF (../lib/sbi/nf-sm.c:169)
04/06 22:54:41.483: [sbi] ERROR: Connection timer expired (../lib/sbi/client.c:645)
04/06 22:54:41.485: [sbi] WARNING: ogs_sbi_client_handler() failed [-3] (../lib/sbi/path.c:62)
04/06 22:54:52.483: [sbi] ERROR: Connection timer expired (../lib/sbi/client.c:645)
04/06 22:54:52.487: [sbi] WARNING: ogs_sbi_client_handler() failed [-3] (../lib/sbi/path.c:62)
04/06 22:54:52.487: [sbi] WARNING: [7d1dc428-1328-41f0-84d2-a52c1c556c30] Retry registration with NRF (../lib/sbi/nf-sm.c:169)
04/06 22:55:03.488: [sbi] WARNING: [7d1dc428-1328-41f0-84d2-a52c1c556c30] Retry registration with NRF (../lib/sbi/nf-sm.c:169)
04/06 22:55:03.489: [sbi] ERROR: Connection timer expired (../lib/sbi/client.c:645)
04/06 22:55:03.489: [sbi] WARNING: ogs_sbi_client_handler() failed [-3] (../lib/sbi/path.c:62)
04/06 22:55:14.494: [sbi] ERROR: Connection timer expired (../lib/sbi/client.c:645)
04/06 22:55:14.495: [sbi] WARNING: ogs_sbi_client_handler() failed [-3] (../lib/sbi/path.c:62)
04/06 22:55:14.495: [sbi] WARNING: [7d1dc428-1328-41f0-84d2-a52c1c556c30] Retry registration with NRF (../lib/sbi/nf-sm.c:169)
04/06 22:55:25.494: [sbi] WARNING: [7d1dc428-1328-41f0-84d2-a52c1c556c30] Retry registration with NRF (../lib/sbi/nf-sm.c:169)
04/06 22:55:25.495: [sbi] ERROR: Connection timer expired (../lib/sbi/client.c:645)
04/06 22:55:25.496: [sbi] WARNING: ogs_sbi_client_handler() failed [-3] (../lib/sbi/path.c:62)
04/06 22:55:36.495: [sbi] WARNING: [7d1dc428-1328-41f0-84d2-a52c1c556c30] Retry registration with NRF (../lib/sbi/nf-sm.c:169)
04/06 22:55:36.496: [sbi] ERROR: Connection timer expired (../lib/sbi/client.c:645)
04/06 22:55:36.496: [sbi] WARNING: ogs_sbi_client_handler() failed [-3] (../lib/sbi/path.c:62)
04/06 22:55:47.497: [sbi] ERROR: Connection timer expired (../lib/sbi/client.c:645)
04/06 22:55:47.506: [sbi] WARNING: ogs_sbi_client_handler() failed [-3] (../lib/sbi/path.c:62)
04/06 22:55:47.516: [sbi] WARNING: [7d1dc428-1328-41f0-84d2-a52c1c556c30] Retry registration with NRF (../lib/sbi/nf-sm.c:169)
04/06 22:55:58.523: [sbi] ERROR: Connection timer expired (../lib/sbi/client.c:645)
04/06 22:55:58.526: [sbi] WARNING: ogs_sbi_client_handler() failed [-3] (../lib/sbi/path.c:62)
04/06 22:55:58.527: [sbi] WARNING: [7d1dc428-1328-41f0-84d2-a52c1c556c30] Retry registration with NRF (../lib/sbi/nf-sm.c:169)
04/06 22:56:09.529: [sbi] WARNING: [7d1dc428-1328-41f0-84d2-a52c1c556c30] Retry registration with NRF (../lib/sbi/nf-sm.c:169)
04/06 22:56:09.539: [sbi] ERROR: Connection timer expired (../lib/sbi/client.c:645)
04/06 22:56:09.540: [sbi] WARNING: ogs_sbi_client_handler() failed [-3] (../lib/sbi/path.c:62)
04/06 22:56:20.541: [sbi] ERROR: Connection timer expired (../lib/sbi/client.c:645)
04/06 22:56:20.542: [sbi] WARNING: ogs_sbi_client_handler() failed [-3] (../lib/sbi/path.c:62)
04/06 22:56:20.558: [sbi] WARNING: [7d1dc428-1328-41f0-84d2-a52c1c556c30] Retry registration with NRF (../lib/sbi/nf-sm.c:169)
04/06 22:56:31.552: [sbi] WARNING: [7d1dc428-1328-41f0-84d2-a52c1c556c30] Retry registration with NRF (../lib/sbi/nf-sm.c:169)
04/06 22:56:31.575: [sbi] ERROR: Connection timer expired (../lib/sbi/client.c:645)
04/06 22:56:31.576: [sbi] WARNING: ogs_sbi_client_handler() failed [-3] (../lib/sbi/path.c:62)
04/06 22:56:42.567: [sbi] WARNING: [7d1dc428-1328-41f0-84d2-a52c1c556c30] Retry registration with NRF (../lib/sbi/nf-sm.c:169)
04/06 22:56:42.570: [sbi] ERROR: Connection timer expired (../lib/sbi/client.c:645)
04/06 22:56:42.625: [sbi] WARNING: ogs_sbi_client_handler() failed [-3] (../lib/sbi/path.c:62)
04/06 22:56:53.569: [sbi] WARNING: [7d1dc428-1328-41f0-84d2-a52c1c556c30] Retry registration with NRF (../lib/sbi/nf-sm.c:169)
04/06 22:56:53.571: [sbi] ERROR: Connection timer expired (../lib/sbi/client.c:645)
04/06 22:56:53.571: [sbi] WARNING: ogs_sbi_client_handler() failed [-3] (../lib/sbi/path.c:62)
04/06 22:57:04.575: [sbi] WARNING: [7d1dc428-1328-41f0-84d2-a52c1c556c30] Retry registration with NRF (../lib/sbi/nf-sm.c:169)
04/06 22:57:04.579: [sbi] ERROR: Connection timer expired (../lib/sbi/client.c:645)
04/06 22:57:04.587: [sbi] WARNING: ogs_sbi_client_handler() failed [-3] (../lib/sbi/path.c:62)
04/06 22:57:15.578: [sbi] WARNING: [7d1dc428-1328-41f0-84d2-a52c1c556c30] Retry registration with NRF (../lib/sbi/nf-sm.c:169)
04/06 22:57:15.590: [sbi] ERROR: Connection timer expired (../lib/sbi/client.c:645)
04/06 22:57:15.593: [sbi] WARNING: ogs_sbi_client_handler() failed [-3] (../lib/sbi/path.c:62)
04/06 22:57:26.594: [sbi] WARNING: [7d1dc428-1328-41f0-84d2-a52c1c556c30] Retry registration with NRF (../lib/sbi/nf-sm.c:169)
04/06 22:57:26.597: [sbi] ERROR: Connection timer expired (../lib/sbi/client.c:645)
04/06 22:57:26.597: [sbi] WARNING: ogs_sbi_client_handler() failed [-3] (../lib/sbi/path.c:62)
04/06 22:57:37.600: [sbi] WARNING: [7d1dc428-1328-41f0-84d2-a52c1c556c30] Retry registration with NRF (../lib/sbi/nf-sm.c:169)
04/06 22:57:37.604: [sbi] ERROR: Connection timer expired (../lib/sbi/client.c:645)
04/06 22:57:37.604: [sbi] WARNING: ogs_sbi_client_handler() failed [-3] (../lib/sbi/path.c:62)
04/06 22:57:48.604: [sbi] ERROR: Connection timer expired (../lib/sbi/client.c:645)
04/06 22:57:48.605: [sbi] WARNING: ogs_sbi_client_handler() failed [-3] (../lib/sbi/path.c:62)
04/06 22:57:48.607: [sbi] WARNING: [7d1dc428-1328-41f0-84d2-a52c1c556c30] Retry registration with NRF (../lib/sbi/nf-sm.c:169)
04/06 22:57:59.607: [sbi] WARNING: [7d1dc428-1328-41f0-84d2-a52c1c556c30] Retry registration with NRF (../lib/sbi/nf-sm.c:169)
04/06 22:57:59.611: [sbi] ERROR: Connection timer expired (../lib/sbi/client.c:645)
04/06 22:57:59.611: [sbi] WARNING: ogs_sbi_client_handler() failed [-3] (../lib/sbi/path.c:62)
04/06 22:58:10.609: [sbi] WARNING: [7d1dc428-1328-41f0-84d2-a52c1c556c30] Retry registration with NRF (../lib/sbi/nf-sm.c:169)
04/06 22:58:10.622: [sbi] ERROR: Connection timer expired (../lib/sbi/client.c:645)
04/06 22:58:10.625: [sbi] WARNING: ogs_sbi_client_handler() failed [-3] (../lib/sbi/path.c:62)
04/06 22:58:21.628: [sbi] WARNING: [7d1dc428-1328-41f0-84d2-a52c1c556c30] Retry registration with NRF (../lib/sbi/nf-sm.c:169)
04/06 22:58:21.633: [sbi] ERROR: Connection timer expired (../lib/sbi/client.c:645)
04/06 22:58:21.640: [sbi] WARNING: ogs_sbi_client_handler() failed [-3] (../lib/sbi/path.c:62)
04/06 22:58:32.619: [sbi] WARNING: [7d1dc428-1328-41f0-84d2-a52c1c556c30] Retry registration with NRF (../lib/sbi/nf-sm.c:169)
04/06 22:58:32.621: [sbi] ERROR: Connection timer expired (../lib/sbi/client.c:645)
04/06 22:58:32.628: [sbi] WARNING: ogs_sbi_client_handler() failed [-3] (../lib/sbi/path.c:62)
04/06 22:58:43.620: [sbi] WARNING: [7d1dc428-1328-41f0-84d2-a52c1c556c30] Retry registration with NRF (../lib/sbi/nf-sm.c:169)
04/06 22:58:43.623: [sbi] ERROR: Connection timer expired (../lib/sbi/client.c:645)
04/06 22:58:43.624: [sbi] WARNING: ogs_sbi_client_handler() failed [-3] (../lib/sbi/path.c:62)
04/06 22:58:54.640: [sbi] ERROR: Connection timer expired (../lib/sbi/client.c:645)
04/06 22:58:54.641: [sbi] WARNING: ogs_sbi_client_handler() failed [-3] (../lib/sbi/path.c:62)
04/06 22:58:54.644: [sbi] WARNING: [7d1dc428-1328-41f0-84d2-a52c1c556c30] Retry registration with NRF (../lib/sbi/nf-sm.c:169)
04/06 22:59:05.644: [sbi] WARNING: [7d1dc428-1328-41f0-84d2-a52c1c556c30] Retry registration with NRF (../lib/sbi/nf-sm.c:169)
04/06 22:59:05.646: [sbi] ERROR: Connection timer expired (../lib/sbi/client.c:645)
04/06 22:59:05.647: [sbi] WARNING: ogs_sbi_client_handler() failed [-3] (../lib/sbi/path.c:62)
04/06 22:59:16.689: [sbi] ERROR: Connection timer expired (../lib/sbi/client.c:645)
04/06 22:59:16.693: [sbi] WARNING: ogs_sbi_client_handler() failed [-3] (../lib/sbi/path.c:62)
04/06 22:59:16.693: [sbi] WARNING: [7d1dc428-1328-41f0-84d2-a52c1c556c30] Retry registration with NRF (../lib/sbi/nf-sm.c:169)
04/06 22:59:27.695: [sbi] ERROR: Connection timer expired (../lib/sbi/client.c:645)
04/06 22:59:27.697: [sbi] WARNING: ogs_sbi_client_handler() failed [-3] (../lib/sbi/path.c:62)
04/06 22:59:27.697: [sbi] WARNING: [7d1dc428-1328-41f0-84d2-a52c1c556c30] Retry registration with NRF (../lib/sbi/nf-sm.c:169)
04/06 22:59:38.698: [sbi] WARNING: [7d1dc428-1328-41f0-84d2-a52c1c556c30] Retry registration with NRF (../lib/sbi/nf-sm.c:169)
04/06 22:59:38.707: [sbi] ERROR: Connection timer expired (../lib/sbi/client.c:645)
04/06 22:59:38.711: [sbi] WARNING: ogs_sbi_client_handler() failed [-3] (../lib/sbi/path.c:62)
04/06 22:59:49.702: [sbi] WARNING: [7d1dc428-1328-41f0-84d2-a52c1c556c30] Retry registration with NRF (../lib/sbi/nf-sm.c:169)
04/06 22:59:49.704: [sbi] ERROR: Connection timer expired (../lib/sbi/client.c:645)
04/06 22:59:49.708: [sbi] WARNING: ogs_sbi_client_handler() failed [-3] (../lib/sbi/path.c:62)
04/06 23:00:00.704: [sbi] WARNING: [7d1dc428-1328-41f0-84d2-a52c1c556c30] Retry registration with NRF (../lib/sbi/nf-sm.c:169)
04/06 23:00:00.705: [sbi] ERROR: Connection timer expired (../lib/sbi/client.c:645)
04/06 23:00:00.705: [sbi] WARNING: ogs_sbi_client_handler() failed [-3] (../lib/sbi/path.c:62)
04/06 23:00:11.706: [sbi] ERROR: Connection timer expired (../lib/sbi/client.c:645)
04/06 23:00:11.707: [sbi] WARNING: ogs_sbi_client_handler() failed [-3] (../lib/sbi/path.c:62)
04/06 23:00:11.708: [sbi] WARNING: [7d1dc428-1328-41f0-84d2-a52c1c556c30] Retry registration with NRF (../lib/sbi/nf-sm.c:169)
04/06 23:00:22.710: [sbi] ERROR: Connection timer expired (../lib/sbi/client.c:645)
04/06 23:00:22.713: [sbi] WARNING: ogs_sbi_client_handler() failed [-3] (../lib/sbi/path.c:62)
04/06 23:00:22.717: [sbi] WARNING: [7d1dc428-1328-41f0-84d2-a52c1c556c30] Retry registration with NRF (../lib/sbi/nf-sm.c:169)
04/06 23:00:33.718: [sbi] WARNING: [7d1dc428-1328-41f0-84d2-a52c1c556c30] Retry registration with NRF (../lib/sbi/nf-sm.c:169)
04/06 23:00:33.720: [sbi] ERROR: Connection timer expired (../lib/sbi/client.c:645)
04/06 23:00:33.720: [sbi] WARNING: ogs_sbi_client_handler() failed [-3] (../lib/sbi/path.c:62)
04/06 23:00:44.720: [sbi] WARNING: [7d1dc428-1328-41f0-84d2-a52c1c556c30] Retry registration with NRF (../lib/sbi/nf-sm.c:169)
04/06 23:00:44.723: [sbi] ERROR: Connection timer expired (../lib/sbi/client.c:645)
04/06 23:00:44.723: [sbi] WARNING: ogs_sbi_client_handler() failed [-3] (../lib/sbi/path.c:62)
04/06 23:00:55.722: [sbi] WARNING: [7d1dc428-1328-41f0-84d2-a52c1c556c30] Retry registration with NRF (../lib/sbi/nf-sm.c:169)
04/06 23:00:55.724: [sbi] ERROR: Connection timer expired (../lib/sbi/client.c:645)
04/06 23:00:55.725: [sbi] WARNING: ogs_sbi_client_handler() failed [-3] (../lib/sbi/path.c:62)
Open5GS daemon v2.7.2-131-g04ec945

04/06 23:01:54.038: [app] INFO: Configuration: '/open5gs/install/etc/open5gs/bsf.yaml' (../lib/app/ogs-init.c:144)
04/06 23:01:54.038: [app] INFO: File Logging: '/open5gs/install/var/log/open5gs/bsf.log' (../lib/app/ogs-init.c:147)
04/06 23:01:54.065: [sbi] INFO: NF EndPoint(addr) setup [172.22.0.12:7777] (../lib/sbi/context.c:457)
04/06 23:01:54.065: [sbi] INFO: NF EndPoint(addr) setup [172.22.0.35:7777] (../lib/sbi/context.c:505)
04/06 23:01:54.066: [sbi] INFO: NF Service [nbsf-management] (../lib/sbi/context.c:1970)
04/06 23:01:54.067: [sbi] INFO: nghttp2_server() [http://172.22.0.29]:7777 (../lib/sbi/nghttp2-server.c:435)
04/06 23:01:54.068: [app] INFO: BSF initialize...done (../src/bsf/app.c:31)
04/06 23:01:54.077: [sbi] INFO: [5e5484da-132a-41f0-a0b7-03f7faced0e2] NF registered [Heartbeat:10s] (../lib/sbi/nf-sm.c:208)
04/06 23:01:54.082: [sbi] INFO: NF EndPoint(addr) setup [172.22.0.12:7777] (../lib/sbi/nnrf-handler.c:949)
04/06 23:01:54.083: [sbi] INFO: [5e57580e-132a-41f0-8dba-bd665e11b5aa] Subscription created until 2025-04-07T23:01:54.082324+02:00 [duration:86400000000,validity:86400.000000,patch:43200.000000] (../lib/sbi/nnrf-handler.c:868)
Open5GS daemon v2.7.2-131-g04ec945

04/06 23:04:31.443: [app] INFO: Configuration: '/open5gs/install/etc/open5gs/bsf.yaml' (../lib/app/ogs-init.c:144)
04/06 23:04:31.444: [app] INFO: File Logging: '/open5gs/install/var/log/open5gs/bsf.log' (../lib/app/ogs-init.c:147)
04/06 23:04:31.461: [sbi] INFO: NF EndPoint(addr) setup [172.22.0.12:7777] (../lib/sbi/context.c:457)
04/06 23:04:31.464: [sbi] INFO: NF EndPoint(addr) setup [172.22.0.35:7777] (../lib/sbi/context.c:505)
04/06 23:04:31.466: [sbi] INFO: NF Service [nbsf-management] (../lib/sbi/context.c:1970)
04/06 23:04:31.468: [sbi] INFO: nghttp2_server() [http://172.22.0.29]:7777 (../lib/sbi/nghttp2-server.c:435)
04/06 23:04:31.469: [app] INFO: BSF initialize...done (../src/bsf/app.c:31)
04/06 23:04:31.481: [sbi] INFO: [bc255364-132a-41f0-86bf-d5589923d588] NF registered [Heartbeat:10s] (../lib/sbi/nf-sm.c:208)
04/06 23:04:31.487: [sbi] INFO: NF EndPoint(addr) setup [172.22.0.12:7777] (../lib/sbi/nnrf-handler.c:949)
04/06 23:04:31.489: [sbi] INFO: [bc291cce-132a-41f0-a183-77c90c66e6a8] Subscription created until 2025-04-07T23:04:31.485302+02:00 [duration:86400000000,validity:86400.000000,patch:43200.000000] (../lib/sbi/nnrf-handler.c:868)
Open5GS daemon v2.7.2-131-g04ec945

04/07 07:44:08.533: [app] INFO: Configuration: '/open5gs/install/etc/open5gs/bsf.yaml' (../lib/app/ogs-init.c:144)
04/07 07:44:08.533: [app] INFO: File Logging: '/open5gs/install/var/log/open5gs/bsf.log' (../lib/app/ogs-init.c:147)
04/07 07:44:08.535: [sbi] INFO: NF EndPoint(addr) setup [172.22.0.12:7777] (../lib/sbi/context.c:457)
04/07 07:44:08.535: [sbi] INFO: NF EndPoint(addr) setup [172.22.0.35:7777] (../lib/sbi/context.c:505)
04/07 07:44:08.536: [sbi] INFO: NF Service [nbsf-management] (../lib/sbi/context.c:1970)
04/07 07:44:08.536: [sbi] INFO: nghttp2_server() [http://172.22.0.29]:7777 (../lib/sbi/nghttp2-server.c:435)
04/07 07:44:08.536: [app] INFO: BSF initialize...done (../src/bsf/app.c:31)
04/07 07:44:08.538: [sbi] INFO: [532175e8-1373-41f0-9031-51919b46b91b] NF registered [Heartbeat:10s] (../lib/sbi/nf-sm.c:208)
04/07 07:44:08.538: [sbi] INFO: NF EndPoint(addr) setup [172.22.0.12:7777] (../lib/sbi/nnrf-handler.c:949)
04/07 07:44:08.538: [sbi] INFO: [5321e58c-1373-41f0-a4bf-13a9b8937245] Subscription created until 2025-04-08T07:44:08.538310+02:00 [duration:86400000000,validity:86400.000000,patch:43200.000000] (../lib/sbi/nnrf-handler.c:868)
Open5GS daemon v2.7.2-131-g04ec945

04/07 12:19:52.622: [app] INFO: Configuration: '/open5gs/install/etc/open5gs/bsf.yaml' (../lib/app/ogs-init.c:144)
04/07 12:19:52.623: [app] INFO: File Logging: '/open5gs/install/var/log/open5gs/bsf.log' (../lib/app/ogs-init.c:147)
04/07 12:19:52.624: [sbi] INFO: NF EndPoint(addr) setup [172.22.0.12:7777] (../lib/sbi/context.c:457)
04/07 12:19:52.625: [sbi] INFO: NF EndPoint(addr) setup [172.22.0.35:7777] (../lib/sbi/context.c:505)
04/07 12:19:52.625: [sbi] INFO: NF Service [nbsf-management] (../lib/sbi/context.c:1970)
04/07 12:19:52.625: [sbi] INFO: nghttp2_server() [http://172.22.0.29]:7777 (../lib/sbi/nghttp2-server.c:435)
04/07 12:19:52.626: [app] INFO: BSF initialize...done (../src/bsf/app.c:31)
04/07 12:19:52.627: [sbi] INFO: [d82d205e-1399-41f0-bafd-65a6d740fba4] NF registered [Heartbeat:10s] (../lib/sbi/nf-sm.c:208)
04/07 12:19:52.628: [sbi] INFO: NF EndPoint(addr) setup [172.22.0.12:7777] (../lib/sbi/nnrf-handler.c:949)
04/07 12:19:52.628: [sbi] INFO: [d82daf74-1399-41f0-a193-775e483c7122] Subscription created until 2025-04-08T12:19:52.628273+02:00 [duration:86400000000,validity:86400.000000,patch:43200.000000] (../lib/sbi/nnrf-handler.c:868)
Open5GS daemon v2.7.2-131-g04ec945

04/07 12:25:48.956: [app] INFO: Configuration: '/open5gs/install/etc/open5gs/bsf.yaml' (../lib/app/ogs-init.c:144)
04/07 12:25:48.956: [app] INFO: File Logging: '/open5gs/install/var/log/open5gs/bsf.log' (../lib/app/ogs-init.c:147)
04/07 12:25:48.961: [sbi] INFO: NF EndPoint(addr) setup [172.22.0.12:7777] (../lib/sbi/context.c:457)
04/07 12:25:48.961: [sbi] INFO: NF EndPoint(addr) setup [172.22.0.35:7777] (../lib/sbi/context.c:505)
04/07 12:25:48.962: [sbi] INFO: NF Service [nbsf-management] (../lib/sbi/context.c:1970)
04/07 12:25:48.962: [sbi] INFO: nghttp2_server() [http://172.22.0.29]:7777 (../lib/sbi/nghttp2-server.c:435)
04/07 12:25:48.962: [app] INFO: BSF initialize...done (../src/bsf/app.c:31)
04/07 12:25:48.965: [sbi] INFO: [ac91983e-139a-41f0-bdce-c9e255432641] NF registered [Heartbeat:10s] (../lib/sbi/nf-sm.c:208)
04/07 12:25:48.966: [sbi] INFO: NF EndPoint(addr) setup [172.22.0.12:7777] (../lib/sbi/nnrf-handler.c:949)
04/07 12:25:48.966: [sbi] INFO: [ac9277ae-139a-41f0-b89b-e7402919dbe3] Subscription created until 2025-04-08T12:25:48.965813+02:00 [duration:86400000000,validity:86400.000000,patch:43200.000000] (../lib/sbi/nnrf-handler.c:868)
Open5GS daemon v2.7.2-131-g04ec945

04/07 14:10:52.236: [app] INFO: Configuration: '/open5gs/install/etc/open5gs/bsf.yaml' (../lib/app/ogs-init.c:144)
04/07 14:10:52.236: [app] INFO: File Logging: '/open5gs/install/var/log/open5gs/bsf.log' (../lib/app/ogs-init.c:147)
04/07 14:10:52.239: [sbi] INFO: NF EndPoint(addr) setup [172.22.0.12:7777] (../lib/sbi/context.c:457)
04/07 14:10:52.240: [sbi] INFO: NF EndPoint(addr) setup [172.22.0.35:7777] (../lib/sbi/context.c:505)
04/07 14:10:52.240: [sbi] INFO: NF Service [nbsf-management] (../lib/sbi/context.c:1970)
04/07 14:10:52.240: [sbi] INFO: nghttp2_server() [http://172.22.0.29]:7777 (../lib/sbi/nghttp2-server.c:435)
04/07 14:10:52.240: [app] INFO: BSF initialize...done (../src/bsf/app.c:31)
04/07 14:10:52.242: [sbi] INFO: [599db568-13a9-41f0-a154-ddff39278fad] NF registered [Heartbeat:10s] (../lib/sbi/nf-sm.c:208)
04/07 14:10:52.243: [sbi] INFO: NF EndPoint(addr) setup [172.22.0.12:7777] (../lib/sbi/nnrf-handler.c:949)
04/07 14:10:52.243: [sbi] INFO: [599e4046-13a9-41f0-b90a-1b88423ee067] Subscription created until 2025-04-08T14:10:52.243033+02:00 [duration:86400000000,validity:86400.000000,patch:43200.000000] (../lib/sbi/nnrf-handler.c:868)
Open5GS daemon v2.7.2-131-g04ec945

04/08 11:25:32.791: [app] INFO: Configuration: '/open5gs/install/etc/open5gs/bsf.yaml' (../lib/app/ogs-init.c:144)
04/08 11:25:32.791: [app] INFO: File Logging: '/open5gs/install/var/log/open5gs/bsf.log' (../lib/app/ogs-init.c:147)
04/08 11:25:32.793: [sbi] INFO: NF EndPoint(addr) setup [172.22.0.12:7777] (../lib/sbi/context.c:457)
04/08 11:25:32.793: [sbi] INFO: NF EndPoint(addr) setup [172.22.0.35:7777] (../lib/sbi/context.c:505)
04/08 11:25:32.793: [sbi] INFO: NF Service [nbsf-management] (../lib/sbi/context.c:1970)
04/08 11:25:32.793: [sbi] INFO: nghttp2_server() [http://172.22.0.29]:7777 (../lib/sbi/nghttp2-server.c:435)
04/08 11:25:32.793: [app] INFO: BSF initialize...done (../src/bsf/app.c:31)
04/08 11:25:32.795: [sbi] INFO: [6b940a26-145b-41f0-9812-2f844bcd14d8] NF registered [Heartbeat:10s] (../lib/sbi/nf-sm.c:208)
04/08 11:25:32.797: [sbi] INFO: NF EndPoint(addr) setup [172.22.0.12:7777] (../lib/sbi/nnrf-handler.c:949)
04/08 11:25:32.797: [sbi] INFO: [6b94952c-145b-41f0-b4f8-a51318a62094] Subscription created until 2025-04-09T11:25:32.796591+02:00 [duration:86400000000,validity:86400.000000,patch:43200.000000] (../lib/sbi/nnrf-handler.c:868)
Open5GS daemon v2.7.2-131-g04ec945

04/09 12:16:48.942: [app] INFO: Configuration: '/open5gs/install/etc/open5gs/bsf.yaml' (../lib/app/ogs-init.c:144)
04/09 12:16:48.942: [app] INFO: File Logging: '/open5gs/install/var/log/open5gs/bsf.log' (../lib/app/ogs-init.c:147)
04/09 12:16:48.944: [sbi] INFO: NF EndPoint(addr) setup [172.22.0.12:7777] (../lib/sbi/context.c:457)
04/09 12:16:48.944: [sbi] INFO: NF EndPoint(addr) setup [172.22.0.35:7777] (../lib/sbi/context.c:505)
04/09 12:16:48.944: [sbi] INFO: NF Service [nbsf-management] (../lib/sbi/context.c:1970)
04/09 12:16:48.944: [sbi] INFO: nghttp2_server() [http://172.22.0.29]:7777 (../lib/sbi/nghttp2-server.c:435)
04/09 12:16:48.944: [app] INFO: BSF initialize...done (../src/bsf/app.c:31)
04/09 12:16:48.946: [sbi] INFO: [bf8524d2-152b-41f0-b18d-516bf059ae08] NF registered [Heartbeat:10s] (../lib/sbi/nf-sm.c:208)
04/09 12:16:48.947: [sbi] INFO: NF EndPoint(addr) setup [172.22.0.12:7777] (../lib/sbi/nnrf-handler.c:949)
04/09 12:16:48.947: [sbi] INFO: [bf85a128-152b-41f0-aefd-b70789856244] Subscription created until 2025-04-10T12:16:48.946939+02:00 [duration:86400000000,validity:86400.000000,patch:43200.000000] (../lib/sbi/nnrf-handler.c:868)
Open5GS daemon v2.7.2-131-g04ec945

04/09 19:26:49.322: [app] INFO: Configuration: '/open5gs/install/etc/open5gs/bsf.yaml' (../lib/app/ogs-init.c:144)
04/09 19:26:49.323: [app] INFO: File Logging: '/open5gs/install/var/log/open5gs/bsf.log' (../lib/app/ogs-init.c:147)
04/09 19:26:49.326: [sbi] INFO: NF EndPoint(addr) setup [172.22.0.12:7777] (../lib/sbi/context.c:457)
04/09 19:26:49.327: [sbi] INFO: NF EndPoint(addr) setup [172.22.0.35:7777] (../lib/sbi/context.c:505)
04/09 19:26:49.327: [sbi] INFO: NF Service [nbsf-management] (../lib/sbi/context.c:1970)
04/09 19:26:49.327: [sbi] INFO: nghttp2_server() [http://172.22.0.29]:7777 (../lib/sbi/nghttp2-server.c:435)
04/09 19:26:49.328: [app] INFO: BSF initialize...done (../src/bsf/app.c:31)
04/09 19:26:49.330: [sbi] INFO: [d1bf1d92-1567-41f0-83fb-fbb898fe068d] NF registered [Heartbeat:10s] (../lib/sbi/nf-sm.c:208)
04/09 19:26:49.331: [sbi] INFO: NF EndPoint(addr) setup [172.22.0.12:7777] (../lib/sbi/nnrf-handler.c:949)
04/09 19:26:49.331: [sbi] INFO: [d1bfdbf6-1567-41f0-a474-b7310ca75f0d] Subscription created until 2025-04-10T19:26:49.331313+02:00 [duration:86400000000,validity:86400.000000,patch:43200.000000] (../lib/sbi/nnrf-handler.c:868)
Open5GS daemon v2.7.2-131-g04ec945

04/09 23:16:34.368: [app] INFO: Configuration: '/open5gs/install/etc/open5gs/bsf.yaml' (../lib/app/ogs-init.c:144)
04/09 23:16:34.368: [app] INFO: File Logging: '/open5gs/install/var/log/open5gs/bsf.log' (../lib/app/ogs-init.c:147)
04/09 23:16:34.371: [sbi] INFO: NF EndPoint(addr) setup [172.22.0.12:7777] (../lib/sbi/context.c:457)
04/09 23:16:34.371: [sbi] INFO: NF EndPoint(addr) setup [172.22.0.35:7777] (../lib/sbi/context.c:505)
04/09 23:16:34.371: [sbi] INFO: NF Service [nbsf-management] (../lib/sbi/context.c:1970)
04/09 23:16:34.371: [sbi] INFO: nghttp2_server() [http://172.22.0.29]:7777 (../lib/sbi/nghttp2-server.c:435)
04/09 23:16:34.371: [app] INFO: BSF initialize...done (../src/bsf/app.c:31)
04/09 23:16:34.373: [sbi] INFO: [ea45f2e4-1587-41f0-b07e-c5c00473b9d7] NF registered [Heartbeat:10s] (../lib/sbi/nf-sm.c:208)
04/09 23:16:34.374: [sbi] INFO: NF EndPoint(addr) setup [172.22.0.12:7777] (../lib/sbi/nnrf-handler.c:949)
04/09 23:16:34.374: [sbi] INFO: [ea466b2a-1587-41f0-bf0f-0f3509e3a774] Subscription created until 2025-04-10T23:16:34.373794+02:00 [duration:86400000000,validity:86400.000000,patch:43200.000000] (../lib/sbi/nnrf-handler.c:868)
Open5GS daemon v2.7.2-131-g04ec945

04/10 11:35:38.371: [app] INFO: Configuration: '/open5gs/install/etc/open5gs/bsf.yaml' (../lib/app/ogs-init.c:144)
04/10 11:35:38.371: [app] INFO: File Logging: '/open5gs/install/var/log/open5gs/bsf.log' (../lib/app/ogs-init.c:147)
04/10 11:35:38.374: [sbi] INFO: NF EndPoint(addr) setup [172.22.0.12:7777] (../lib/sbi/context.c:457)
04/10 11:35:38.374: [sbi] INFO: NF EndPoint(addr) setup [172.22.0.35:7777] (../lib/sbi/context.c:505)
04/10 11:35:38.374: [sbi] INFO: NF Service [nbsf-management] (../lib/sbi/context.c:1970)
04/10 11:35:38.374: [sbi] INFO: nghttp2_server() [http://172.22.0.29]:7777 (../lib/sbi/nghttp2-server.c:435)
04/10 11:35:38.374: [app] INFO: BSF initialize...done (../src/bsf/app.c:31)
04/10 11:35:38.376: [sbi] INFO: [295bd022-15ef-41f0-9e95-9d776abcae22] NF registered [Heartbeat:10s] (../lib/sbi/nf-sm.c:208)
04/10 11:35:38.376: [sbi] INFO: NF EndPoint(addr) setup [172.22.0.12:7777] (../lib/sbi/nnrf-handler.c:949)
04/10 11:35:38.377: [sbi] INFO: [295c4624-15ef-41f0-9894-cbb868c8ab53] Subscription created until 2025-04-11T11:35:38.376645+02:00 [duration:86400000000,validity:86400.000000,patch:43200.000000] (../lib/sbi/nnrf-handler.c:868)
04/11 01:44:30.680: [bsf] INFO: [295c4624-15ef-41f0-9894-cbb868c8ab53] Need to update Subscription (../src/bsf/bsf-sm.c:386)
04/11 01:44:30.682: [sbi] INFO: [295c4624-15ef-41f0-9894-cbb868c8ab53] Subscription updated(204 No Content) until 2025-04-12T01:44:30.682234+02:00 [duration:86400000000,validity:86400.000000,patch:43200.000000] (../lib/sbi/nnrf-handler.c:868)
Open5GS daemon v2.7.2-131-g04ec945

04/11 09:27:30.363: [app] INFO: Configuration: '/open5gs/install/etc/open5gs/bsf.yaml' (../lib/app/ogs-init.c:144)
04/11 09:27:30.363: [app] INFO: File Logging: '/open5gs/install/var/log/open5gs/bsf.log' (../lib/app/ogs-init.c:147)
04/11 09:27:30.366: [sbi] INFO: NF EndPoint(addr) setup [172.22.0.12:7777] (../lib/sbi/context.c:457)
04/11 09:27:30.366: [sbi] INFO: NF EndPoint(addr) setup [172.22.0.35:7777] (../lib/sbi/context.c:505)
04/11 09:27:30.366: [sbi] INFO: NF Service [nbsf-management] (../lib/sbi/context.c:1970)
04/11 09:27:30.367: [sbi] INFO: nghttp2_server() [http://172.22.0.29]:7777 (../lib/sbi/nghttp2-server.c:435)
04/11 09:27:30.367: [app] INFO: BSF initialize...done (../src/bsf/app.c:31)
04/11 09:27:30.369: [sbi] INFO: [6d5cc878-16a6-41f0-ab6f-7d86a8a3e8fb] NF registered [Heartbeat:10s] (../lib/sbi/nf-sm.c:208)
04/11 09:27:30.369: [sbi] INFO: NF EndPoint(addr) setup [172.22.0.12:7777] (../lib/sbi/nnrf-handler.c:949)
04/11 09:27:30.369: [sbi] INFO: [6d5d3b1e-16a6-41f0-a340-1dfad0f8c532] Subscription created until 2025-04-12T09:27:30.369500+02:00 [duration:86400000000,validity:86400.000000,patch:43200.000000] (../lib/sbi/nnrf-handler.c:868)
