Open5GS daemon v2.7.2-131-g04ec945

04/02 11:02:02.413: [app] INFO: Configuration: '/open5gs/install/etc/open5gs/hss.yaml' (../lib/app/ogs-init.c:144)
04/02 11:02:02.413: [app] INFO: File Logging: '/open5gs/install/var/log/open5gs/hss.log' (../lib/app/ogs-init.c:147)
04/02 11:02:02.414: [dbi] INFO: MongoDB URI: 'mongodb://172.22.0.2/open5gs' (../lib/dbi/ogs-mongoc.c:130)
04/02 11:02:02.435: [app] INFO: Polling freeDiameter stats every 60000000 usecs (../lib/diameter/common/stats.c:77)
04/02 11:02:02.435: [app] INFO: HSS initialize...done (../src/hss/app-init.c:31)
04/02 11:02:02.437: [diam] INFO: CONNECTED TO 'mme.epc.mnc001.mcc001.3gppnetwork.org' (SCTP,soc#15): (../lib/diameter/common/logger.c:81)
04/02 17:33:05.224: [diam] ERROR: pid:PSM/mme.epc.mnc001.mcc001.3gppnetwork.org in fd_psm_change_state@p_psm.c:284: 'STATE_OPEN'	-> 'STATE_CLOSED'	'mme.epc.mnc001.mcc001.3gppnetwork.org'
 ((null):0)
Open5GS daemon v2.7.2-131-g04ec945

04/02 18:41:12.643: [app] INFO: Configuration: '/open5gs/install/etc/open5gs/hss.yaml' (../lib/app/ogs-init.c:144)
04/02 18:41:12.643: [app] INFO: File Logging: '/open5gs/install/var/log/open5gs/hss.log' (../lib/app/ogs-init.c:147)
04/02 18:41:12.645: [dbi] INFO: MongoDB URI: 'mongodb://172.22.0.2/open5gs' (../lib/dbi/ogs-mongoc.c:130)
04/02 18:41:12.675: [app] INFO: Polling freeDiameter stats every 60000000 usecs (../lib/diameter/common/stats.c:77)
04/02 18:41:12.675: [app] INFO: HSS initialize...done (../src/hss/app-init.c:31)
04/02 18:41:12.677: [diam] INFO: CONNECTED TO 'mme.epc.mnc001.mcc001.3gppnetwork.org' (SCTP,soc#15): (../lib/diameter/common/logger.c:81)
04/02 21:26:04.600: [diam] ERROR: pid:PSM/mme.epc.mnc001.mcc001.3gppnetwork.org in fd_psm_change_state@p_psm.c:284: 'STATE_OPEN'	-> 'STATE_CLOSED'	'mme.epc.mnc001.mcc001.3gppnetwork.org'
 ((null):0)
Open5GS daemon v2.7.2-131-g04ec945

04/03 16:02:21.834: [app] INFO: Configuration: '/open5gs/install/etc/open5gs/hss.yaml' (../lib/app/ogs-init.c:144)
04/03 16:02:21.834: [app] INFO: File Logging: '/open5gs/install/var/log/open5gs/hss.log' (../lib/app/ogs-init.c:147)
04/03 16:02:21.835: [dbi] INFO: MongoDB URI: 'mongodb://172.22.0.2/open5gs' (../lib/dbi/ogs-mongoc.c:130)
04/03 16:02:21.854: [app] INFO: Polling freeDiameter stats every 60000000 usecs (../lib/diameter/common/stats.c:77)
04/03 16:02:21.854: [app] INFO: HSS initialize...done (../src/hss/app-init.c:31)
04/03 16:02:21.857: [diam] INFO: CONNECTED TO 'mme.epc.mnc001.mcc001.3gppnetwork.org' (SCTP,soc#15): (../lib/diameter/common/logger.c:81)
04/03 20:30:00.940: [diam] ERROR: pid:PSM/mme.epc.mnc001.mcc001.3gppnetwork.org in fd_psm_change_state@p_psm.c:284: 'STATE_OPEN'	-> 'STATE_CLOSED'	'mme.epc.mnc001.mcc001.3gppnetwork.org'
 ((null):0)
Open5GS daemon v2.7.2-131-g04ec945

04/04 10:46:05.107: [app] INFO: Configuration: '/open5gs/install/etc/open5gs/hss.yaml' (../lib/app/ogs-init.c:144)
04/04 10:46:05.108: [app] INFO: File Logging: '/open5gs/install/var/log/open5gs/hss.log' (../lib/app/ogs-init.c:147)
04/04 10:46:05.109: [dbi] INFO: MongoDB URI: 'mongodb://172.22.0.2/open5gs' (../lib/dbi/ogs-mongoc.c:130)
04/04 10:46:05.127: [app] INFO: Polling freeDiameter stats every 60000000 usecs (../lib/diameter/common/stats.c:77)
04/04 10:46:05.127: [app] INFO: HSS initialize...done (../src/hss/app-init.c:31)
04/04 10:46:05.129: [diam] INFO: CONNECTED TO 'mme.epc.mnc001.mcc001.3gppnetwork.org' (SCTP,soc#15): (../lib/diameter/common/logger.c:81)
04/04 11:36:09.168: [diam] ERROR: pid:PSM/mme.epc.mnc001.mcc001.3gppnetwork.org in fd_psm_change_state@p_psm.c:284: 'STATE_OPEN'	-> 'STATE_CLOSED'	'mme.epc.mnc001.mcc001.3gppnetwork.org'
 ((null):0)
Open5GS daemon v2.7.2-131-g04ec945

04/04 11:37:32.884: [app] INFO: Configuration: '/open5gs/install/etc/open5gs/hss.yaml' (../lib/app/ogs-init.c:144)
04/04 11:37:32.884: [app] INFO: File Logging: '/open5gs/install/var/log/open5gs/hss.log' (../lib/app/ogs-init.c:147)
04/04 11:37:32.885: [dbi] INFO: MongoDB URI: 'mongodb://172.22.0.2/open5gs' (../lib/dbi/ogs-mongoc.c:130)
04/04 11:37:32.913: [app] INFO: Polling freeDiameter stats every 60000000 usecs (../lib/diameter/common/stats.c:77)
04/04 11:37:32.913: [app] INFO: HSS initialize...done (../src/hss/app-init.c:31)
04/04 11:37:32.915: [diam] INFO: CONNECTED TO 'mme.epc.mnc001.mcc001.3gppnetwork.org' (SCTP,soc#15): (../lib/diameter/common/logger.c:81)
04/04 12:25:56.434: [diam] ERROR: pid:PSM/mme.epc.mnc001.mcc001.3gppnetwork.org in fd_psm_change_state@p_psm.c:284: 'STATE_OPEN'	-> 'STATE_CLOSED'	'mme.epc.mnc001.mcc001.3gppnetwork.org'
 ((null):0)
04/04 12:25:56.718: [diam] INFO: CONNECTED TO 'mme.epc.mnc001.mcc001.3gppnetwork.org' (SCTP,soc#8): (../lib/diameter/common/logger.c:81)
Open5GS daemon v2.7.2-131-g04ec945

04/04 12:26:14.564: [app] INFO: Configuration: '/open5gs/install/etc/open5gs/hss.yaml' (../lib/app/ogs-init.c:144)
04/04 12:26:14.564: [app] INFO: File Logging: '/open5gs/install/var/log/open5gs/hss.log' (../lib/app/ogs-init.c:147)
04/04 12:26:14.566: [dbi] INFO: MongoDB URI: 'mongodb://172.22.0.2/open5gs' (../lib/dbi/ogs-mongoc.c:130)
04/04 12:26:14.596: [app] INFO: Polling freeDiameter stats every 60000000 usecs (../lib/diameter/common/stats.c:77)
04/04 12:26:14.596: [app] INFO: HSS initialize...done (../src/hss/app-init.c:31)
04/04 12:26:14.599: [diam] INFO: CONNECTED TO 'mme.epc.mnc001.mcc001.3gppnetwork.org' (SCTP,soc#15): (../lib/diameter/common/logger.c:81)
04/04 12:28:41.794: [diam] ERROR: pid:PSM/mme.epc.mnc001.mcc001.3gppnetwork.org in fd_psm_change_state@p_psm.c:284: 'STATE_OPEN'	-> 'STATE_CLOSED'	'mme.epc.mnc001.mcc001.3gppnetwork.org'
 ((null):0)
Open5GS daemon v2.7.2-131-g04ec945

04/04 12:30:05.823: [app] INFO: Configuration: '/open5gs/install/etc/open5gs/hss.yaml' (../lib/app/ogs-init.c:144)
04/04 12:30:05.823: [app] INFO: File Logging: '/open5gs/install/var/log/open5gs/hss.log' (../lib/app/ogs-init.c:147)
04/04 12:30:05.825: [dbi] INFO: MongoDB URI: 'mongodb://172.22.0.2/open5gs' (../lib/dbi/ogs-mongoc.c:130)
04/04 12:30:05.842: [app] INFO: Polling freeDiameter stats every 60000000 usecs (../lib/diameter/common/stats.c:77)
04/04 12:30:05.843: [app] INFO: HSS initialize...done (../src/hss/app-init.c:31)
04/04 12:30:05.844: [diam] INFO: CONNECTED TO 'mme.epc.mnc001.mcc001.3gppnetwork.org' (SCTP,soc#15): (../lib/diameter/common/logger.c:81)
04/04 22:46:24.914: [diam] ERROR: pid:PSM/mme.epc.mnc001.mcc001.3gppnetwork.org in fd_psm_change_state@p_psm.c:284: 'STATE_OPEN'	-> 'STATE_CLOSED'	'mme.epc.mnc001.mcc001.3gppnetwork.org'
 ((null):0)
Open5GS daemon v2.7.2-131-g04ec945

04/04 22:52:59.974: [app] INFO: Configuration: '/open5gs/install/etc/open5gs/hss.yaml' (../lib/app/ogs-init.c:144)
04/04 22:52:59.974: [app] INFO: File Logging: '/open5gs/install/var/log/open5gs/hss.log' (../lib/app/ogs-init.c:147)
04/04 22:52:59.975: [dbi] INFO: MongoDB URI: 'mongodb://172.22.0.2/open5gs' (../lib/dbi/ogs-mongoc.c:130)
04/04 22:53:00.025: [app] INFO: Polling freeDiameter stats every 60000000 usecs (../lib/diameter/common/stats.c:77)
04/04 22:53:00.025: [app] INFO: HSS initialize...done (../src/hss/app-init.c:31)
04/04 22:53:00.027: [diam] INFO: CONNECTED TO 'mme.epc.mnc001.mcc001.3gppnetwork.org' (SCTP,soc#15): (../lib/diameter/common/logger.c:81)
04/04 23:09:19.590: [diam] ERROR: pid:PSM/mme.epc.mnc001.mcc001.3gppnetwork.org in fd_psm_change_state@p_psm.c:284: 'STATE_OPEN'	-> 'STATE_CLOSED'	'mme.epc.mnc001.mcc001.3gppnetwork.org'
 ((null):0)
Open5GS daemon v2.7.2-131-g04ec945

04/04 23:10:09.270: [app] INFO: Configuration: '/open5gs/install/etc/open5gs/hss.yaml' (../lib/app/ogs-init.c:144)
04/04 23:10:09.270: [app] INFO: File Logging: '/open5gs/install/var/log/open5gs/hss.log' (../lib/app/ogs-init.c:147)
04/04 23:10:09.271: [dbi] INFO: MongoDB URI: 'mongodb://172.22.0.2/open5gs' (../lib/dbi/ogs-mongoc.c:130)
04/04 23:10:09.291: [app] INFO: Polling freeDiameter stats every 60000000 usecs (../lib/diameter/common/stats.c:77)
04/04 23:10:09.291: [app] INFO: HSS initialize...done (../src/hss/app-init.c:31)
04/04 23:10:09.294: [diam] INFO: CONNECTED TO 'mme.epc.mnc001.mcc001.3gppnetwork.org' (SCTP,soc#15): (../lib/diameter/common/logger.c:81)
04/05 00:27:45.401: [diam] ERROR: pid:PSM/mme.epc.mnc001.mcc001.3gppnetwork.org in fd_psm_change_state@p_psm.c:284: 'STATE_OPEN'	-> 'STATE_CLOSED'	'mme.epc.mnc001.mcc001.3gppnetwork.org'
 ((null):0)
04/05 00:28:24.346: [diam] INFO: CONNECTED TO 'mme.epc.mnc001.mcc001.3gppnetwork.org' (SCTP,soc#8): (../lib/diameter/common/logger.c:81)
04/05 00:30:49.859: [diam] ERROR: pid:PSM/mme.epc.mnc001.mcc001.3gppnetwork.org in fd_psm_change_state@p_psm.c:284: 'STATE_OPEN'	-> 'STATE_CLOSED'	'mme.epc.mnc001.mcc001.3gppnetwork.org'
 ((null):0)
Open5GS daemon v2.7.2-131-g04ec945

04/05 00:32:20.999: [app] INFO: Configuration: '/open5gs/install/etc/open5gs/hss.yaml' (../lib/app/ogs-init.c:144)
04/05 00:32:20.999: [app] INFO: File Logging: '/open5gs/install/var/log/open5gs/hss.log' (../lib/app/ogs-init.c:147)
04/05 00:32:21.000: [dbi] INFO: MongoDB URI: 'mongodb://172.22.0.2/open5gs' (../lib/dbi/ogs-mongoc.c:130)
04/05 00:32:21.026: [app] INFO: Polling freeDiameter stats every 60000000 usecs (../lib/diameter/common/stats.c:77)
04/05 00:32:21.026: [app] INFO: HSS initialize...done (../src/hss/app-init.c:31)
04/05 00:32:21.028: [diam] INFO: CONNECTED TO 'mme.epc.mnc001.mcc001.3gppnetwork.org' (SCTP,soc#15): (../lib/diameter/common/logger.c:81)
04/05 00:43:04.769: [diam] ERROR: pid:PSM/mme.epc.mnc001.mcc001.3gppnetwork.org in fd_psm_change_state@p_psm.c:284: 'STATE_OPEN'	-> 'STATE_CLOSED'	'mme.epc.mnc001.mcc001.3gppnetwork.org'
 ((null):0)
Open5GS daemon v2.7.2-131-g04ec945

04/05 19:05:42.062: [app] INFO: Configuration: '/open5gs/install/etc/open5gs/hss.yaml' (../lib/app/ogs-init.c:144)
04/05 19:05:42.062: [app] INFO: File Logging: '/open5gs/install/var/log/open5gs/hss.log' (../lib/app/ogs-init.c:147)
04/05 19:05:42.064: [dbi] INFO: MongoDB URI: 'mongodb://172.22.0.2/open5gs' (../lib/dbi/ogs-mongoc.c:130)
04/05 19:05:42.090: [app] INFO: Polling freeDiameter stats every 60000000 usecs (../lib/diameter/common/stats.c:77)
04/05 19:05:42.091: [app] INFO: HSS initialize...done (../src/hss/app-init.c:31)
04/05 19:05:42.092: [diam] INFO: CONNECTED TO 'mme.epc.mnc001.mcc001.3gppnetwork.org' (SCTP,soc#15): (../lib/diameter/common/logger.c:81)
04/05 19:19:27.317: [diam] ERROR: pid:PSM/mme.epc.mnc001.mcc001.3gppnetwork.org in fd_psm_change_state@p_psm.c:284: 'STATE_OPEN'	-> 'STATE_CLOSED'	'mme.epc.mnc001.mcc001.3gppnetwork.org'
 ((null):0)
04/05 19:19:48.169: [diam] INFO: CONNECTED TO 'mme.epc.mnc001.mcc001.3gppnetwork.org' (SCTP,soc#8): (../lib/diameter/common/logger.c:81)
04/05 19:22:22.880: [diam] ERROR: pid:PSM/mme.epc.mnc001.mcc001.3gppnetwork.org in fd_psm_change_state@p_psm.c:284: 'STATE_OPEN'	-> 'STATE_CLOSED'	'mme.epc.mnc001.mcc001.3gppnetwork.org'
 ((null):0)
04/05 19:22:23.862: [diam] INFO: CONNECTED TO 'mme.epc.mnc001.mcc001.3gppnetwork.org' (SCTP,soc#15): (../lib/diameter/common/logger.c:81)
04/06 09:46:01.290: [diam] ERROR: pid:PSM/mme.epc.mnc001.mcc001.3gppnetwork.org in fd_psm_change_state@p_psm.c:284: 'STATE_OPEN'	-> 'STATE_CLOSED'	'mme.epc.mnc001.mcc001.3gppnetwork.org'
 ((null):0)
Open5GS daemon v2.7.2-131-g04ec945

04/06 20:05:40.796: [app] INFO: Configuration: '/open5gs/install/etc/open5gs/hss.yaml' (../lib/app/ogs-init.c:144)
04/06 20:05:40.796: [app] INFO: File Logging: '/open5gs/install/var/log/open5gs/hss.log' (../lib/app/ogs-init.c:147)
04/06 20:05:40.797: [dbi] INFO: MongoDB URI: 'mongodb://172.22.0.2/open5gs' (../lib/dbi/ogs-mongoc.c:130)
04/06 20:05:40.844: [app] INFO: Polling freeDiameter stats every 60000000 usecs (../lib/diameter/common/stats.c:77)
04/06 20:05:40.844: [app] INFO: HSS initialize...done (../src/hss/app-init.c:31)
04/06 20:05:40.845: [diam] INFO: CONNECTED TO 'mme.epc.mnc001.mcc001.3gppnetwork.org' (SCTP,soc#15): (../lib/diameter/common/logger.c:81)
04/06 20:43:15.566: [diam] ERROR: pid:PSM/mme.epc.mnc001.mcc001.3gppnetwork.org in fd_psm_change_state@p_psm.c:284: 'STATE_OPEN'	-> 'STATE_CLOSED'	'mme.epc.mnc001.mcc001.3gppnetwork.org'
 ((null):0)
Open5GS daemon v2.7.2-131-g04ec945

04/06 20:45:20.786: [app] INFO: Configuration: '/open5gs/install/etc/open5gs/hss.yaml' (../lib/app/ogs-init.c:144)
04/06 20:45:20.786: [app] INFO: File Logging: '/open5gs/install/var/log/open5gs/hss.log' (../lib/app/ogs-init.c:147)
04/06 20:45:20.788: [dbi] INFO: MongoDB URI: 'mongodb://172.22.0.2/open5gs' (../lib/dbi/ogs-mongoc.c:130)
04/06 20:45:20.805: [app] INFO: Polling freeDiameter stats every 60000000 usecs (../lib/diameter/common/stats.c:77)
04/06 20:45:20.805: [app] INFO: HSS initialize...done (../src/hss/app-init.c:31)
Open5GS daemon v2.7.2-131-g04ec945

04/06 20:52:34.449: [app] INFO: Configuration: '/open5gs/install/etc/open5gs/hss.yaml' (../lib/app/ogs-init.c:144)
04/06 20:52:34.450: [app] INFO: File Logging: '/open5gs/install/var/log/open5gs/hss.log' (../lib/app/ogs-init.c:147)
04/06 20:52:34.451: [dbi] INFO: MongoDB URI: 'mongodb://172.22.0.2/open5gs' (../lib/dbi/ogs-mongoc.c:130)
04/06 20:52:34.470: [app] INFO: Polling freeDiameter stats every 60000000 usecs (../lib/diameter/common/stats.c:77)
04/06 20:52:34.471: [app] INFO: HSS initialize...done (../src/hss/app-init.c:31)
04/06 20:52:34.475: [diam] INFO: CONNECTED TO 'mme.epc.mnc001.mcc001.3gppnetwork.org' (SCTP,soc#15): (../lib/diameter/common/logger.c:81)
04/06 20:54:40.882: [diam] ERROR: pid:PSM/mme.epc.mnc001.mcc001.3gppnetwork.org in fd_psm_change_state@p_psm.c:284: 'STATE_OPEN'	-> 'STATE_CLOSED'	'mme.epc.mnc001.mcc001.3gppnetwork.org'
 ((null):0)
Open5GS daemon v2.7.2-131-g04ec945

04/06 20:56:20.114: [app] INFO: Configuration: '/open5gs/install/etc/open5gs/hss.yaml' (../lib/app/ogs-init.c:144)
04/06 20:56:20.115: [app] INFO: File Logging: '/open5gs/install/var/log/open5gs/hss.log' (../lib/app/ogs-init.c:147)
04/06 20:56:20.116: [dbi] INFO: MongoDB URI: 'mongodb://172.22.0.2/open5gs' (../lib/dbi/ogs-mongoc.c:130)
04/06 20:56:20.142: [app] INFO: Polling freeDiameter stats every 60000000 usecs (../lib/diameter/common/stats.c:77)
04/06 20:56:20.142: [app] INFO: HSS initialize...done (../src/hss/app-init.c:31)
04/06 20:56:20.144: [diam] INFO: CONNECTED TO 'mme.epc.mnc001.mcc001.3gppnetwork.org' (SCTP,soc#15): (../lib/diameter/common/logger.c:81)
04/06 21:36:33.329: [diam] ERROR: pid:PSM/mme.epc.mnc001.mcc001.3gppnetwork.org in fd_psm_change_state@p_psm.c:284: 'STATE_OPEN'	-> 'STATE_CLOSED'	'mme.epc.mnc001.mcc001.3gppnetwork.org'
 ((null):0)
Open5GS daemon v2.7.2-131-g04ec945

04/06 21:38:17.567: [app] INFO: Configuration: '/open5gs/install/etc/open5gs/hss.yaml' (../lib/app/ogs-init.c:144)
04/06 21:38:17.567: [app] INFO: File Logging: '/open5gs/install/var/log/open5gs/hss.log' (../lib/app/ogs-init.c:147)
04/06 21:38:17.570: [dbi] INFO: MongoDB URI: 'mongodb://172.22.0.2/open5gs' (../lib/dbi/ogs-mongoc.c:130)
04/06 21:38:17.592: [app] INFO: Polling freeDiameter stats every 60000000 usecs (../lib/diameter/common/stats.c:77)
04/06 21:38:17.592: [app] INFO: HSS initialize...done (../src/hss/app-init.c:31)
04/06 21:38:17.594: [diam] INFO: CONNECTED TO 'mme.epc.mnc001.mcc001.3gppnetwork.org' (SCTP,soc#15): (../lib/diameter/common/logger.c:81)
04/06 21:45:10.707: [diam] ERROR: pid:PSM/mme.epc.mnc001.mcc001.3gppnetwork.org in fd_psm_change_state@p_psm.c:284: 'STATE_OPEN'	-> 'STATE_CLOSED'	'mme.epc.mnc001.mcc001.3gppnetwork.org'
 ((null):0)
Open5GS daemon v2.7.2-131-g04ec945

04/06 21:52:45.404: [app] INFO: Configuration: '/open5gs/install/etc/open5gs/hss.yaml' (../lib/app/ogs-init.c:144)
04/06 21:52:45.404: [app] INFO: File Logging: '/open5gs/install/var/log/open5gs/hss.log' (../lib/app/ogs-init.c:147)
04/06 21:52:45.407: [dbi] INFO: MongoDB URI: 'mongodb://172.22.0.2/open5gs' (../lib/dbi/ogs-mongoc.c:130)
04/06 21:52:45.442: [app] INFO: Polling freeDiameter stats every 60000000 usecs (../lib/diameter/common/stats.c:77)
04/06 21:52:45.442: [app] INFO: HSS initialize...done (../src/hss/app-init.c:31)
04/06 21:52:45.443: [diam] INFO: CONNECTED TO 'mme.epc.mnc001.mcc001.3gppnetwork.org' (SCTP,soc#15): (../lib/diameter/common/logger.c:81)
04/06 22:38:04.768: [diam] ERROR: pid:PSM/mme.epc.mnc001.mcc001.3gppnetwork.org in fd_psm_change_state@p_psm.c:284: 'STATE_OPEN'	-> 'STATE_CLOSED'	'mme.epc.mnc001.mcc001.3gppnetwork.org'
 ((null):0)
Open5GS daemon v2.7.2-131-g04ec945

04/06 22:48:25.954: [app] INFO: Configuration: '/open5gs/install/etc/open5gs/hss.yaml' (../lib/app/ogs-init.c:144)
04/06 22:48:25.954: [app] INFO: File Logging: '/open5gs/install/var/log/open5gs/hss.log' (../lib/app/ogs-init.c:147)
04/06 22:48:25.971: [dbi] INFO: MongoDB URI: 'mongodb://172.22.0.2/open5gs' (../lib/dbi/ogs-mongoc.c:130)
04/06 22:48:26.504: [app] INFO: Polling freeDiameter stats every 60000000 usecs (../lib/diameter/common/stats.c:77)
04/06 22:48:26.504: [app] INFO: HSS initialize...done (../src/hss/app-init.c:31)
04/06 22:48:26.656: [diam] INFO: CONNECTED TO 'mme.epc.mnc001.mcc001.3gppnetwork.org' (SCTP,soc#14): (../lib/diameter/common/logger.c:81)
04/06 23:00:17.977: [diam] ERROR: pid:PSM/mme.epc.mnc001.mcc001.3gppnetwork.org in fd_psm_change_state@p_psm.c:284: 'STATE_OPEN'	-> 'STATE_CLOSED'	'mme.epc.mnc001.mcc001.3gppnetwork.org'
 ((null):0)
04/06 23:00:21.033: [diam] INFO: CONNECTED TO 'mme.epc.mnc001.mcc001.3gppnetwork.org' (SCTP,soc#13): (../lib/diameter/common/logger.c:81)
