Open5GS daemon v2.7.2-131-g04ec945

04/02 11:01:52.937: [app] INFO: Configuration: '/open5gs/install/etc/open5gs/nssf.yaml' (../lib/app/ogs-init.c:144)
04/02 11:01:52.937: [app] INFO: File Logging: '/open5gs/install/var/log/open5gs/nssf.log' (../lib/app/ogs-init.c:147)
04/02 11:01:52.961: [sbi] INFO: NF EndPoint(addr) setup [172.22.0.12:7777] (../lib/sbi/context.c:457)
04/02 11:01:52.962: [sbi] INFO: NF EndPoint(addr) setup [172.22.0.35:7777] (../lib/sbi/context.c:505)
04/02 11:01:52.962: [sbi] INFO: NF Service [nnssf-nsselection] (../lib/sbi/context.c:1970)
04/02 11:01:52.966: [sbi] INFO: nghttp2_server() [http://172.22.0.28]:7777 (../lib/sbi/nghttp2-server.c:435)
04/02 11:01:52.969: [app] INFO: NSSF initialize...done (../src/nssf/app.c:31)
04/02 11:01:52.994: [sbi] INFO: [1ed040b0-0fa1-41f0-ae86-fd7c74c13745] NF registered [Heartbeat:10s] (../lib/sbi/nf-sm.c:208)
04/02 11:01:53.031: [sbi] INFO: NF EndPoint(addr) setup [172.22.0.12:7777] (../lib/sbi/nnrf-handler.c:949)
04/02 11:01:53.032: [sbi] INFO: [1ed9afb0-0fa1-41f0-9e39-01dd75dc28ca] Subscription created until 2025-04-03T11:01:53.023561+02:00 [duration:86400000000,validity:86400.000000,patch:43200.000000] (../lib/sbi/nnrf-handler.c:868)
04/02 15:40:52.259: [sbi] ERROR: [1ed040b0-0fa1-41f0-ae86-fd7c74c13745] No heartbeat [type:NSSF] (../lib/sbi/nf-sm.c:297)
04/02 15:40:52.288: [sbi] INFO: [1ed040b0-0fa1-41f0-ae86-fd7c74c13745] NF de-registered (../lib/sbi/nf-sm.c:235)
04/02 15:40:52.976: [sbi] ERROR: [1ed040b0-0fa1-41f0-ae86-fd7c74c13745] HTTP Response Status Code [204] (../lib/sbi/nf-sm.c:145)
04/02 15:40:54.979: [sbi] WARNING: [1ed040b0-0fa1-41f0-ae86-fd7c74c13745] Retry registration with NRF (../lib/sbi/nf-sm.c:395)
04/02 15:40:54.983: [sbi] INFO: [1ed040b0-0fa1-41f0-ae86-fd7c74c13745] NF registered [Heartbeat:10s] (../lib/sbi/nf-sm.c:208)
04/02 15:40:54.984: [sbi] INFO: NF EndPoint(addr) setup [172.22.0.12:7777] (../lib/sbi/nnrf-handler.c:949)
04/02 15:40:54.985: [sbi] INFO: [19d65d8e-0fc8-41f0-9e39-01dd75dc28ca] Subscription created until 2025-04-03T15:40:54.984077+02:00 [duration:86400000000,validity:86400.000000,patch:43200.000000] (../lib/sbi/nnrf-handler.c:868)
Open5GS daemon v2.7.2-131-g04ec945

04/02 18:41:03.479: [app] INFO: Configuration: '/open5gs/install/etc/open5gs/nssf.yaml' (../lib/app/ogs-init.c:144)
04/02 18:41:03.479: [app] INFO: File Logging: '/open5gs/install/var/log/open5gs/nssf.log' (../lib/app/ogs-init.c:147)
04/02 18:41:03.488: [sbi] INFO: NF EndPoint(addr) setup [172.22.0.12:7777] (../lib/sbi/context.c:457)
04/02 18:41:03.488: [sbi] INFO: NF EndPoint(addr) setup [172.22.0.35:7777] (../lib/sbi/context.c:505)
04/02 18:41:03.492: [sbi] INFO: NF Service [nnssf-nsselection] (../lib/sbi/context.c:1970)
04/02 18:41:03.494: [sbi] INFO: nghttp2_server() [http://172.22.0.28]:7777 (../lib/sbi/nghttp2-server.c:435)
04/02 18:41:03.495: [app] INFO: NSSF initialize...done (../src/nssf/app.c:31)
04/02 18:41:03.550: [sbi] INFO: [443529de-0fe1-41f0-b0c6-197f944a9292] NF registered [Heartbeat:10s] (../lib/sbi/nf-sm.c:208)
04/02 18:41:03.562: [sbi] INFO: NF EndPoint(addr) setup [172.22.0.12:7777] (../lib/sbi/nnrf-handler.c:949)
04/02 18:41:03.563: [sbi] INFO: [443ef7a2-0fe1-41f0-8261-df09ba76b76e] Subscription created until 2025-04-03T18:41:03.553355+02:00 [duration:86400000000,validity:86400.000000,patch:43200.000000] (../lib/sbi/nnrf-handler.c:868)
Open5GS daemon v2.7.2-131-g04ec945

04/03 16:02:12.043: [app] INFO: Configuration: '/open5gs/install/etc/open5gs/nssf.yaml' (../lib/app/ogs-init.c:144)
04/03 16:02:12.043: [app] INFO: File Logging: '/open5gs/install/var/log/open5gs/nssf.log' (../lib/app/ogs-init.c:147)
04/03 16:02:12.044: [sbi] INFO: NF EndPoint(addr) setup [172.22.0.12:7777] (../lib/sbi/context.c:457)
04/03 16:02:12.045: [sbi] INFO: NF EndPoint(addr) setup [172.22.0.35:7777] (../lib/sbi/context.c:505)
04/03 16:02:12.045: [sbi] INFO: NF Service [nnssf-nsselection] (../lib/sbi/context.c:1970)
04/03 16:02:12.045: [sbi] INFO: nghttp2_server() [http://172.22.0.28]:7777 (../lib/sbi/nghttp2-server.c:435)
04/03 16:02:12.045: [app] INFO: NSSF initialize...done (../src/nssf/app.c:31)
04/03 16:02:12.050: [sbi] INFO: [3d7021d6-1094-41f0-ae0a-c7b2f6bdd57a] NF registered [Heartbeat:10s] (../lib/sbi/nf-sm.c:208)
04/03 16:02:12.053: [sbi] INFO: NF EndPoint(addr) setup [172.22.0.12:7777] (../lib/sbi/nnrf-handler.c:949)
04/03 16:02:12.053: [sbi] INFO: [3d713bac-1094-41f0-adda-ef9ccc94d922] Subscription created until 2025-04-04T16:02:12.052255+02:00 [duration:86400000000,validity:86400.000000,patch:43200.000000] (../lib/sbi/nnrf-handler.c:868)
Open5GS daemon v2.7.2-131-g04ec945

04/04 10:45:55.142: [app] INFO: Configuration: '/open5gs/install/etc/open5gs/nssf.yaml' (../lib/app/ogs-init.c:144)
04/04 10:45:55.142: [app] INFO: File Logging: '/open5gs/install/var/log/open5gs/nssf.log' (../lib/app/ogs-init.c:147)
04/04 10:45:55.144: [sbi] INFO: NF EndPoint(addr) setup [172.22.0.12:7777] (../lib/sbi/context.c:457)
04/04 10:45:55.144: [sbi] INFO: NF EndPoint(addr) setup [172.22.0.35:7777] (../lib/sbi/context.c:505)
04/04 10:45:55.144: [sbi] INFO: NF Service [nnssf-nsselection] (../lib/sbi/context.c:1970)
04/04 10:45:55.145: [sbi] INFO: nghttp2_server() [http://172.22.0.28]:7777 (../lib/sbi/nghttp2-server.c:435)
04/04 10:45:55.146: [app] INFO: NSSF initialize...done (../src/nssf/app.c:31)
04/04 10:45:55.149: [sbi] INFO: [38bcafae-1131-41f0-923b-17ac14ec0142] NF registered [Heartbeat:10s] (../lib/sbi/nf-sm.c:208)
04/04 10:45:55.154: [sbi] INFO: NF EndPoint(addr) setup [172.22.0.12:7777] (../lib/sbi/nnrf-handler.c:949)
04/04 10:45:55.154: [sbi] INFO: [38bdd32a-1131-41f0-897a-498fefcd3b4d] Subscription created until 2025-04-05T10:45:55.152641+02:00 [duration:86400000000,validity:86400.000000,patch:43200.000000] (../lib/sbi/nnrf-handler.c:868)
Open5GS daemon v2.7.2-131-g04ec945

04/04 11:37:23.368: [app] INFO: Configuration: '/open5gs/install/etc/open5gs/nssf.yaml' (../lib/app/ogs-init.c:144)
04/04 11:37:23.369: [app] INFO: File Logging: '/open5gs/install/var/log/open5gs/nssf.log' (../lib/app/ogs-init.c:147)
04/04 11:37:23.375: [sbi] INFO: NF EndPoint(addr) setup [172.22.0.12:7777] (../lib/sbi/context.c:457)
04/04 11:37:23.377: [sbi] INFO: NF EndPoint(addr) setup [172.22.0.35:7777] (../lib/sbi/context.c:505)
04/04 11:37:23.382: [sbi] INFO: NF Service [nnssf-nsselection] (../lib/sbi/context.c:1970)
04/04 11:37:23.386: [sbi] INFO: nghttp2_server() [http://172.22.0.28]:7777 (../lib/sbi/nghttp2-server.c:435)
04/04 11:37:23.389: [app] INFO: NSSF initialize...done (../src/nssf/app.c:31)
04/04 11:37:23.392: [sbi] INFO: [69774e72-1138-41f0-b196-0d1b5ddc82a9] NF registered [Heartbeat:10s] (../lib/sbi/nf-sm.c:208)
04/04 11:37:23.397: [sbi] INFO: NF EndPoint(addr) setup [172.22.0.12:7777] (../lib/sbi/nnrf-handler.c:949)
04/04 11:37:23.397: [sbi] INFO: [697a2ef8-1138-41f0-a9fd-f7b48cb1259a] Subscription created until 2025-04-05T11:37:23.394342+02:00 [duration:86400000000,validity:86400.000000,patch:43200.000000] (../lib/sbi/nnrf-handler.c:868)
Open5GS daemon v2.7.2-131-g04ec945

04/04 12:26:05.087: [app] INFO: Configuration: '/open5gs/install/etc/open5gs/nssf.yaml' (../lib/app/ogs-init.c:144)
04/04 12:26:05.088: [app] INFO: File Logging: '/open5gs/install/var/log/open5gs/nssf.log' (../lib/app/ogs-init.c:147)
04/04 12:26:05.091: [sbi] INFO: NF EndPoint(addr) setup [172.22.0.12:7777] (../lib/sbi/context.c:457)
04/04 12:26:05.092: [sbi] INFO: NF EndPoint(addr) setup [172.22.0.35:7777] (../lib/sbi/context.c:505)
04/04 12:26:05.092: [sbi] INFO: NF Service [nnssf-nsselection] (../lib/sbi/context.c:1970)
04/04 12:26:05.092: [sbi] INFO: nghttp2_server() [http://172.22.0.28]:7777 (../lib/sbi/nghttp2-server.c:435)
04/04 12:26:05.095: [app] INFO: NSSF initialize...done (../src/nssf/app.c:31)
04/04 12:26:05.096: [sbi] INFO: [36f1d060-113f-41f0-951f-3dbc4f98c795] NF registered [Heartbeat:10s] (../lib/sbi/nf-sm.c:208)
04/04 12:26:05.099: [sbi] INFO: NF EndPoint(addr) setup [172.22.0.12:7777] (../lib/sbi/nnrf-handler.c:949)
04/04 12:26:05.099: [sbi] INFO: [36f29c34-113f-41f0-a399-1d1dcdc43f40] Subscription created until 2025-04-05T12:26:05.096968+02:00 [duration:86400000000,validity:86400.000000,patch:43200.000000] (../lib/sbi/nnrf-handler.c:868)
Open5GS daemon v2.7.2-131-g04ec945

04/04 12:29:56.566: [app] INFO: Configuration: '/open5gs/install/etc/open5gs/nssf.yaml' (../lib/app/ogs-init.c:144)
04/04 12:29:56.566: [app] INFO: File Logging: '/open5gs/install/var/log/open5gs/nssf.log' (../lib/app/ogs-init.c:147)
04/04 12:29:56.570: [sbi] INFO: NF EndPoint(addr) setup [172.22.0.12:7777] (../lib/sbi/context.c:457)
04/04 12:29:56.571: [sbi] INFO: NF EndPoint(addr) setup [172.22.0.35:7777] (../lib/sbi/context.c:505)
04/04 12:29:56.571: [sbi] INFO: NF Service [nnssf-nsselection] (../lib/sbi/context.c:1970)
04/04 12:29:56.571: [sbi] INFO: nghttp2_server() [http://172.22.0.28]:7777 (../lib/sbi/nghttp2-server.c:435)
04/04 12:29:56.572: [app] INFO: NSSF initialize...done (../src/nssf/app.c:31)
04/04 12:29:56.577: [sbi] INFO: [c0eaa56c-113f-41f0-860d-2fc725fc64b1] NF registered [Heartbeat:10s] (../lib/sbi/nf-sm.c:208)
04/04 12:29:56.579: [sbi] INFO: NF EndPoint(addr) setup [172.22.0.12:7777] (../lib/sbi/nnrf-handler.c:949)
04/04 12:29:56.579: [sbi] INFO: [c0ebe63e-113f-41f0-81a4-1f2e25d29973] Subscription created until 2025-04-05T12:29:56.578403+02:00 [duration:86400000000,validity:86400.000000,patch:43200.000000] (../lib/sbi/nnrf-handler.c:868)
04/04 22:41:36.027: [sbi] ERROR: [c0eaa56c-113f-41f0-860d-2fc725fc64b1] No heartbeat [type:NSSF] (../lib/sbi/nf-sm.c:297)
04/04 22:41:36.035: [sbi] INFO: [c0eaa56c-113f-41f0-860d-2fc725fc64b1] NF de-registered (../lib/sbi/nf-sm.c:235)
04/04 22:41:39.096: [sbi] INFO: [c0eaa56c-113f-41f0-860d-2fc725fc64b1] NF registered [Heartbeat:10s] (../lib/sbi/nf-sm.c:208)
04/04 22:41:39.099: [sbi] INFO: NF EndPoint(addr) setup [172.22.0.12:7777] (../lib/sbi/nnrf-handler.c:949)
04/04 22:41:39.100: [sbi] INFO: [3553f12e-1195-41f0-a609-b70f49d1862e] Subscription created until 2025-04-05T22:41:39.098774+02:00 [duration:86400000000,validity:86400.000000,patch:43200.000000] (../lib/sbi/nnrf-handler.c:868)
Open5GS daemon v2.7.2-131-g04ec945

04/04 22:52:50.072: [app] INFO: Configuration: '/open5gs/install/etc/open5gs/nssf.yaml' (../lib/app/ogs-init.c:144)
04/04 22:52:50.072: [app] INFO: File Logging: '/open5gs/install/var/log/open5gs/nssf.log' (../lib/app/ogs-init.c:147)
04/04 22:52:50.074: [sbi] INFO: NF EndPoint(addr) setup [172.22.0.12:7777] (../lib/sbi/context.c:457)
04/04 22:52:50.075: [sbi] INFO: NF EndPoint(addr) setup [172.22.0.35:7777] (../lib/sbi/context.c:505)
04/04 22:52:50.075: [sbi] INFO: NF Service [nnssf-nsselection] (../lib/sbi/context.c:1970)
04/04 22:52:50.075: [sbi] INFO: nghttp2_server() [http://172.22.0.28]:7777 (../lib/sbi/nghttp2-server.c:435)
04/04 22:52:50.076: [app] INFO: NSSF initialize...done (../src/nssf/app.c:31)
04/04 22:52:50.101: [sbi] INFO: [c542db28-1196-41f0-8e03-b3d5ac0f1f8a] NF registered [Heartbeat:10s] (../lib/sbi/nf-sm.c:208)
04/04 22:52:50.112: [sbi] INFO: NF EndPoint(addr) setup [172.22.0.12:7777] (../lib/sbi/nnrf-handler.c:949)
04/04 22:52:50.115: [sbi] INFO: [c547bd96-1196-41f0-b719-c995f2826851] Subscription created until 2025-04-05T22:52:50.108625+02:00 [duration:86400000000,validity:86400.000000,patch:43200.000000] (../lib/sbi/nnrf-handler.c:868)
Open5GS daemon v2.7.2-131-g04ec945

04/04 23:09:59.216: [app] INFO: Configuration: '/open5gs/install/etc/open5gs/nssf.yaml' (../lib/app/ogs-init.c:144)
04/04 23:09:59.216: [app] INFO: File Logging: '/open5gs/install/var/log/open5gs/nssf.log' (../lib/app/ogs-init.c:147)
04/04 23:09:59.224: [sbi] INFO: NF EndPoint(addr) setup [172.22.0.12:7777] (../lib/sbi/context.c:457)
04/04 23:09:59.231: [sbi] INFO: NF EndPoint(addr) setup [172.22.0.35:7777] (../lib/sbi/context.c:505)
04/04 23:09:59.232: [sbi] INFO: NF Service [nnssf-nsselection] (../lib/sbi/context.c:1970)
04/04 23:09:59.232: [sbi] INFO: nghttp2_server() [http://172.22.0.28]:7777 (../lib/sbi/nghttp2-server.c:435)
04/04 23:09:59.255: [app] INFO: NSSF initialize...done (../src/nssf/app.c:31)
04/04 23:09:59.275: [sbi] INFO: [2aaea954-1199-41f0-8f32-a578df855378] NF registered [Heartbeat:10s] (../lib/sbi/nf-sm.c:208)
04/04 23:09:59.280: [sbi] INFO: NF EndPoint(addr) setup [172.22.0.12:7777] (../lib/sbi/nnrf-handler.c:949)
04/04 23:09:59.282: [sbi] INFO: [2ab6c882-1199-41f0-b719-c995f2826851] Subscription created until 2025-04-05T23:09:59.278517+02:00 [duration:86400000000,validity:86400.000000,patch:43200.000000] (../lib/sbi/nnrf-handler.c:868)
Open5GS daemon v2.7.2-131-g04ec945

04/05 00:32:11.436: [app] INFO: Configuration: '/open5gs/install/etc/open5gs/nssf.yaml' (../lib/app/ogs-init.c:144)
04/05 00:32:11.437: [app] INFO: File Logging: '/open5gs/install/var/log/open5gs/nssf.log' (../lib/app/ogs-init.c:147)
04/05 00:32:11.441: [sbi] INFO: NF EndPoint(addr) setup [172.22.0.12:7777] (../lib/sbi/context.c:457)
04/05 00:32:11.442: [sbi] INFO: NF EndPoint(addr) setup [172.22.0.35:7777] (../lib/sbi/context.c:505)
04/05 00:32:11.443: [sbi] INFO: NF Service [nnssf-nsselection] (../lib/sbi/context.c:1970)
04/05 00:32:11.443: [sbi] INFO: nghttp2_server() [http://172.22.0.28]:7777 (../lib/sbi/nghttp2-server.c:435)
04/05 00:32:11.444: [app] INFO: NSSF initialize...done (../src/nssf/app.c:31)
04/05 00:32:11.450: [sbi] INFO: [a683420a-11a4-41f0-9b68-43d75f547607] NF registered [Heartbeat:10s] (../lib/sbi/nf-sm.c:208)
04/05 00:32:11.451: [sbi] INFO: NF EndPoint(addr) setup [172.22.0.12:7777] (../lib/sbi/nnrf-handler.c:949)
04/05 00:32:11.451: [sbi] INFO: [a684a2c6-11a4-41f0-9057-655376a092b8] Subscription created until 2025-04-06T00:32:11.450580+02:00 [duration:86400000000,validity:86400.000000,patch:43200.000000] (../lib/sbi/nnrf-handler.c:868)
Open5GS daemon v2.7.2-131-g04ec945

04/05 19:05:32.458: [app] INFO: Configuration: '/open5gs/install/etc/open5gs/nssf.yaml' (../lib/app/ogs-init.c:144)
04/05 19:05:32.459: [app] INFO: File Logging: '/open5gs/install/var/log/open5gs/nssf.log' (../lib/app/ogs-init.c:147)
04/05 19:05:32.464: [sbi] INFO: NF EndPoint(addr) setup [172.22.0.12:7777] (../lib/sbi/context.c:457)
04/05 19:05:32.464: [sbi] INFO: NF EndPoint(addr) setup [172.22.0.35:7777] (../lib/sbi/context.c:505)
04/05 19:05:32.464: [sbi] INFO: NF Service [nnssf-nsselection] (../lib/sbi/context.c:1970)
04/05 19:05:32.465: [sbi] INFO: nghttp2_server() [http://172.22.0.28]:7777 (../lib/sbi/nghttp2-server.c:435)
04/05 19:05:32.465: [app] INFO: NSSF initialize...done (../src/nssf/app.c:31)
04/05 19:05:32.478: [sbi] INFO: [2f0663e6-1240-41f0-b897-f9103e15ebaf] NF registered [Heartbeat:10s] (../lib/sbi/nf-sm.c:208)
04/05 19:05:32.482: [sbi] INFO: NF EndPoint(addr) setup [172.22.0.12:7777] (../lib/sbi/nnrf-handler.c:949)
04/05 19:05:32.482: [sbi] INFO: [2f08eb98-1240-41f0-8ffd-f1205e5325c1] Subscription created until 2025-04-06T19:05:32.481351+02:00 [duration:86400000000,validity:86400.000000,patch:43200.000000] (../lib/sbi/nnrf-handler.c:868)
Open5GS daemon v2.7.2-131-g04ec945

04/06 20:05:30.676: [app] INFO: Configuration: '/open5gs/install/etc/open5gs/nssf.yaml' (../lib/app/ogs-init.c:144)
04/06 20:05:30.676: [app] INFO: File Logging: '/open5gs/install/var/log/open5gs/nssf.log' (../lib/app/ogs-init.c:147)
04/06 20:05:30.678: [sbi] INFO: NF EndPoint(addr) setup [172.22.0.12:7777] (../lib/sbi/context.c:457)
04/06 20:05:30.678: [sbi] INFO: NF EndPoint(addr) setup [172.22.0.35:7777] (../lib/sbi/context.c:505)
04/06 20:05:30.678: [sbi] INFO: NF Service [nnssf-nsselection] (../lib/sbi/context.c:1970)
04/06 20:05:30.679: [sbi] INFO: nghttp2_server() [http://172.22.0.28]:7777 (../lib/sbi/nghttp2-server.c:435)
04/06 20:05:30.679: [app] INFO: NSSF initialize...done (../src/nssf/app.c:31)
04/06 20:05:30.880: [sbi] ERROR: [ba240bd2-1311-41f0-bce8-eb942e799bd6] HTTP Response Status Code [500] (../lib/sbi/nf-sm.c:145)
04/06 20:05:32.881: [sbi] WARNING: [ba240bd2-1311-41f0-bce8-eb942e799bd6] Retry registration with NRF (../lib/sbi/nf-sm.c:395)
04/06 20:05:32.935: [sbi] INFO: [ba240bd2-1311-41f0-bce8-eb942e799bd6] NF registered [Heartbeat:10s] (../lib/sbi/nf-sm.c:208)
04/06 20:05:32.939: [sbi] INFO: NF EndPoint(addr) setup [172.22.0.12:7777] (../lib/sbi/nnrf-handler.c:949)
04/06 20:05:32.940: [sbi] INFO: [bb7cef3a-1311-41f0-8c56-bb6c0e01925a] Subscription created until 2025-04-07T20:05:32.938760+02:00 [duration:86400000000,validity:86400.000000,patch:43200.000000] (../lib/sbi/nnrf-handler.c:868)
04/06 20:37:45.659: [sbi] ERROR: [ba240bd2-1311-41f0-bce8-eb942e799bd6] No heartbeat [type:NSSF] (../lib/sbi/nf-sm.c:297)
04/06 20:37:45.772: [sbi] INFO: [ba240bd2-1311-41f0-bce8-eb942e799bd6] NF de-registered (../lib/sbi/nf-sm.c:235)
04/06 20:37:55.693: [sbi] ERROR: Connection timer expired (../lib/sbi/client.c:645)
04/06 20:37:56.253: [sbi] WARNING: ogs_sbi_client_handler() failed [-3] (../lib/sbi/path.c:62)
04/06 20:37:57.621: [sbi] ERROR: Connection timer expired (../lib/sbi/client.c:645)
04/06 20:37:57.960: [sbi] WARNING: ogs_sbi_client_handler() failed [-3] (../lib/sbi/path.c:62)
04/06 20:37:58.019: [sbi] WARNING: [ba240bd2-1311-41f0-bce8-eb942e799bd6] Retry registration with NRF (../lib/sbi/nf-sm.c:169)
04/06 20:38:10.012: [sbi] ERROR: Connection timer expired (../lib/sbi/client.c:645)
04/06 20:38:10.422: [sbi] WARNING: ogs_sbi_client_handler() failed [-3] (../lib/sbi/path.c:62)
04/06 20:38:10.438: [sbi] WARNING: [ba240bd2-1311-41f0-bce8-eb942e799bd6] Retry registration with NRF (../lib/sbi/nf-sm.c:169)
04/06 20:38:11.458: [sbi] INFO: [ba240bd2-1311-41f0-bce8-eb942e799bd6] NF registered [Heartbeat:10s] (../lib/sbi/nf-sm.c:208)
04/06 20:38:11.527: [sbi] INFO: NF EndPoint(addr) setup [172.22.0.12:7777] (../lib/sbi/nnrf-handler.c:949)
04/06 20:38:11.567: [sbi] INFO: [4add4464-1316-41f0-8c56-bb6c0e01925a] Subscription created until 2025-04-07T20:38:11.479980+02:00 [duration:86400000000,validity:86400.000000,patch:43200.000000] (../lib/sbi/nnrf-handler.c:868)
04/06 20:40:03.993: [sbi] ERROR: [ba240bd2-1311-41f0-bce8-eb942e799bd6] No heartbeat [type:NSSF] (../lib/sbi/nf-sm.c:297)
04/06 20:40:04.301: [sbi] INFO: [ba240bd2-1311-41f0-bce8-eb942e799bd6] NF de-registered (../lib/sbi/nf-sm.c:235)
04/06 20:40:13.519: [sbi] ERROR: Connection timer expired (../lib/sbi/client.c:645)
04/06 20:40:16.144: [sbi] WARNING: ogs_sbi_client_handler() failed [-3] (../lib/sbi/path.c:62)
04/06 20:40:16.352: [sbi] ERROR: Connection timer expired (../lib/sbi/client.c:645)
04/06 20:40:16.467: [sbi] WARNING: ogs_sbi_client_handler() failed [-3] (../lib/sbi/path.c:62)
04/06 20:40:16.869: [sbi] WARNING: [ba240bd2-1311-41f0-bce8-eb942e799bd6] Retry registration with NRF (../lib/sbi/nf-sm.c:169)
04/06 20:40:27.751: [sbi] INFO: [ba240bd2-1311-41f0-bce8-eb942e799bd6] NF registered [Heartbeat:10s] (../lib/sbi/nf-sm.c:208)
04/06 20:40:27.899: [sbi] INFO: NF EndPoint(addr) setup [172.22.0.12:7777] (../lib/sbi/nnrf-handler.c:949)
04/06 20:40:27.902: [sbi] INFO: [9c236790-1316-41f0-8c56-bb6c0e01925a] Subscription created until 2025-04-07T20:40:27.826165+02:00 [duration:86400000000,validity:86400.000000,patch:43200.000000] (../lib/sbi/nnrf-handler.c:868)
04/06 20:40:39.596: [sbi] ERROR: [ba240bd2-1311-41f0-bce8-eb942e799bd6] No heartbeat [type:NSSF] (../lib/sbi/nf-sm.c:297)
04/06 20:40:40.442: [sbi] INFO: [ba240bd2-1311-41f0-bce8-eb942e799bd6] NF de-registered (../lib/sbi/nf-sm.c:235)
04/06 20:40:50.386: [sbi] ERROR: Connection timer expired (../lib/sbi/client.c:645)
04/06 20:40:50.705: [sbi] WARNING: ogs_sbi_client_handler() failed [-3] (../lib/sbi/path.c:62)
04/06 20:40:52.961: [sbi] ERROR: Connection timer expired (../lib/sbi/client.c:645)
04/06 20:40:53.280: [sbi] WARNING: ogs_sbi_client_handler() failed [-3] (../lib/sbi/path.c:62)
04/06 20:40:53.490: [sbi] WARNING: [ba240bd2-1311-41f0-bce8-eb942e799bd6] Retry registration with NRF (../lib/sbi/nf-sm.c:169)
04/06 20:41:04.825: [sbi] WARNING: [ba240bd2-1311-41f0-bce8-eb942e799bd6] Retry registration with NRF (../lib/sbi/nf-sm.c:169)
04/06 20:41:04.831: [sbi] INFO: [ba240bd2-1311-41f0-bce8-eb942e799bd6] NF registered [Heartbeat:10s] (../lib/sbi/nf-sm.c:208)
04/06 20:41:04.831: [sbi] ERROR: Connection timer expired (../lib/sbi/client.c:645)
04/06 20:41:04.831: [sbi] WARNING: ogs_sbi_client_handler() failed [-3] (../lib/sbi/path.c:62)
04/06 20:41:04.836: [sbi] INFO: NF EndPoint(addr) setup [172.22.0.12:7777] (../lib/sbi/nnrf-handler.c:949)
04/06 20:41:04.846: [sbi] INFO: [b232ac9e-1316-41f0-9663-09225d27fec7] Subscription created until 2025-04-07T20:41:04.836052+02:00 [duration:86400000000,validity:86400.000000,patch:43200.000000] (../lib/sbi/nnrf-handler.c:868)
Open5GS daemon v2.7.2-131-g04ec945

04/06 20:52:24.543: [app] INFO: Configuration: '/open5gs/install/etc/open5gs/nssf.yaml' (../lib/app/ogs-init.c:144)
04/06 20:52:24.550: [app] INFO: File Logging: '/open5gs/install/var/log/open5gs/nssf.log' (../lib/app/ogs-init.c:147)
04/06 20:52:24.558: [sbi] INFO: NF EndPoint(addr) setup [172.22.0.12:7777] (../lib/sbi/context.c:457)
04/06 20:52:24.562: [sbi] INFO: NF EndPoint(addr) setup [172.22.0.35:7777] (../lib/sbi/context.c:505)
04/06 20:52:24.569: [sbi] INFO: NF Service [nnssf-nsselection] (../lib/sbi/context.c:1970)
04/06 20:52:24.585: [sbi] INFO: nghttp2_server() [http://172.22.0.28]:7777 (../lib/sbi/nghttp2-server.c:435)
04/06 20:52:24.608: [app] INFO: NSSF initialize...done (../src/nssf/app.c:31)
04/06 20:52:24.612: [sbi] INFO: [47581a88-1318-41f0-8a22-0fe0c7299afc] NF registered [Heartbeat:10s] (../lib/sbi/nf-sm.c:208)
04/06 20:52:24.616: [sbi] INFO: NF EndPoint(addr) setup [172.22.0.12:7777] (../lib/sbi/nnrf-handler.c:949)
04/06 20:52:24.617: [sbi] INFO: [4760d376-1318-41f0-8a49-ab3ec7004516] Subscription created until 2025-04-07T20:52:24.616116+02:00 [duration:86400000000,validity:86400.000000,patch:43200.000000] (../lib/sbi/nnrf-handler.c:868)
Open5GS daemon v2.7.2-131-g04ec945

04/06 20:56:10.849: [app] INFO: Configuration: '/open5gs/install/etc/open5gs/nssf.yaml' (../lib/app/ogs-init.c:144)
04/06 20:56:10.850: [app] INFO: File Logging: '/open5gs/install/var/log/open5gs/nssf.log' (../lib/app/ogs-init.c:147)
04/06 20:56:10.851: [sbi] INFO: NF EndPoint(addr) setup [172.22.0.12:7777] (../lib/sbi/context.c:457)
04/06 20:56:10.854: [sbi] INFO: NF EndPoint(addr) setup [172.22.0.35:7777] (../lib/sbi/context.c:505)
04/06 20:56:10.854: [sbi] INFO: NF Service [nnssf-nsselection] (../lib/sbi/context.c:1970)
04/06 20:56:10.855: [sbi] INFO: nghttp2_server() [http://172.22.0.28]:7777 (../lib/sbi/nghttp2-server.c:435)
04/06 20:56:10.856: [app] INFO: NSSF initialize...done (../src/nssf/app.c:31)
04/06 20:56:10.862: [sbi] INFO: [ce39a1b6-1318-41f0-a09e-6bc708d5c555] NF registered [Heartbeat:10s] (../lib/sbi/nf-sm.c:208)
04/06 20:56:10.865: [sbi] INFO: NF EndPoint(addr) setup [172.22.0.12:7777] (../lib/sbi/nnrf-handler.c:949)
04/06 20:56:10.866: [sbi] INFO: [ce3bb08c-1318-41f0-b965-8359cb1b6218] Subscription created until 2025-04-07T20:56:10.865200+02:00 [duration:86400000000,validity:86400.000000,patch:43200.000000] (../lib/sbi/nnrf-handler.c:868)
04/06 21:32:13.591: [sbi] ERROR: [ce39a1b6-1318-41f0-a09e-6bc708d5c555] No heartbeat [type:NSSF] (../lib/sbi/nf-sm.c:297)
04/06 21:32:13.692: [sbi] INFO: [ce39a1b6-1318-41f0-a09e-6bc708d5c555] NF de-registered (../lib/sbi/nf-sm.c:235)
04/06 21:32:16.044: [sbi] ERROR: [ce39a1b6-1318-41f0-a09e-6bc708d5c555] HTTP Response Status Code [204] (../lib/sbi/nf-sm.c:145)
04/06 21:32:18.407: [sbi] WARNING: [ce39a1b6-1318-41f0-a09e-6bc708d5c555] Retry registration with NRF (../lib/sbi/nf-sm.c:395)
04/06 21:32:18.606: [sbi] INFO: [ce39a1b6-1318-41f0-a09e-6bc708d5c555] NF registered [Heartbeat:10s] (../lib/sbi/nf-sm.c:208)
04/06 21:32:18.768: [sbi] INFO: NF EndPoint(addr) setup [172.22.0.12:7777] (../lib/sbi/nnrf-handler.c:949)
04/06 21:32:18.775: [sbi] INFO: [da4f9f5a-131d-41f0-b965-8359cb1b6218] Subscription created until 2025-04-07T21:32:18.759761+02:00 [duration:86400000000,validity:86400.000000,patch:43200.000000] (../lib/sbi/nnrf-handler.c:868)
04/06 21:32:39.818: [sbi] ERROR: [ce39a1b6-1318-41f0-a09e-6bc708d5c555] No heartbeat [type:NSSF] (../lib/sbi/nf-sm.c:297)
04/06 21:32:39.934: [sbi] INFO: [ce39a1b6-1318-41f0-a09e-6bc708d5c555] NF de-registered (../lib/sbi/nf-sm.c:235)
04/06 21:32:41.472: [sbi] ERROR: [ce39a1b6-1318-41f0-a09e-6bc708d5c555] HTTP Response Status Code [204] (../lib/sbi/nf-sm.c:145)
04/06 21:32:43.476: [sbi] WARNING: [ce39a1b6-1318-41f0-a09e-6bc708d5c555] Retry registration with NRF (../lib/sbi/nf-sm.c:395)
04/06 21:32:43.525: [sbi] INFO: [ce39a1b6-1318-41f0-a09e-6bc708d5c555] NF registered [Heartbeat:10s] (../lib/sbi/nf-sm.c:208)
04/06 21:32:43.634: [sbi] INFO: NF EndPoint(addr) setup [172.22.0.12:7777] (../lib/sbi/nnrf-handler.c:949)
04/06 21:32:43.693: [sbi] INFO: [e936c700-131d-41f0-b965-8359cb1b6218] Subscription created until 2025-04-07T21:32:43.624482+02:00 [duration:86400000000,validity:86400.000000,patch:43200.000000] (../lib/sbi/nnrf-handler.c:868)
Open5GS daemon v2.7.2-131-g04ec945

04/06 21:38:07.662: [app] INFO: Configuration: '/open5gs/install/etc/open5gs/nssf.yaml' (../lib/app/ogs-init.c:144)
04/06 21:38:07.662: [app] INFO: File Logging: '/open5gs/install/var/log/open5gs/nssf.log' (../lib/app/ogs-init.c:147)
04/06 21:38:07.669: [sbi] INFO: NF EndPoint(addr) setup [172.22.0.12:7777] (../lib/sbi/context.c:457)
04/06 21:38:07.669: [sbi] INFO: NF EndPoint(addr) setup [172.22.0.35:7777] (../lib/sbi/context.c:505)
04/06 21:38:07.669: [sbi] INFO: NF Service [nnssf-nsselection] (../lib/sbi/context.c:1970)
04/06 21:38:07.671: [sbi] INFO: nghttp2_server() [http://172.22.0.28]:7777 (../lib/sbi/nghttp2-server.c:435)
04/06 21:38:07.672: [app] INFO: NSSF initialize...done (../src/nssf/app.c:31)
04/06 21:38:07.680: [sbi] INFO: [aa5d893c-131e-41f0-906f-fb3705b29a41] NF registered [Heartbeat:10s] (../lib/sbi/nf-sm.c:208)
04/06 21:38:07.683: [sbi] INFO: NF EndPoint(addr) setup [172.22.0.12:7777] (../lib/sbi/nnrf-handler.c:949)
04/06 21:38:07.684: [sbi] INFO: [aa5f7c06-131e-41f0-94e6-e91bb67865f3] Subscription created until 2025-04-07T21:38:07.682119+02:00 [duration:86400000000,validity:86400.000000,patch:43200.000000] (../lib/sbi/nnrf-handler.c:868)
Open5GS daemon v2.7.2-131-g04ec945

04/06 21:52:36.408: [app] INFO: Configuration: '/open5gs/install/etc/open5gs/nssf.yaml' (../lib/app/ogs-init.c:144)
04/06 21:52:36.409: [app] INFO: File Logging: '/open5gs/install/var/log/open5gs/nssf.log' (../lib/app/ogs-init.c:147)
04/06 21:52:36.415: [sbi] INFO: NF EndPoint(addr) setup [172.22.0.12:7777] (../lib/sbi/context.c:457)
04/06 21:52:36.418: [sbi] INFO: NF EndPoint(addr) setup [172.22.0.35:7777] (../lib/sbi/context.c:505)
04/06 21:52:36.418: [sbi] INFO: NF Service [nnssf-nsselection] (../lib/sbi/context.c:1970)
04/06 21:52:36.419: [sbi] INFO: nghttp2_server() [http://172.22.0.28]:7777 (../lib/sbi/nghttp2-server.c:435)
04/06 21:52:36.421: [app] INFO: NSSF initialize...done (../src/nssf/app.c:31)
04/06 21:52:36.432: [sbi] INFO: [b02dc780-1320-41f0-b6d9-f39847cc06d8] NF registered [Heartbeat:10s] (../lib/sbi/nf-sm.c:208)
04/06 21:52:36.438: [sbi] INFO: NF EndPoint(addr) setup [172.22.0.12:7777] (../lib/sbi/nnrf-handler.c:949)
04/06 21:52:36.438: [sbi] INFO: [b0308394-1320-41f0-98f5-dfc818e12042] Subscription created until 2025-04-07T21:52:36.434558+02:00 [duration:86400000000,validity:86400.000000,patch:43200.000000] (../lib/sbi/nnrf-handler.c:868)
04/06 22:28:10.075: [sbi] ERROR: [b02dc780-1320-41f0-b6d9-f39847cc06d8] No heartbeat [type:NSSF] (../lib/sbi/nf-sm.c:297)
04/06 22:28:10.103: [sbi] INFO: [b02dc780-1320-41f0-b6d9-f39847cc06d8] NF de-registered (../lib/sbi/nf-sm.c:235)
04/06 22:28:10.266: [sbi] ERROR: [b02dc780-1320-41f0-b6d9-f39847cc06d8] HTTP Response Status Code [204] (../lib/sbi/nf-sm.c:145)
04/06 22:28:12.275: [sbi] WARNING: [b02dc780-1320-41f0-b6d9-f39847cc06d8] Retry registration with NRF (../lib/sbi/nf-sm.c:395)
04/06 22:28:12.338: [sbi] INFO: [b02dc780-1320-41f0-b6d9-f39847cc06d8] NF registered [Heartbeat:10s] (../lib/sbi/nf-sm.c:208)
04/06 22:28:12.434: [sbi] INFO: NF EndPoint(addr) setup [172.22.0.12:7777] (../lib/sbi/nnrf-handler.c:949)
04/06 22:28:12.440: [sbi] INFO: [a94e9b4c-1325-41f0-98f5-dfc818e12042] Subscription created until 2025-04-07T22:28:12.370692+02:00 [duration:86400000000,validity:86400.000000,patch:43200.000000] (../lib/sbi/nnrf-handler.c:868)
Open5GS daemon v2.7.2-131-g04ec945

04/06 22:48:16.450: [app] INFO: Configuration: '/open5gs/install/etc/open5gs/nssf.yaml' (../lib/app/ogs-init.c:144)
04/06 22:48:16.450: [app] INFO: File Logging: '/open5gs/install/var/log/open5gs/nssf.log' (../lib/app/ogs-init.c:147)
04/06 22:48:16.536: [sbi] INFO: NF EndPoint(addr) setup [172.22.0.12:7777] (../lib/sbi/context.c:457)
04/06 22:48:16.536: [sbi] INFO: NF EndPoint(addr) setup [172.22.0.35:7777] (../lib/sbi/context.c:505)
04/06 22:48:16.536: [sbi] INFO: NF Service [nnssf-nsselection] (../lib/sbi/context.c:1970)
04/06 22:48:16.582: [sbi] INFO: nghttp2_server() [http://172.22.0.28]:7777 (../lib/sbi/nghttp2-server.c:435)
04/06 22:48:16.604: [app] INFO: NSSF initialize...done (../src/nssf/app.c:31)
04/06 22:48:27.582: [sbi] WARNING: [77014c54-1328-41f0-b2d8-b70b3bcf60d1] Retry registration with NRF (../lib/sbi/nf-sm.c:169)
04/06 22:48:27.587: [sbi] ERROR: Connection timer expired (../lib/sbi/client.c:645)
04/06 22:48:27.595: [sbi] WARNING: ogs_sbi_client_handler() failed [-3] (../lib/sbi/path.c:62)
04/06 22:48:38.625: [sbi] ERROR: Connection timer expired (../lib/sbi/client.c:645)
04/06 22:48:38.643: [sbi] WARNING: ogs_sbi_client_handler() failed [-3] (../lib/sbi/path.c:62)
04/06 22:48:38.727: [sbi] WARNING: [77014c54-1328-41f0-b2d8-b70b3bcf60d1] Retry registration with NRF (../lib/sbi/nf-sm.c:169)
04/06 22:48:49.733: [sbi] WARNING: [77014c54-1328-41f0-b2d8-b70b3bcf60d1] Retry registration with NRF (../lib/sbi/nf-sm.c:169)
04/06 22:48:49.748: [sbi] ERROR: Connection timer expired (../lib/sbi/client.c:645)
04/06 22:48:49.753: [sbi] WARNING: ogs_sbi_client_handler() failed [-3] (../lib/sbi/path.c:62)
04/06 22:49:00.743: [sbi] WARNING: [77014c54-1328-41f0-b2d8-b70b3bcf60d1] Retry registration with NRF (../lib/sbi/nf-sm.c:169)
04/06 22:49:00.744: [sbi] ERROR: Connection timer expired (../lib/sbi/client.c:645)
04/06 22:49:00.746: [sbi] WARNING: ogs_sbi_client_handler() failed [-3] (../lib/sbi/path.c:62)
04/06 22:49:11.744: [sbi] WARNING: [77014c54-1328-41f0-b2d8-b70b3bcf60d1] Retry registration with NRF (../lib/sbi/nf-sm.c:169)
04/06 22:49:11.761: [sbi] ERROR: Connection timer expired (../lib/sbi/client.c:645)
04/06 22:49:11.764: [sbi] WARNING: ogs_sbi_client_handler() failed [-3] (../lib/sbi/path.c:62)
04/06 22:49:22.763: [sbi] ERROR: Connection timer expired (../lib/sbi/client.c:645)
04/06 22:49:22.764: [sbi] WARNING: ogs_sbi_client_handler() failed [-3] (../lib/sbi/path.c:62)
04/06 22:49:22.764: [sbi] WARNING: [77014c54-1328-41f0-b2d8-b70b3bcf60d1] Retry registration with NRF (../lib/sbi/nf-sm.c:169)
04/06 22:49:33.771: [sbi] WARNING: [77014c54-1328-41f0-b2d8-b70b3bcf60d1] Retry registration with NRF (../lib/sbi/nf-sm.c:169)
04/06 22:49:33.774: [sbi] ERROR: Connection timer expired (../lib/sbi/client.c:645)
04/06 22:49:33.774: [sbi] WARNING: ogs_sbi_client_handler() failed [-3] (../lib/sbi/path.c:62)
04/06 22:49:44.774: [sbi] WARNING: [77014c54-1328-41f0-b2d8-b70b3bcf60d1] Retry registration with NRF (../lib/sbi/nf-sm.c:169)
04/06 22:49:44.778: [sbi] ERROR: Connection timer expired (../lib/sbi/client.c:645)
04/06 22:49:44.779: [sbi] WARNING: ogs_sbi_client_handler() failed [-3] (../lib/sbi/path.c:62)
04/06 22:49:55.756: [sbi] ERROR: Connection timer expired (../lib/sbi/client.c:645)
04/06 22:49:55.777: [sbi] WARNING: ogs_sbi_client_handler() failed [-3] (../lib/sbi/path.c:62)
04/06 22:49:55.789: [sbi] WARNING: [77014c54-1328-41f0-b2d8-b70b3bcf60d1] Retry registration with NRF (../lib/sbi/nf-sm.c:169)
04/06 22:50:06.801: [sbi] WARNING: [77014c54-1328-41f0-b2d8-b70b3bcf60d1] Retry registration with NRF (../lib/sbi/nf-sm.c:169)
04/06 22:50:06.802: [sbi] ERROR: Connection timer expired (../lib/sbi/client.c:645)
04/06 22:50:06.803: [sbi] WARNING: ogs_sbi_client_handler() failed [-3] (../lib/sbi/path.c:62)
04/06 22:50:17.818: [sbi] ERROR: Connection timer expired (../lib/sbi/client.c:645)
04/06 22:50:17.822: [sbi] WARNING: ogs_sbi_client_handler() failed [-3] (../lib/sbi/path.c:62)
04/06 22:50:17.823: [sbi] WARNING: [77014c54-1328-41f0-b2d8-b70b3bcf60d1] Retry registration with NRF (../lib/sbi/nf-sm.c:169)
04/06 22:50:28.862: [sbi] ERROR: Connection timer expired (../lib/sbi/client.c:645)
04/06 22:50:28.863: [sbi] WARNING: ogs_sbi_client_handler() failed [-3] (../lib/sbi/path.c:62)
04/06 22:50:28.866: [sbi] WARNING: [77014c54-1328-41f0-b2d8-b70b3bcf60d1] Retry registration with NRF (../lib/sbi/nf-sm.c:169)
04/06 22:50:39.907: [sbi] ERROR: Connection timer expired (../lib/sbi/client.c:645)
04/06 22:50:39.991: [sbi] WARNING: ogs_sbi_client_handler() failed [-3] (../lib/sbi/path.c:62)
04/06 22:50:39.998: [sbi] WARNING: [77014c54-1328-41f0-b2d8-b70b3bcf60d1] Retry registration with NRF (../lib/sbi/nf-sm.c:169)
04/06 22:50:51.012: [sbi] WARNING: [77014c54-1328-41f0-b2d8-b70b3bcf60d1] Retry registration with NRF (../lib/sbi/nf-sm.c:169)
04/06 22:50:51.014: [sbi] ERROR: Connection timer expired (../lib/sbi/client.c:645)
04/06 22:50:51.014: [sbi] WARNING: ogs_sbi_client_handler() failed [-3] (../lib/sbi/path.c:62)
04/06 22:51:02.015: [sbi] WARNING: [77014c54-1328-41f0-b2d8-b70b3bcf60d1] Retry registration with NRF (../lib/sbi/nf-sm.c:169)
04/06 22:51:02.020: [sbi] ERROR: Connection timer expired (../lib/sbi/client.c:645)
04/06 22:51:02.020: [sbi] WARNING: ogs_sbi_client_handler() failed [-3] (../lib/sbi/path.c:62)
04/06 22:51:13.020: [sbi] WARNING: [77014c54-1328-41f0-b2d8-b70b3bcf60d1] Retry registration with NRF (../lib/sbi/nf-sm.c:169)
04/06 22:51:13.022: [sbi] ERROR: Connection timer expired (../lib/sbi/client.c:645)
04/06 22:51:13.022: [sbi] WARNING: ogs_sbi_client_handler() failed [-3] (../lib/sbi/path.c:62)
04/06 22:51:24.021: [sbi] WARNING: [77014c54-1328-41f0-b2d8-b70b3bcf60d1] Retry registration with NRF (../lib/sbi/nf-sm.c:169)
04/06 22:51:24.022: [sbi] ERROR: Connection timer expired (../lib/sbi/client.c:645)
04/06 22:51:24.023: [sbi] WARNING: ogs_sbi_client_handler() failed [-3] (../lib/sbi/path.c:62)
04/06 22:51:35.023: [sbi] WARNING: [77014c54-1328-41f0-b2d8-b70b3bcf60d1] Retry registration with NRF (../lib/sbi/nf-sm.c:169)
04/06 22:51:35.029: [sbi] ERROR: Connection timer expired (../lib/sbi/client.c:645)
04/06 22:51:35.029: [sbi] WARNING: ogs_sbi_client_handler() failed [-3] (../lib/sbi/path.c:62)
04/06 22:51:46.029: [sbi] WARNING: [77014c54-1328-41f0-b2d8-b70b3bcf60d1] Retry registration with NRF (../lib/sbi/nf-sm.c:169)
04/06 22:51:46.030: [sbi] ERROR: Connection timer expired (../lib/sbi/client.c:645)
04/06 22:51:46.030: [sbi] WARNING: ogs_sbi_client_handler() failed [-3] (../lib/sbi/path.c:62)
04/06 22:51:57.046: [sbi] ERROR: Connection timer expired (../lib/sbi/client.c:645)
04/06 22:51:57.047: [sbi] WARNING: ogs_sbi_client_handler() failed [-3] (../lib/sbi/path.c:62)
04/06 22:51:57.047: [sbi] WARNING: [77014c54-1328-41f0-b2d8-b70b3bcf60d1] Retry registration with NRF (../lib/sbi/nf-sm.c:169)
04/06 22:52:08.052: [sbi] ERROR: Connection timer expired (../lib/sbi/client.c:645)
04/06 22:52:08.055: [sbi] WARNING: ogs_sbi_client_handler() failed [-3] (../lib/sbi/path.c:62)
04/06 22:52:08.056: [sbi] WARNING: [77014c54-1328-41f0-b2d8-b70b3bcf60d1] Retry registration with NRF (../lib/sbi/nf-sm.c:169)
04/06 22:52:19.062: [sbi] ERROR: Connection timer expired (../lib/sbi/client.c:645)
04/06 22:52:19.078: [sbi] WARNING: ogs_sbi_client_handler() failed [-3] (../lib/sbi/path.c:62)
04/06 22:52:19.079: [sbi] WARNING: [77014c54-1328-41f0-b2d8-b70b3bcf60d1] Retry registration with NRF (../lib/sbi/nf-sm.c:169)
04/06 22:52:30.103: [sbi] ERROR: Connection timer expired (../lib/sbi/client.c:645)
04/06 22:52:30.108: [sbi] WARNING: ogs_sbi_client_handler() failed [-3] (../lib/sbi/path.c:62)
04/06 22:52:30.112: [sbi] WARNING: [77014c54-1328-41f0-b2d8-b70b3bcf60d1] Retry registration with NRF (../lib/sbi/nf-sm.c:169)
04/06 22:52:41.120: [sbi] ERROR: Connection timer expired (../lib/sbi/client.c:645)
04/06 22:52:41.123: [sbi] WARNING: ogs_sbi_client_handler() failed [-3] (../lib/sbi/path.c:62)
04/06 22:52:41.123: [sbi] WARNING: [77014c54-1328-41f0-b2d8-b70b3bcf60d1] Retry registration with NRF (../lib/sbi/nf-sm.c:169)
04/06 22:52:52.124: [sbi] ERROR: Connection timer expired (../lib/sbi/client.c:645)
04/06 22:52:52.125: [sbi] WARNING: ogs_sbi_client_handler() failed [-3] (../lib/sbi/path.c:62)
04/06 22:52:52.125: [sbi] WARNING: [77014c54-1328-41f0-b2d8-b70b3bcf60d1] Retry registration with NRF (../lib/sbi/nf-sm.c:169)
04/06 22:53:03.125: [sbi] WARNING: [77014c54-1328-41f0-b2d8-b70b3bcf60d1] Retry registration with NRF (../lib/sbi/nf-sm.c:169)
04/06 22:53:03.127: [sbi] ERROR: Connection timer expired (../lib/sbi/client.c:645)
04/06 22:53:03.129: [sbi] WARNING: ogs_sbi_client_handler() failed [-3] (../lib/sbi/path.c:62)
04/06 22:53:14.127: [sbi] ERROR: Connection timer expired (../lib/sbi/client.c:645)
04/06 22:53:14.128: [sbi] WARNING: ogs_sbi_client_handler() failed [-3] (../lib/sbi/path.c:62)
04/06 22:53:14.128: [sbi] WARNING: [77014c54-1328-41f0-b2d8-b70b3bcf60d1] Retry registration with NRF (../lib/sbi/nf-sm.c:169)
04/06 22:53:25.129: [sbi] ERROR: Connection timer expired (../lib/sbi/client.c:645)
04/06 22:53:25.130: [sbi] WARNING: ogs_sbi_client_handler() failed [-3] (../lib/sbi/path.c:62)
04/06 22:53:25.132: [sbi] WARNING: [77014c54-1328-41f0-b2d8-b70b3bcf60d1] Retry registration with NRF (../lib/sbi/nf-sm.c:169)
04/06 22:53:36.135: [sbi] ERROR: Connection timer expired (../lib/sbi/client.c:645)
04/06 22:53:36.143: [sbi] WARNING: ogs_sbi_client_handler() failed [-3] (../lib/sbi/path.c:62)
04/06 22:53:36.144: [sbi] WARNING: [77014c54-1328-41f0-b2d8-b70b3bcf60d1] Retry registration with NRF (../lib/sbi/nf-sm.c:169)
04/06 22:53:47.145: [sbi] WARNING: [77014c54-1328-41f0-b2d8-b70b3bcf60d1] Retry registration with NRF (../lib/sbi/nf-sm.c:169)
04/06 22:53:47.146: [sbi] ERROR: Connection timer expired (../lib/sbi/client.c:645)
04/06 22:53:47.147: [sbi] WARNING: ogs_sbi_client_handler() failed [-3] (../lib/sbi/path.c:62)
04/06 22:53:58.150: [sbi] ERROR: Connection timer expired (../lib/sbi/client.c:645)
04/06 22:53:58.163: [sbi] WARNING: ogs_sbi_client_handler() failed [-3] (../lib/sbi/path.c:62)
04/06 22:53:58.167: [sbi] WARNING: [77014c54-1328-41f0-b2d8-b70b3bcf60d1] Retry registration with NRF (../lib/sbi/nf-sm.c:169)
04/06 22:54:09.180: [sbi] ERROR: Connection timer expired (../lib/sbi/client.c:645)
04/06 22:54:09.183: [sbi] WARNING: ogs_sbi_client_handler() failed [-3] (../lib/sbi/path.c:62)
04/06 22:54:09.190: [sbi] WARNING: [77014c54-1328-41f0-b2d8-b70b3bcf60d1] Retry registration with NRF (../lib/sbi/nf-sm.c:169)
04/06 22:54:20.198: [sbi] ERROR: Connection timer expired (../lib/sbi/client.c:645)
04/06 22:54:20.200: [sbi] WARNING: ogs_sbi_client_handler() failed [-3] (../lib/sbi/path.c:62)
04/06 22:54:20.204: [sbi] WARNING: [77014c54-1328-41f0-b2d8-b70b3bcf60d1] Retry registration with NRF (../lib/sbi/nf-sm.c:169)
04/06 22:54:31.206: [sbi] WARNING: [77014c54-1328-41f0-b2d8-b70b3bcf60d1] Retry registration with NRF (../lib/sbi/nf-sm.c:169)
04/06 22:54:31.209: [sbi] ERROR: Connection timer expired (../lib/sbi/client.c:645)
04/06 22:54:31.210: [sbi] WARNING: ogs_sbi_client_handler() failed [-3] (../lib/sbi/path.c:62)
04/06 22:54:42.207: [sbi] WARNING: [77014c54-1328-41f0-b2d8-b70b3bcf60d1] Retry registration with NRF (../lib/sbi/nf-sm.c:169)
04/06 22:54:42.208: [sbi] ERROR: Connection timer expired (../lib/sbi/client.c:645)
04/06 22:54:42.209: [sbi] WARNING: ogs_sbi_client_handler() failed [-3] (../lib/sbi/path.c:62)
04/06 22:54:53.209: [sbi] ERROR: Connection timer expired (../lib/sbi/client.c:645)
04/06 22:54:53.211: [sbi] WARNING: ogs_sbi_client_handler() failed [-3] (../lib/sbi/path.c:62)
04/06 22:54:53.218: [sbi] WARNING: [77014c54-1328-41f0-b2d8-b70b3bcf60d1] Retry registration with NRF (../lib/sbi/nf-sm.c:169)
04/06 22:55:04.219: [sbi] WARNING: [77014c54-1328-41f0-b2d8-b70b3bcf60d1] Retry registration with NRF (../lib/sbi/nf-sm.c:169)
04/06 22:55:04.221: [sbi] ERROR: Connection timer expired (../lib/sbi/client.c:645)
04/06 22:55:04.221: [sbi] WARNING: ogs_sbi_client_handler() failed [-3] (../lib/sbi/path.c:62)
04/06 22:55:15.221: [sbi] ERROR: Connection timer expired (../lib/sbi/client.c:645)
04/06 22:55:15.224: [sbi] WARNING: ogs_sbi_client_handler() failed [-3] (../lib/sbi/path.c:62)
04/06 22:55:15.226: [sbi] WARNING: [77014c54-1328-41f0-b2d8-b70b3bcf60d1] Retry registration with NRF (../lib/sbi/nf-sm.c:169)
04/06 22:55:26.225: [sbi] WARNING: [77014c54-1328-41f0-b2d8-b70b3bcf60d1] Retry registration with NRF (../lib/sbi/nf-sm.c:169)
04/06 22:55:26.227: [sbi] ERROR: Connection timer expired (../lib/sbi/client.c:645)
04/06 22:55:26.228: [sbi] WARNING: ogs_sbi_client_handler() failed [-3] (../lib/sbi/path.c:62)
04/06 22:55:37.227: [sbi] WARNING: [77014c54-1328-41f0-b2d8-b70b3bcf60d1] Retry registration with NRF (../lib/sbi/nf-sm.c:169)
04/06 22:55:37.229: [sbi] ERROR: Connection timer expired (../lib/sbi/client.c:645)
04/06 22:55:37.232: [sbi] WARNING: ogs_sbi_client_handler() failed [-3] (../lib/sbi/path.c:62)
04/06 22:55:48.230: [sbi] ERROR: Connection timer expired (../lib/sbi/client.c:645)
04/06 22:55:48.231: [sbi] WARNING: ogs_sbi_client_handler() failed [-3] (../lib/sbi/path.c:62)
04/06 22:55:48.232: [sbi] WARNING: [77014c54-1328-41f0-b2d8-b70b3bcf60d1] Retry registration with NRF (../lib/sbi/nf-sm.c:169)
04/06 22:55:59.237: [sbi] ERROR: Connection timer expired (../lib/sbi/client.c:645)
04/06 22:55:59.238: [sbi] WARNING: ogs_sbi_client_handler() failed [-3] (../lib/sbi/path.c:62)
04/06 22:55:59.240: [sbi] WARNING: [77014c54-1328-41f0-b2d8-b70b3bcf60d1] Retry registration with NRF (../lib/sbi/nf-sm.c:169)
04/06 22:56:10.240: [sbi] WARNING: [77014c54-1328-41f0-b2d8-b70b3bcf60d1] Retry registration with NRF (../lib/sbi/nf-sm.c:169)
04/06 22:56:10.243: [sbi] ERROR: Connection timer expired (../lib/sbi/client.c:645)
04/06 22:56:10.243: [sbi] WARNING: ogs_sbi_client_handler() failed [-3] (../lib/sbi/path.c:62)
04/06 22:56:21.242: [sbi] WARNING: [77014c54-1328-41f0-b2d8-b70b3bcf60d1] Retry registration with NRF (../lib/sbi/nf-sm.c:169)
04/06 22:56:21.244: [sbi] ERROR: Connection timer expired (../lib/sbi/client.c:645)
04/06 22:56:21.245: [sbi] WARNING: ogs_sbi_client_handler() failed [-3] (../lib/sbi/path.c:62)
04/06 22:56:32.240: [sbi] WARNING: [77014c54-1328-41f0-b2d8-b70b3bcf60d1] Retry registration with NRF (../lib/sbi/nf-sm.c:169)
04/06 22:56:32.246: [sbi] ERROR: Connection timer expired (../lib/sbi/client.c:645)
04/06 22:56:32.247: [sbi] WARNING: ogs_sbi_client_handler() failed [-3] (../lib/sbi/path.c:62)
04/06 22:56:43.252: [sbi] ERROR: Connection timer expired (../lib/sbi/client.c:645)
04/06 22:56:43.255: [sbi] WARNING: ogs_sbi_client_handler() failed [-3] (../lib/sbi/path.c:62)
04/06 22:56:43.257: [sbi] WARNING: [77014c54-1328-41f0-b2d8-b70b3bcf60d1] Retry registration with NRF (../lib/sbi/nf-sm.c:169)
04/06 22:56:54.258: [sbi] ERROR: Connection timer expired (../lib/sbi/client.c:645)
04/06 22:56:54.260: [sbi] WARNING: ogs_sbi_client_handler() failed [-3] (../lib/sbi/path.c:62)
04/06 22:56:54.266: [sbi] WARNING: [77014c54-1328-41f0-b2d8-b70b3bcf60d1] Retry registration with NRF (../lib/sbi/nf-sm.c:169)
04/06 22:57:05.272: [sbi] WARNING: [77014c54-1328-41f0-b2d8-b70b3bcf60d1] Retry registration with NRF (../lib/sbi/nf-sm.c:169)
04/06 22:57:05.275: [sbi] ERROR: Connection timer expired (../lib/sbi/client.c:645)
04/06 22:57:05.280: [sbi] WARNING: ogs_sbi_client_handler() failed [-3] (../lib/sbi/path.c:62)
04/06 22:57:16.280: [sbi] ERROR: Connection timer expired (../lib/sbi/client.c:645)
04/06 22:57:16.293: [sbi] WARNING: ogs_sbi_client_handler() failed [-3] (../lib/sbi/path.c:62)
04/06 22:57:16.298: [sbi] WARNING: [77014c54-1328-41f0-b2d8-b70b3bcf60d1] Retry registration with NRF (../lib/sbi/nf-sm.c:169)
04/06 22:57:27.303: [sbi] WARNING: [77014c54-1328-41f0-b2d8-b70b3bcf60d1] Retry registration with NRF (../lib/sbi/nf-sm.c:169)
04/06 22:57:27.305: [sbi] ERROR: Connection timer expired (../lib/sbi/client.c:645)
04/06 22:57:27.306: [sbi] WARNING: ogs_sbi_client_handler() failed [-3] (../lib/sbi/path.c:62)
04/06 22:57:38.304: [sbi] WARNING: [77014c54-1328-41f0-b2d8-b70b3bcf60d1] Retry registration with NRF (../lib/sbi/nf-sm.c:169)
04/06 22:57:38.307: [sbi] ERROR: Connection timer expired (../lib/sbi/client.c:645)
04/06 22:57:38.309: [sbi] WARNING: ogs_sbi_client_handler() failed [-3] (../lib/sbi/path.c:62)
04/06 22:57:49.307: [sbi] ERROR: Connection timer expired (../lib/sbi/client.c:645)
04/06 22:57:49.309: [sbi] WARNING: ogs_sbi_client_handler() failed [-3] (../lib/sbi/path.c:62)
04/06 22:57:49.312: [sbi] WARNING: [77014c54-1328-41f0-b2d8-b70b3bcf60d1] Retry registration with NRF (../lib/sbi/nf-sm.c:169)
04/06 22:58:00.312: [sbi] WARNING: [77014c54-1328-41f0-b2d8-b70b3bcf60d1] Retry registration with NRF (../lib/sbi/nf-sm.c:169)
04/06 22:58:00.317: [sbi] ERROR: Connection timer expired (../lib/sbi/client.c:645)
04/06 22:58:00.319: [sbi] WARNING: ogs_sbi_client_handler() failed [-3] (../lib/sbi/path.c:62)
04/06 22:58:11.315: [sbi] WARNING: [77014c54-1328-41f0-b2d8-b70b3bcf60d1] Retry registration with NRF (../lib/sbi/nf-sm.c:169)
04/06 22:58:11.323: [sbi] ERROR: Connection timer expired (../lib/sbi/client.c:645)
04/06 22:58:11.323: [sbi] WARNING: ogs_sbi_client_handler() failed [-3] (../lib/sbi/path.c:62)
04/06 22:58:22.322: [sbi] WARNING: [77014c54-1328-41f0-b2d8-b70b3bcf60d1] Retry registration with NRF (../lib/sbi/nf-sm.c:169)
04/06 22:58:22.323: [sbi] ERROR: Connection timer expired (../lib/sbi/client.c:645)
04/06 22:58:22.325: [sbi] WARNING: ogs_sbi_client_handler() failed [-3] (../lib/sbi/path.c:62)
04/06 22:58:33.312: [sbi] WARNING: [77014c54-1328-41f0-b2d8-b70b3bcf60d1] Retry registration with NRF (../lib/sbi/nf-sm.c:169)
04/06 22:58:33.316: [sbi] ERROR: Connection timer expired (../lib/sbi/client.c:645)
04/06 22:58:33.318: [sbi] WARNING: ogs_sbi_client_handler() failed [-3] (../lib/sbi/path.c:62)
04/06 22:58:44.314: [sbi] WARNING: [77014c54-1328-41f0-b2d8-b70b3bcf60d1] Retry registration with NRF (../lib/sbi/nf-sm.c:169)
04/06 22:58:44.320: [sbi] ERROR: Connection timer expired (../lib/sbi/client.c:645)
04/06 22:58:44.321: [sbi] WARNING: ogs_sbi_client_handler() failed [-3] (../lib/sbi/path.c:62)
04/06 22:58:55.334: [sbi] WARNING: [77014c54-1328-41f0-b2d8-b70b3bcf60d1] Retry registration with NRF (../lib/sbi/nf-sm.c:169)
04/06 22:58:55.340: [sbi] ERROR: Connection timer expired (../lib/sbi/client.c:645)
04/06 22:58:55.340: [sbi] WARNING: ogs_sbi_client_handler() failed [-3] (../lib/sbi/path.c:62)
04/06 22:59:06.335: [sbi] WARNING: [77014c54-1328-41f0-b2d8-b70b3bcf60d1] Retry registration with NRF (../lib/sbi/nf-sm.c:169)
04/06 22:59:06.340: [sbi] ERROR: Connection timer expired (../lib/sbi/client.c:645)
04/06 22:59:06.341: [sbi] WARNING: ogs_sbi_client_handler() failed [-3] (../lib/sbi/path.c:62)
04/06 22:59:17.340: [sbi] WARNING: [77014c54-1328-41f0-b2d8-b70b3bcf60d1] Retry registration with NRF (../lib/sbi/nf-sm.c:169)
04/06 22:59:17.344: [sbi] ERROR: Connection timer expired (../lib/sbi/client.c:645)
04/06 22:59:17.346: [sbi] WARNING: ogs_sbi_client_handler() failed [-3] (../lib/sbi/path.c:62)
04/06 22:59:28.345: [sbi] WARNING: [77014c54-1328-41f0-b2d8-b70b3bcf60d1] Retry registration with NRF (../lib/sbi/nf-sm.c:169)
04/06 22:59:28.349: [sbi] ERROR: Connection timer expired (../lib/sbi/client.c:645)
04/06 22:59:28.349: [sbi] WARNING: ogs_sbi_client_handler() failed [-3] (../lib/sbi/path.c:62)
04/06 22:59:39.349: [sbi] WARNING: [77014c54-1328-41f0-b2d8-b70b3bcf60d1] Retry registration with NRF (../lib/sbi/nf-sm.c:169)
04/06 22:59:39.352: [sbi] ERROR: Connection timer expired (../lib/sbi/client.c:645)
04/06 22:59:39.352: [sbi] WARNING: ogs_sbi_client_handler() failed [-3] (../lib/sbi/path.c:62)
04/06 22:59:50.352: [sbi] ERROR: Connection timer expired (../lib/sbi/client.c:645)
04/06 22:59:50.353: [sbi] WARNING: ogs_sbi_client_handler() failed [-3] (../lib/sbi/path.c:62)
04/06 22:59:50.356: [sbi] WARNING: [77014c54-1328-41f0-b2d8-b70b3bcf60d1] Retry registration with NRF (../lib/sbi/nf-sm.c:169)
04/06 23:00:01.357: [sbi] WARNING: [77014c54-1328-41f0-b2d8-b70b3bcf60d1] Retry registration with NRF (../lib/sbi/nf-sm.c:169)
04/06 23:00:01.358: [sbi] ERROR: Connection timer expired (../lib/sbi/client.c:645)
04/06 23:00:01.358: [sbi] WARNING: ogs_sbi_client_handler() failed [-3] (../lib/sbi/path.c:62)
04/06 23:00:12.359: [sbi] WARNING: [77014c54-1328-41f0-b2d8-b70b3bcf60d1] Retry registration with NRF (../lib/sbi/nf-sm.c:169)
04/06 23:00:12.363: [sbi] ERROR: Connection timer expired (../lib/sbi/client.c:645)
04/06 23:00:12.364: [sbi] WARNING: ogs_sbi_client_handler() failed [-3] (../lib/sbi/path.c:62)
04/06 23:00:23.368: [sbi] WARNING: [77014c54-1328-41f0-b2d8-b70b3bcf60d1] Retry registration with NRF (../lib/sbi/nf-sm.c:169)
04/06 23:00:23.373: [sbi] ERROR: Connection timer expired (../lib/sbi/client.c:645)
04/06 23:00:23.375: [sbi] WARNING: ogs_sbi_client_handler() failed [-3] (../lib/sbi/path.c:62)
Open5GS daemon v2.7.2-131-g04ec945

04/06 23:01:43.959: [app] INFO: Configuration: '/open5gs/install/etc/open5gs/nssf.yaml' (../lib/app/ogs-init.c:144)
04/06 23:01:43.959: [app] INFO: File Logging: '/open5gs/install/var/log/open5gs/nssf.log' (../lib/app/ogs-init.c:147)
04/06 23:01:43.967: [sbi] INFO: NF EndPoint(addr) setup [172.22.0.12:7777] (../lib/sbi/context.c:457)
04/06 23:01:43.970: [sbi] INFO: NF EndPoint(addr) setup [172.22.0.35:7777] (../lib/sbi/context.c:505)
04/06 23:01:43.970: [sbi] INFO: NF Service [nnssf-nsselection] (../lib/sbi/context.c:1970)
04/06 23:01:43.971: [sbi] INFO: nghttp2_server() [http://172.22.0.28]:7777 (../lib/sbi/nghttp2-server.c:435)
04/06 23:01:43.973: [app] INFO: NSSF initialize...done (../src/nssf/app.c:31)
04/06 23:01:44.007: [sbi] INFO: [584fde5e-132a-41f0-a3af-17659682c943] NF registered [Heartbeat:10s] (../lib/sbi/nf-sm.c:208)
04/06 23:01:44.015: [sbi] INFO: NF EndPoint(addr) setup [172.22.0.12:7777] (../lib/sbi/nnrf-handler.c:949)
04/06 23:01:44.017: [sbi] INFO: [58563c40-132a-41f0-8dba-bd665e11b5aa] Subscription created until 2025-04-07T23:01:44.009818+02:00 [duration:86400000000,validity:86400.000000,patch:43200.000000] (../lib/sbi/nnrf-handler.c:868)
Open5GS daemon v2.7.2-131-g04ec945

04/06 23:04:21.367: [app] INFO: Configuration: '/open5gs/install/etc/open5gs/nssf.yaml' (../lib/app/ogs-init.c:144)
04/06 23:04:21.367: [app] INFO: File Logging: '/open5gs/install/var/log/open5gs/nssf.log' (../lib/app/ogs-init.c:147)
04/06 23:04:21.375: [sbi] INFO: NF EndPoint(addr) setup [172.22.0.12:7777] (../lib/sbi/context.c:457)
04/06 23:04:21.378: [sbi] INFO: NF EndPoint(addr) setup [172.22.0.35:7777] (../lib/sbi/context.c:505)
04/06 23:04:21.379: [sbi] INFO: NF Service [nnssf-nsselection] (../lib/sbi/context.c:1970)
04/06 23:04:21.380: [sbi] INFO: nghttp2_server() [http://172.22.0.28]:7777 (../lib/sbi/nghttp2-server.c:435)
04/06 23:04:21.384: [app] INFO: NSSF initialize...done (../src/nssf/app.c:31)
04/06 23:04:21.411: [sbi] INFO: [b62269de-132a-41f0-9d74-5506ba8a5e2b] NF registered [Heartbeat:10s] (../lib/sbi/nf-sm.c:208)
04/06 23:04:21.418: [sbi] INFO: NF EndPoint(addr) setup [172.22.0.12:7777] (../lib/sbi/nnrf-handler.c:949)
04/06 23:04:21.418: [sbi] INFO: [b628d53a-132a-41f0-a183-77c90c66e6a8] Subscription created until 2025-04-07T23:04:21.417122+02:00 [duration:86400000000,validity:86400.000000,patch:43200.000000] (../lib/sbi/nnrf-handler.c:868)
Open5GS daemon v2.7.2-131-g04ec945

04/07 07:43:58.567: [app] INFO: Configuration: '/open5gs/install/etc/open5gs/nssf.yaml' (../lib/app/ogs-init.c:144)
04/07 07:43:58.568: [app] INFO: File Logging: '/open5gs/install/var/log/open5gs/nssf.log' (../lib/app/ogs-init.c:147)
04/07 07:43:58.575: [sbi] INFO: NF EndPoint(addr) setup [172.22.0.12:7777] (../lib/sbi/context.c:457)
04/07 07:43:58.577: [sbi] INFO: NF EndPoint(addr) setup [172.22.0.35:7777] (../lib/sbi/context.c:505)
04/07 07:43:58.577: [sbi] INFO: NF Service [nnssf-nsselection] (../lib/sbi/context.c:1970)
04/07 07:43:58.581: [sbi] INFO: nghttp2_server() [http://172.22.0.28]:7777 (../lib/sbi/nghttp2-server.c:435)
04/07 07:43:58.582: [app] INFO: NSSF initialize...done (../src/nssf/app.c:31)
04/07 07:43:58.587: [sbi] INFO: [4d31be86-1373-41f0-ab3e-1b25e79e4b27] NF registered [Heartbeat:10s] (../lib/sbi/nf-sm.c:208)
04/07 07:43:58.597: [sbi] INFO: NF EndPoint(addr) setup [172.22.0.12:7777] (../lib/sbi/nnrf-handler.c:949)
04/07 07:43:58.597: [sbi] INFO: [4d34487c-1373-41f0-a4bf-13a9b8937245] Subscription created until 2025-04-08T07:43:58.592833+02:00 [duration:86400000000,validity:86400.000000,patch:43200.000000] (../lib/sbi/nnrf-handler.c:868)
Open5GS daemon v2.7.2-131-g04ec945

04/07 12:19:42.778: [app] INFO: Configuration: '/open5gs/install/etc/open5gs/nssf.yaml' (../lib/app/ogs-init.c:144)
04/07 12:19:42.779: [app] INFO: File Logging: '/open5gs/install/var/log/open5gs/nssf.log' (../lib/app/ogs-init.c:147)
04/07 12:19:42.785: [sbi] INFO: NF EndPoint(addr) setup [172.22.0.12:7777] (../lib/sbi/context.c:457)
04/07 12:19:42.785: [sbi] INFO: NF EndPoint(addr) setup [172.22.0.35:7777] (../lib/sbi/context.c:505)
04/07 12:19:42.786: [sbi] INFO: NF Service [nnssf-nsselection] (../lib/sbi/context.c:1970)
04/07 12:19:42.789: [sbi] INFO: nghttp2_server() [http://172.22.0.28]:7777 (../lib/sbi/nghttp2-server.c:435)
04/07 12:19:42.791: [app] INFO: NSSF initialize...done (../src/nssf/app.c:31)
04/07 12:19:42.802: [sbi] INFO: [d24f7e48-1399-41f0-99b1-efe7b74af894] NF registered [Heartbeat:10s] (../lib/sbi/nf-sm.c:208)
04/07 12:19:42.818: [sbi] INFO: NF EndPoint(addr) setup [172.22.0.12:7777] (../lib/sbi/nnrf-handler.c:949)
04/07 12:19:42.819: [sbi] INFO: [d2535298-1399-41f0-a193-775e483c7122] Subscription created until 2025-04-08T12:19:42.808647+02:00 [duration:86400000000,validity:86400.000000,patch:43200.000000] (../lib/sbi/nnrf-handler.c:868)
Open5GS daemon v2.7.2-131-g04ec945

04/07 12:25:38.952: [app] INFO: Configuration: '/open5gs/install/etc/open5gs/nssf.yaml' (../lib/app/ogs-init.c:144)
04/07 12:25:38.952: [app] INFO: File Logging: '/open5gs/install/var/log/open5gs/nssf.log' (../lib/app/ogs-init.c:147)
04/07 12:25:38.958: [sbi] INFO: NF EndPoint(addr) setup [172.22.0.12:7777] (../lib/sbi/context.c:457)
04/07 12:25:38.958: [sbi] INFO: NF EndPoint(addr) setup [172.22.0.35:7777] (../lib/sbi/context.c:505)
04/07 12:25:38.959: [sbi] INFO: NF Service [nnssf-nsselection] (../lib/sbi/context.c:1970)
04/07 12:25:38.960: [sbi] INFO: nghttp2_server() [http://172.22.0.28]:7777 (../lib/sbi/nghttp2-server.c:435)
04/07 12:25:38.960: [app] INFO: NSSF initialize...done (../src/nssf/app.c:31)
04/07 12:25:38.966: [sbi] INFO: [a69b7ef4-139a-41f0-833f-93e960ed8bd3] NF registered [Heartbeat:10s] (../lib/sbi/nf-sm.c:208)
04/07 12:25:38.970: [sbi] INFO: NF EndPoint(addr) setup [172.22.0.12:7777] (../lib/sbi/nnrf-handler.c:949)
04/07 12:25:38.970: [sbi] INFO: [a69d3e7e-139a-41f0-b89b-e7402919dbe3] Subscription created until 2025-04-08T12:25:38.970047+02:00 [duration:86400000000,validity:86400.000000,patch:43200.000000] (../lib/sbi/nnrf-handler.c:868)
Open5GS daemon v2.7.2-131-g04ec945

04/07 14:10:42.359: [app] INFO: Configuration: '/open5gs/install/etc/open5gs/nssf.yaml' (../lib/app/ogs-init.c:144)
04/07 14:10:42.359: [app] INFO: File Logging: '/open5gs/install/var/log/open5gs/nssf.log' (../lib/app/ogs-init.c:147)
04/07 14:10:42.367: [sbi] INFO: NF EndPoint(addr) setup [172.22.0.12:7777] (../lib/sbi/context.c:457)
04/07 14:10:42.368: [sbi] INFO: NF EndPoint(addr) setup [172.22.0.35:7777] (../lib/sbi/context.c:505)
04/07 14:10:42.369: [sbi] INFO: NF Service [nnssf-nsselection] (../lib/sbi/context.c:1970)
04/07 14:10:42.375: [sbi] INFO: nghttp2_server() [http://172.22.0.28]:7777 (../lib/sbi/nghttp2-server.c:435)
04/07 14:10:42.376: [sbi] WARNING: [7] Failed to connect to 172.22.0.35 port 7777: Connection refused (../lib/sbi/client.c:738)
04/07 14:10:42.376: [sbi] WARNING: ogs_sbi_client_handler() failed [-1] (../lib/sbi/path.c:62)
04/07 14:10:42.376: [app] INFO: NSSF initialize...done (../src/nssf/app.c:31)
04/07 14:10:53.371: [sbi] WARNING: [53bb21a8-13a9-41f0-82e2-5169cbf94c5e] Retry registration with NRF (../lib/sbi/nf-sm.c:169)
04/07 14:10:53.374: [sbi] INFO: [53bb21a8-13a9-41f0-82e2-5169cbf94c5e] NF registered [Heartbeat:10s] (../lib/sbi/nf-sm.c:208)
04/07 14:10:53.378: [sbi] INFO: NF EndPoint(addr) setup [172.22.0.12:7777] (../lib/sbi/nnrf-handler.c:949)
04/07 14:10:53.379: [sbi] INFO: [5a4b1cee-13a9-41f0-b90a-1b88423ee067] Subscription created until 2025-04-08T14:10:53.375884+02:00 [duration:86400000000,validity:86400.000000,patch:43200.000000] (../lib/sbi/nnrf-handler.c:868)
Open5GS daemon v2.7.2-131-g04ec945

04/08 11:25:22.823: [app] INFO: Configuration: '/open5gs/install/etc/open5gs/nssf.yaml' (../lib/app/ogs-init.c:144)
04/08 11:25:22.823: [app] INFO: File Logging: '/open5gs/install/var/log/open5gs/nssf.log' (../lib/app/ogs-init.c:147)
04/08 11:25:22.828: [sbi] INFO: NF EndPoint(addr) setup [172.22.0.12:7777] (../lib/sbi/context.c:457)
04/08 11:25:22.828: [sbi] INFO: NF EndPoint(addr) setup [172.22.0.35:7777] (../lib/sbi/context.c:505)
04/08 11:25:22.829: [sbi] INFO: NF Service [nnssf-nsselection] (../lib/sbi/context.c:1970)
04/08 11:25:22.833: [sbi] INFO: nghttp2_server() [http://172.22.0.28]:7777 (../lib/sbi/nghttp2-server.c:435)
04/08 11:25:22.833: [app] INFO: NSSF initialize...done (../src/nssf/app.c:31)
04/08 11:25:22.841: [sbi] INFO: [65a38df8-145b-41f0-928d-79d78d736c20] NF registered [Heartbeat:10s] (../lib/sbi/nf-sm.c:208)
04/08 11:25:22.842: [sbi] INFO: NF EndPoint(addr) setup [172.22.0.12:7777] (../lib/sbi/nnrf-handler.c:949)
04/08 11:25:22.842: [sbi] INFO: [65a5a02a-145b-41f0-b4f8-a51318a62094] Subscription created until 2025-04-09T11:25:22.842019+02:00 [duration:86400000000,validity:86400.000000,patch:43200.000000] (../lib/sbi/nnrf-handler.c:868)
Open5GS daemon v2.7.2-131-g04ec945

04/09 12:16:38.924: [app] INFO: Configuration: '/open5gs/install/etc/open5gs/nssf.yaml' (../lib/app/ogs-init.c:144)
04/09 12:16:38.924: [app] INFO: File Logging: '/open5gs/install/var/log/open5gs/nssf.log' (../lib/app/ogs-init.c:147)
04/09 12:16:38.931: [sbi] INFO: NF EndPoint(addr) setup [172.22.0.12:7777] (../lib/sbi/context.c:457)
04/09 12:16:38.932: [sbi] INFO: NF EndPoint(addr) setup [172.22.0.35:7777] (../lib/sbi/context.c:505)
04/09 12:16:38.933: [sbi] INFO: NF Service [nnssf-nsselection] (../lib/sbi/context.c:1970)
04/09 12:16:38.933: [sbi] INFO: nghttp2_server() [http://172.22.0.28]:7777 (../lib/sbi/nghttp2-server.c:435)
04/09 12:16:38.933: [app] INFO: NSSF initialize...done (../src/nssf/app.c:31)
04/09 12:16:38.940: [sbi] INFO: [b98d6d5a-152b-41f0-bace-f9746788a696] NF registered [Heartbeat:10s] (../lib/sbi/nf-sm.c:208)
04/09 12:16:38.941: [sbi] INFO: NF EndPoint(addr) setup [172.22.0.12:7777] (../lib/sbi/nnrf-handler.c:949)
04/09 12:16:38.942: [sbi] INFO: [b98ecc0e-152b-41f0-aefd-b70789856244] Subscription created until 2025-04-10T12:16:38.940739+02:00 [duration:86400000000,validity:86400.000000,patch:43200.000000] (../lib/sbi/nnrf-handler.c:868)
Open5GS daemon v2.7.2-131-g04ec945

04/09 19:26:39.199: [app] INFO: Configuration: '/open5gs/install/etc/open5gs/nssf.yaml' (../lib/app/ogs-init.c:144)
04/09 19:26:39.204: [app] INFO: File Logging: '/open5gs/install/var/log/open5gs/nssf.log' (../lib/app/ogs-init.c:147)
04/09 19:26:39.207: [sbi] INFO: NF EndPoint(addr) setup [172.22.0.12:7777] (../lib/sbi/context.c:457)
04/09 19:26:39.207: [sbi] INFO: NF EndPoint(addr) setup [172.22.0.35:7777] (../lib/sbi/context.c:505)
04/09 19:26:39.211: [sbi] INFO: NF Service [nnssf-nsselection] (../lib/sbi/context.c:1970)
04/09 19:26:39.217: [sbi] INFO: nghttp2_server() [http://172.22.0.28]:7777 (../lib/sbi/nghttp2-server.c:435)
04/09 19:26:39.217: [app] INFO: NSSF initialize...done (../src/nssf/app.c:31)
04/09 19:26:39.228: [sbi] INFO: [cbb71904-1567-41f0-a718-7b1a9dc07b0a] NF registered [Heartbeat:10s] (../lib/sbi/nf-sm.c:208)
04/09 19:26:39.230: [sbi] INFO: NF EndPoint(addr) setup [172.22.0.12:7777] (../lib/sbi/nnrf-handler.c:949)
04/09 19:26:39.231: [sbi] INFO: [cbba6f0a-1567-41f0-a474-b7310ca75f0d] Subscription created until 2025-04-10T19:26:39.229868+02:00 [duration:86400000000,validity:86400.000000,patch:43200.000000] (../lib/sbi/nnrf-handler.c:868)
