Open5GS daemon v2.7.2-131-g04ec945

03/19 17:13:49.086: [app] INFO: Configuration: '/open5gs/install/etc/open5gs/pcrf.yaml' (../lib/app/ogs-init.c:144)
03/19 17:13:49.086: [app] INFO: File Logging: '/open5gs/install/var/log/open5gs/pcrf.log' (../lib/app/ogs-init.c:147)
03/19 17:13:49.088: [dbi] INFO: MongoDB URI: 'mongodb://172.22.0.2/open5gs' (../lib/dbi/ogs-mongoc.c:130)
03/19 17:13:49.124: [app] INFO: Polling freeDiameter stats every 60000000 usecs (../lib/diameter/common/stats.c:77)
03/19 17:13:49.124: [app] INFO: PCRF initialize...done (../src/pcrf/app-init.c:31)
03/19 17:13:49.126: [diam] INFO: CONNECTED TO 'smf.epc.mnc001.mcc001.3gppnetwork.org' (SCTP,soc#15): (../lib/diameter/common/logger.c:81)
03/19 17:14:00.792: [diam] INFO: CONNECTED TO 'pcscf.ims.mnc001.mcc001.3gppnetwork.org' (TCP,soc#13): (../lib/diameter/common/logger.c:81)
Open5GS daemon v2.7.2-131-g04ec945

03/19 20:08:02.880: [app] INFO: Configuration: '/open5gs/install/etc/open5gs/pcrf.yaml' (../lib/app/ogs-init.c:144)
03/19 20:08:02.880: [app] INFO: File Logging: '/open5gs/install/var/log/open5gs/pcrf.log' (../lib/app/ogs-init.c:147)
03/19 20:08:02.881: [dbi] INFO: MongoDB URI: 'mongodb://172.22.0.2/open5gs' (../lib/dbi/ogs-mongoc.c:130)
03/19 20:08:02.911: [app] INFO: Polling freeDiameter stats every 60000000 usecs (../lib/diameter/common/stats.c:77)
03/19 20:08:02.911: [app] INFO: PCRF initialize...done (../src/pcrf/app-init.c:31)
03/19 20:08:02.913: [diam] INFO: CONNECTED TO 'smf.epc.mnc001.mcc001.3gppnetwork.org' (SCTP,soc#16): (../lib/diameter/common/logger.c:81)
03/19 20:09:03.724: [diam] INFO: CONNECTED TO 'pcscf.ims.mnc001.mcc001.3gppnetwork.org' (TCP,soc#13): (../lib/diameter/common/logger.c:81)
Open5GS daemon v2.7.2-131-g04ec945

03/19 20:28:08.999: [app] INFO: Configuration: '/open5gs/install/etc/open5gs/pcrf.yaml' (../lib/app/ogs-init.c:144)
03/19 20:28:08.999: [app] INFO: File Logging: '/open5gs/install/var/log/open5gs/pcrf.log' (../lib/app/ogs-init.c:147)
03/19 20:28:09.001: [dbi] INFO: MongoDB URI: 'mongodb://172.22.0.2/open5gs' (../lib/dbi/ogs-mongoc.c:130)
03/19 20:28:09.029: [app] INFO: Polling freeDiameter stats every 60000000 usecs (../lib/diameter/common/stats.c:77)
03/19 20:28:09.029: [app] INFO: PCRF initialize...done (../src/pcrf/app-init.c:31)
03/19 20:28:09.032: [diam] INFO: CONNECTED TO 'smf.epc.mnc001.mcc001.3gppnetwork.org' (SCTP,soc#16): (../lib/diameter/common/logger.c:81)
03/19 20:28:10.763: [diam] INFO: CONNECTED TO 'pcscf.ims.mnc001.mcc001.3gppnetwork.org' (TCP,soc#13): (../lib/diameter/common/logger.c:81)
