Open5GS daemon v2.7.2-131-g04ec945

04/02 11:01:52.930: [app] INFO: Configuration: '/open5gs/install/etc/open5gs/udm.yaml' (../lib/app/ogs-init.c:144)
04/02 11:01:52.930: [app] INFO: File Logging: '/open5gs/install/var/log/open5gs/udm.log' (../lib/app/ogs-init.c:147)
04/02 11:01:52.961: [sbi] INFO: NF EndPoint(addr) setup [172.22.0.12:7777] (../lib/sbi/context.c:457)
04/02 11:01:52.962: [sbi] INFO: NF EndPoint(addr) setup [172.22.0.35:7777] (../lib/sbi/context.c:505)
04/02 11:01:52.963: [sbi] INFO: NF Service [nudm-ueau] (../lib/sbi/context.c:1970)
04/02 11:01:52.966: [sbi] INFO: NF Service [nudm-uecm] (../lib/sbi/context.c:1970)
04/02 11:01:52.967: [sbi] INFO: NF Service [nudm-sdm] (../lib/sbi/context.c:1970)
04/02 11:01:52.967: [sbi] INFO: nghttp2_server() [http://172.22.0.13]:7777 (../lib/sbi/nghttp2-server.c:435)
04/02 11:01:52.973: [app] INFO: UDM initialize...done (../src/udm/app.c:31)
04/02 11:01:53.021: [sbi] INFO: [1ecf1528-0fa1-41f0-9ff2-6dd1f2bc269d] NF registered [Heartbeat:10s] (../lib/sbi/nf-sm.c:208)
04/02 11:01:53.031: [sbi] INFO: NF EndPoint(addr) setup [172.22.0.12:7777] (../lib/sbi/nnrf-handler.c:949)
04/02 11:01:53.032: [sbi] INFO: [1eda52bc-0fa1-41f0-9e39-01dd75dc28ca] Subscription created until 2025-04-03T11:01:53.026944+02:00 [duration:86400000000,validity:86400.000000,patch:43200.000000] (../lib/sbi/nnrf-handler.c:868)
04/02 11:01:53.037: [sbi] INFO: NF EndPoint(addr) setup [172.22.0.12:7777] (../lib/sbi/nnrf-handler.c:949)
04/02 11:01:53.037: [sbi] INFO: [1edab8b0-0fa1-41f0-9e39-01dd75dc28ca] Subscription created until 2025-04-03T11:01:53.029837+02:00 [duration:86400000000,validity:86400.000000,patch:43200.000000] (../lib/sbi/nnrf-handler.c:868)
04/02 11:02:03.086: [sbi] INFO: [24d85a1a-0fa1-41f0-8b4a-83f6b4541483] (NRF-notify) NF registered (../lib/sbi/nnrf-handler.c:1133)
04/02 11:02:03.086: [sbi] INFO: [24d85a1a-0fa1-41f0-8b4a-83f6b4541483] (NRF-notify) NF Profile updated [type:UDR] (../lib/sbi/nnrf-handler.c:1147)
04/02 11:02:03.086: [sbi] INFO: NF EndPoint(addr) setup [172.22.0.14:80] (../lib/sbi/context.c:2350)
04/02 11:02:03.087: [sbi] INFO: NF EndPoint(addr) setup [172.22.0.14:7777] (../lib/sbi/context.c:2089)
04/02 11:05:02.549: [sbi] INFO: [24d85a1a-0fa1-41f0-8b4a-83f6b4541483] NF Instance setup [type:UDR validity:0s] (../lib/sbi/path.c:297)
04/02 11:05:02.839: [sbi] INFO: [24d85a1a-0fa1-41f0-8b4a-83f6b4541483] NF Instance setup [type:UDR validity:0s] (../lib/sbi/path.c:297)
04/02 11:05:03.224: [sbi] INFO: [24d85a1a-0fa1-41f0-8b4a-83f6b4541483] NF Instance setup [type:UDR validity:0s] (../lib/sbi/path.c:297)
04/02 11:05:03.497: [sbi] INFO: [24d85a1a-0fa1-41f0-8b4a-83f6b4541483] NF Instance setup [type:UDR validity:0s] (../lib/sbi/path.c:297)
04/02 11:05:03.839: [sbi] INFO: [24d85a1a-0fa1-41f0-8b4a-83f6b4541483] NF Instance setup [type:UDR validity:0s] (../lib/sbi/path.c:297)
04/02 11:05:04.108: [sbi] INFO: [24d85a1a-0fa1-41f0-8b4a-83f6b4541483] NF Instance setup [type:UDR validity:0s] (../lib/sbi/path.c:297)
04/02 11:05:04.581: [sbi] INFO: [24d85a1a-0fa1-41f0-8b4a-83f6b4541483] NF Instance setup [type:UDR validity:0s] (../lib/sbi/path.c:297)
04/02 11:05:04.850: [sbi] INFO: [24d85a1a-0fa1-41f0-8b4a-83f6b4541483] NF Instance setup [type:UDR validity:0s] (../lib/sbi/path.c:297)
04/02 11:05:05.275: [sbi] INFO: [24d85a1a-0fa1-41f0-8b4a-83f6b4541483] NF Instance setup [type:UDR validity:0s] (../lib/sbi/path.c:297)
04/02 11:05:05.539: [sbi] INFO: [24d85a1a-0fa1-41f0-8b4a-83f6b4541483] NF Instance setup [type:UDR validity:0s] (../lib/sbi/path.c:297)
04/02 15:27:28.885: [sbi] INFO: [24d85a1a-0fa1-41f0-8b4a-83f6b4541483] NF Instance setup [type:UDR validity:0s] (../lib/sbi/path.c:297)
04/02 15:27:29.215: [sbi] INFO: [24d85a1a-0fa1-41f0-8b4a-83f6b4541483] NF Instance setup [type:UDR validity:0s] (../lib/sbi/path.c:297)
04/02 15:27:29.943: [sbi] INFO: [24d85a1a-0fa1-41f0-8b4a-83f6b4541483] NF Instance setup [type:UDR validity:0s] (../lib/sbi/path.c:297)
04/02 15:27:30.181: [sbi] INFO: [24d85a1a-0fa1-41f0-8b4a-83f6b4541483] NF Instance setup [type:UDR validity:0s] (../lib/sbi/path.c:297)
04/02 15:27:31.071: [sbi] INFO: [24d85a1a-0fa1-41f0-8b4a-83f6b4541483] NF Instance setup [type:UDR validity:0s] (../lib/sbi/path.c:297)
04/02 15:27:31.314: [sbi] INFO: [24d85a1a-0fa1-41f0-8b4a-83f6b4541483] NF Instance setup [type:UDR validity:0s] (../lib/sbi/path.c:297)
04/02 15:27:32.225: [sbi] INFO: [24d85a1a-0fa1-41f0-8b4a-83f6b4541483] NF Instance setup [type:UDR validity:0s] (../lib/sbi/path.c:297)
04/02 15:27:32.460: [sbi] INFO: [24d85a1a-0fa1-41f0-8b4a-83f6b4541483] NF Instance setup [type:UDR validity:0s] (../lib/sbi/path.c:297)
04/02 15:27:33.437: [sbi] INFO: [24d85a1a-0fa1-41f0-8b4a-83f6b4541483] NF Instance setup [type:UDR validity:0s] (../lib/sbi/path.c:297)
04/02 15:27:33.692: [sbi] INFO: [24d85a1a-0fa1-41f0-8b4a-83f6b4541483] NF Instance setup [type:UDR validity:0s] (../lib/sbi/path.c:297)
04/02 15:40:46.584: [sbi] ERROR: [1ecf1528-0fa1-41f0-9ff2-6dd1f2bc269d] No heartbeat [type:UDM] (../lib/sbi/nf-sm.c:297)
04/02 15:40:46.672: [sbi] INFO: [1ecf1528-0fa1-41f0-9ff2-6dd1f2bc269d] NF de-registered (../lib/sbi/nf-sm.c:235)
04/02 15:40:52.974: [sbi] ERROR: [1ecf1528-0fa1-41f0-9ff2-6dd1f2bc269d] HTTP Response Status Code [404] (../lib/sbi/nf-sm.c:145)
04/02 15:40:54.979: [sbi] WARNING: [1ecf1528-0fa1-41f0-9ff2-6dd1f2bc269d] Retry registration with NRF (../lib/sbi/nf-sm.c:395)
04/02 15:40:54.983: [sbi] INFO: [1ecf1528-0fa1-41f0-9ff2-6dd1f2bc269d] NF registered [Heartbeat:10s] (../lib/sbi/nf-sm.c:208)
04/02 15:40:54.985: [sbi] INFO: NF EndPoint(addr) setup [172.22.0.12:7777] (../lib/sbi/nnrf-handler.c:949)
04/02 15:40:54.985: [sbi] INFO: [19d66892-0fc8-41f0-9e39-01dd75dc28ca] Subscription created until 2025-04-03T15:40:54.984363+02:00 [duration:86400000000,validity:86400.000000,patch:43200.000000] (../lib/sbi/nnrf-handler.c:868)
04/02 15:40:54.985: [sbi] INFO: NF EndPoint(addr) setup [172.22.0.12:7777] (../lib/sbi/nnrf-handler.c:949)
04/02 15:40:54.985: [sbi] INFO: [19d66ec8-0fc8-41f0-9e39-01dd75dc28ca] Subscription created until 2025-04-03T15:40:54.984561+02:00 [duration:86400000000,validity:86400.000000,patch:43200.000000] (../lib/sbi/nnrf-handler.c:868)
Open5GS daemon v2.7.2-131-g04ec945

04/02 18:41:03.471: [app] INFO: Configuration: '/open5gs/install/etc/open5gs/udm.yaml' (../lib/app/ogs-init.c:144)
04/02 18:41:03.473: [app] INFO: File Logging: '/open5gs/install/var/log/open5gs/udm.log' (../lib/app/ogs-init.c:147)
04/02 18:41:03.486: [sbi] INFO: NF EndPoint(addr) setup [172.22.0.12:7777] (../lib/sbi/context.c:457)
04/02 18:41:03.487: [sbi] INFO: NF EndPoint(addr) setup [172.22.0.35:7777] (../lib/sbi/context.c:505)
04/02 18:41:03.488: [sbi] INFO: NF Service [nudm-ueau] (../lib/sbi/context.c:1970)
04/02 18:41:03.488: [sbi] INFO: NF Service [nudm-uecm] (../lib/sbi/context.c:1970)
04/02 18:41:03.492: [sbi] INFO: NF Service [nudm-sdm] (../lib/sbi/context.c:1970)
04/02 18:41:03.494: [sbi] INFO: nghttp2_server() [http://172.22.0.13]:7777 (../lib/sbi/nghttp2-server.c:435)
04/02 18:41:03.495: [app] INFO: UDM initialize...done (../src/udm/app.c:31)
04/02 18:41:03.550: [sbi] INFO: [44347e26-0fe1-41f0-a886-118d868ee5a2] NF registered [Heartbeat:10s] (../lib/sbi/nf-sm.c:208)
04/02 18:41:03.563: [sbi] INFO: NF EndPoint(addr) setup [172.22.0.12:7777] (../lib/sbi/nnrf-handler.c:949)
04/02 18:41:03.564: [sbi] INFO: [443f5b70-0fe1-41f0-8261-df09ba76b76e] Subscription created until 2025-04-03T18:41:03.557416+02:00 [duration:86400000000,validity:86400.000000,patch:43200.000000] (../lib/sbi/nnrf-handler.c:868)
04/02 18:41:03.567: [sbi] INFO: NF EndPoint(addr) setup [172.22.0.12:7777] (../lib/sbi/nnrf-handler.c:949)
04/02 18:41:03.567: [sbi] INFO: [4440409e-0fe1-41f0-8261-df09ba76b76e] Subscription created until 2025-04-03T18:41:03.560788+02:00 [duration:86400000000,validity:86400.000000,patch:43200.000000] (../lib/sbi/nnrf-handler.c:868)
04/02 18:41:13.501: [sbi] INFO: [4a2cbe24-0fe1-41f0-96a9-d97f9aba73df] (NRF-notify) NF registered (../lib/sbi/nnrf-handler.c:1133)
04/02 18:41:13.502: [sbi] INFO: [4a2cbe24-0fe1-41f0-96a9-d97f9aba73df] (NRF-notify) NF Profile updated [type:UDR] (../lib/sbi/nnrf-handler.c:1147)
04/02 18:41:13.502: [sbi] INFO: NF EndPoint(addr) setup [172.22.0.14:80] (../lib/sbi/context.c:2350)
04/02 18:41:13.502: [sbi] INFO: NF EndPoint(addr) setup [172.22.0.14:7777] (../lib/sbi/context.c:2089)
Open5GS daemon v2.7.2-131-g04ec945

04/03 16:02:11.931: [app] INFO: Configuration: '/open5gs/install/etc/open5gs/udm.yaml' (../lib/app/ogs-init.c:144)
04/03 16:02:11.932: [app] INFO: File Logging: '/open5gs/install/var/log/open5gs/udm.log' (../lib/app/ogs-init.c:147)
04/03 16:02:11.944: [sbi] INFO: NF EndPoint(addr) setup [172.22.0.12:7777] (../lib/sbi/context.c:457)
04/03 16:02:11.947: [sbi] INFO: NF EndPoint(addr) setup [172.22.0.35:7777] (../lib/sbi/context.c:505)
04/03 16:02:11.948: [sbi] INFO: NF Service [nudm-ueau] (../lib/sbi/context.c:1970)
04/03 16:02:11.949: [sbi] INFO: NF Service [nudm-uecm] (../lib/sbi/context.c:1970)
04/03 16:02:11.949: [sbi] INFO: NF Service [nudm-sdm] (../lib/sbi/context.c:1970)
04/03 16:02:11.951: [sbi] INFO: nghttp2_server() [http://172.22.0.13]:7777 (../lib/sbi/nghttp2-server.c:435)
04/03 16:02:11.952: [app] INFO: UDM initialize...done (../src/udm/app.c:31)
04/03 16:02:11.953: [sbi] ERROR: [3d6058aa-1094-41f0-8098-9f372ac8664d] HTTP Response Status Code [500] (../lib/sbi/nf-sm.c:145)
04/03 16:02:13.954: [sbi] WARNING: [3d6058aa-1094-41f0-8098-9f372ac8664d] Retry registration with NRF (../lib/sbi/nf-sm.c:395)
04/03 16:02:13.956: [sbi] INFO: [3d6058aa-1094-41f0-8098-9f372ac8664d] NF registered [Heartbeat:10s] (../lib/sbi/nf-sm.c:208)
04/03 16:02:13.957: [sbi] INFO: NF EndPoint(addr) setup [172.22.0.12:7777] (../lib/sbi/nnrf-handler.c:949)
04/03 16:02:13.957: [sbi] INFO: [3e93dc38-1094-41f0-adda-ef9ccc94d922] Subscription created until 2025-04-04T16:02:13.956781+02:00 [duration:86400000000,validity:86400.000000,patch:43200.000000] (../lib/sbi/nnrf-handler.c:868)
04/03 16:02:13.957: [sbi] INFO: NF EndPoint(addr) setup [172.22.0.12:7777] (../lib/sbi/nnrf-handler.c:949)
04/03 16:02:13.957: [sbi] INFO: [3e93ecd2-1094-41f0-adda-ef9ccc94d922] Subscription created until 2025-04-04T16:02:13.957209+02:00 [duration:86400000000,validity:86400.000000,patch:43200.000000] (../lib/sbi/nnrf-handler.c:868)
04/03 16:02:21.776: [sbi] INFO: [433c5efe-1094-41f0-aa6d-9d08c631ac19] (NRF-notify) NF registered (../lib/sbi/nnrf-handler.c:1133)
04/03 16:02:21.776: [sbi] INFO: [433c5efe-1094-41f0-aa6d-9d08c631ac19] (NRF-notify) NF Profile updated [type:UDR] (../lib/sbi/nnrf-handler.c:1147)
04/03 16:02:21.776: [sbi] INFO: NF EndPoint(addr) setup [172.22.0.14:80] (../lib/sbi/context.c:2350)
04/03 16:02:21.776: [sbi] INFO: NF EndPoint(addr) setup [172.22.0.14:7777] (../lib/sbi/context.c:2089)
04/03 20:16:07.507: [sbi] INFO: [433c5efe-1094-41f0-aa6d-9d08c631ac19] NF Instance setup [type:UDR validity:0s] (../lib/sbi/path.c:297)
04/03 20:16:07.773: [sbi] INFO: [433c5efe-1094-41f0-aa6d-9d08c631ac19] NF Instance setup [type:UDR validity:0s] (../lib/sbi/path.c:297)
Open5GS daemon v2.7.2-131-g04ec945

04/04 10:45:55.012: [app] INFO: Configuration: '/open5gs/install/etc/open5gs/udm.yaml' (../lib/app/ogs-init.c:144)
04/04 10:45:55.012: [app] INFO: File Logging: '/open5gs/install/var/log/open5gs/udm.log' (../lib/app/ogs-init.c:147)
04/04 10:45:55.019: [sbi] INFO: NF EndPoint(addr) setup [172.22.0.12:7777] (../lib/sbi/context.c:457)
04/04 10:45:55.019: [sbi] INFO: NF EndPoint(addr) setup [172.22.0.35:7777] (../lib/sbi/context.c:505)
04/04 10:45:55.020: [sbi] INFO: NF Service [nudm-ueau] (../lib/sbi/context.c:1970)
04/04 10:45:55.020: [sbi] INFO: NF Service [nudm-uecm] (../lib/sbi/context.c:1970)
04/04 10:45:55.021: [sbi] INFO: NF Service [nudm-sdm] (../lib/sbi/context.c:1970)
04/04 10:45:55.025: [sbi] INFO: nghttp2_server() [http://172.22.0.13]:7777 (../lib/sbi/nghttp2-server.c:435)
04/04 10:45:55.026: [app] INFO: UDM initialize...done (../src/udm/app.c:31)
04/04 10:45:55.229: [sbi] ERROR: [38a946c6-1131-41f0-a3c4-67a6318c3ffa] HTTP Response Status Code [500] (../lib/sbi/nf-sm.c:145)
04/04 10:45:57.232: [sbi] WARNING: [38a946c6-1131-41f0-a3c4-67a6318c3ffa] Retry registration with NRF (../lib/sbi/nf-sm.c:395)
04/04 10:45:57.234: [sbi] INFO: [38a946c6-1131-41f0-a3c4-67a6318c3ffa] NF registered [Heartbeat:10s] (../lib/sbi/nf-sm.c:208)
04/04 10:45:57.236: [sbi] INFO: NF EndPoint(addr) setup [172.22.0.12:7777] (../lib/sbi/nnrf-handler.c:949)
04/04 10:45:57.236: [sbi] INFO: [39fbb504-1131-41f0-897a-498fefcd3b4d] Subscription created until 2025-04-05T10:45:57.235389+02:00 [duration:86400000000,validity:86400.000000,patch:43200.000000] (../lib/sbi/nnrf-handler.c:868)
04/04 10:45:57.236: [sbi] INFO: NF EndPoint(addr) setup [172.22.0.12:7777] (../lib/sbi/nnrf-handler.c:949)
04/04 10:45:57.236: [sbi] INFO: [39fbc396-1131-41f0-897a-498fefcd3b4d] Subscription created until 2025-04-05T10:45:57.235656+02:00 [duration:86400000000,validity:86400.000000,patch:43200.000000] (../lib/sbi/nnrf-handler.c:868)
04/04 10:46:04.940: [sbi] INFO: [3e92b450-1131-41f0-98ed-556774c70e1d] (NRF-notify) NF registered (../lib/sbi/nnrf-handler.c:1133)
04/04 10:46:04.940: [sbi] INFO: [3e92b450-1131-41f0-98ed-556774c70e1d] (NRF-notify) NF Profile updated [type:UDR] (../lib/sbi/nnrf-handler.c:1147)
04/04 10:46:04.940: [sbi] INFO: NF EndPoint(addr) setup [172.22.0.14:80] (../lib/sbi/context.c:2350)
04/04 10:46:04.940: [sbi] INFO: NF EndPoint(addr) setup [172.22.0.14:7777] (../lib/sbi/context.c:2089)
04/04 10:46:28.373: [sbi] INFO: [3e92b450-1131-41f0-98ed-556774c70e1d] NF Instance setup [type:UDR validity:0s] (../lib/sbi/path.c:297)
04/04 10:46:28.645: [sbi] INFO: [3e92b450-1131-41f0-98ed-556774c70e1d] NF Instance setup [type:UDR validity:0s] (../lib/sbi/path.c:297)
04/04 11:36:18.017: [sbi] INFO: [3e92b450-1131-41f0-98ed-556774c70e1d] (NRF-notify) NF_DEREGISTERED event [type:UDR] (../lib/sbi/nnrf-handler.c:1165)
Open5GS daemon v2.7.2-131-g04ec945

04/04 11:37:23.492: [app] INFO: Configuration: '/open5gs/install/etc/open5gs/udm.yaml' (../lib/app/ogs-init.c:144)
04/04 11:37:23.492: [app] INFO: File Logging: '/open5gs/install/var/log/open5gs/udm.log' (../lib/app/ogs-init.c:147)
04/04 11:37:23.496: [sbi] INFO: NF EndPoint(addr) setup [172.22.0.12:7777] (../lib/sbi/context.c:457)
04/04 11:37:23.497: [sbi] INFO: NF EndPoint(addr) setup [172.22.0.35:7777] (../lib/sbi/context.c:505)
04/04 11:37:23.499: [sbi] INFO: NF Service [nudm-ueau] (../lib/sbi/context.c:1970)
04/04 11:37:23.499: [sbi] INFO: NF Service [nudm-uecm] (../lib/sbi/context.c:1970)
04/04 11:37:23.501: [sbi] INFO: NF Service [nudm-sdm] (../lib/sbi/context.c:1970)
04/04 11:37:23.503: [sbi] INFO: nghttp2_server() [http://172.22.0.13]:7777 (../lib/sbi/nghttp2-server.c:435)
04/04 11:37:23.504: [app] INFO: UDM initialize...done (../src/udm/app.c:31)
04/04 11:37:23.515: [sbi] INFO: [6989b33c-1138-41f0-8e73-c11c8b370f63] NF registered [Heartbeat:10s] (../lib/sbi/nf-sm.c:208)
04/04 11:37:23.525: [sbi] INFO: NF EndPoint(addr) setup [172.22.0.12:7777] (../lib/sbi/nnrf-handler.c:949)
04/04 11:37:23.526: [sbi] INFO: [698d2eea-1138-41f0-a9fd-f7b48cb1259a] Subscription created until 2025-04-05T11:37:23.519231+02:00 [duration:86400000000,validity:86400.000000,patch:43200.000000] (../lib/sbi/nnrf-handler.c:868)
04/04 11:37:23.527: [sbi] INFO: NF EndPoint(addr) setup [172.22.0.12:7777] (../lib/sbi/nnrf-handler.c:949)
04/04 11:37:23.528: [sbi] INFO: [698d8aa2-1138-41f0-a9fd-f7b48cb1259a] Subscription created until 2025-04-05T11:37:23.521459+02:00 [duration:86400000000,validity:86400.000000,patch:43200.000000] (../lib/sbi/nnrf-handler.c:868)
04/04 11:37:33.368: [sbi] INFO: [6f6bb7be-1138-41f0-aa29-ad0bfa21e27b] (NRF-notify) NF registered (../lib/sbi/nnrf-handler.c:1133)
04/04 11:37:33.369: [sbi] INFO: [6f6bb7be-1138-41f0-aa29-ad0bfa21e27b] (NRF-notify) NF Profile updated [type:UDR] (../lib/sbi/nnrf-handler.c:1147)
04/04 11:37:33.369: [sbi] INFO: NF EndPoint(addr) setup [172.22.0.14:80] (../lib/sbi/context.c:2350)
04/04 11:37:33.369: [sbi] INFO: NF EndPoint(addr) setup [172.22.0.14:7777] (../lib/sbi/context.c:2089)
04/04 11:53:18.655: [sbi] INFO: [6f6bb7be-1138-41f0-aa29-ad0bfa21e27b] NF Instance setup [type:UDR validity:0s] (../lib/sbi/path.c:297)
04/04 11:53:18.657: [udm] WARNING: [suci-0-001-01-0000-0-0-1234567815] HTTP response error [404] (../src/udm/nudr-handler.c:86)
04/04 11:56:00.990: [udm] WARNING: [suci-0-001-01-0000-0-0-1234567815] HTTP response error [404] (../src/udm/nudr-handler.c:86)
04/04 12:22:47.375: [sbi] INFO: [6f6bb7be-1138-41f0-aa29-ad0bfa21e27b] NF Instance setup [type:UDR validity:0s] (../lib/sbi/path.c:297)
04/04 12:22:47.390: [udm] ERROR: [imsi-001011234567801] No AccessAndMobilitySubscriptionData (../src/udm/nudr-handler.c:627)
04/04 12:23:39.523: [sbi] INFO: [6f6bb7be-1138-41f0-aa29-ad0bfa21e27b] NF Instance setup [type:UDR validity:0s] (../lib/sbi/path.c:297)
04/04 12:23:39.541: [udm] ERROR: [imsi-001011234567811] No AccessAndMobilitySubscriptionData (../src/udm/nudr-handler.c:627)
Open5GS daemon v2.7.2-131-g04ec945

04/04 12:26:04.559: [app] INFO: Configuration: '/open5gs/install/etc/open5gs/udm.yaml' (../lib/app/ogs-init.c:144)
04/04 12:26:04.560: [app] INFO: File Logging: '/open5gs/install/var/log/open5gs/udm.log' (../lib/app/ogs-init.c:147)
04/04 12:26:04.564: [sbi] INFO: NF EndPoint(addr) setup [172.22.0.12:7777] (../lib/sbi/context.c:457)
04/04 12:26:04.565: [sbi] INFO: NF EndPoint(addr) setup [172.22.0.35:7777] (../lib/sbi/context.c:505)
04/04 12:26:04.566: [sbi] INFO: NF Service [nudm-ueau] (../lib/sbi/context.c:1970)
04/04 12:26:04.567: [sbi] INFO: NF Service [nudm-uecm] (../lib/sbi/context.c:1970)
04/04 12:26:04.569: [sbi] INFO: NF Service [nudm-sdm] (../lib/sbi/context.c:1970)
04/04 12:26:04.569: [sbi] INFO: nghttp2_server() [http://172.22.0.13]:7777 (../lib/sbi/nghttp2-server.c:435)
04/04 12:26:04.570: [app] INFO: UDM initialize...done (../src/udm/app.c:31)
04/04 12:26:04.574: [sbi] ERROR: [36a14c12-113f-41f0-8002-3345413855a9] HTTP Response Status Code [500] (../lib/sbi/nf-sm.c:145)
04/04 12:26:06.576: [sbi] WARNING: [36a14c12-113f-41f0-8002-3345413855a9] Retry registration with NRF (../lib/sbi/nf-sm.c:395)
04/04 12:26:06.577: [sbi] INFO: [36a14c12-113f-41f0-8002-3345413855a9] NF registered [Heartbeat:10s] (../lib/sbi/nf-sm.c:208)
04/04 12:26:06.579: [sbi] INFO: NF EndPoint(addr) setup [172.22.0.12:7777] (../lib/sbi/nnrf-handler.c:949)
04/04 12:26:06.579: [sbi] INFO: [37d4b6fa-113f-41f0-a399-1d1dcdc43f40] Subscription created until 2025-04-05T12:26:06.578580+02:00 [duration:86400000000,validity:86400.000000,patch:43200.000000] (../lib/sbi/nnrf-handler.c:868)
04/04 12:26:06.579: [sbi] INFO: NF EndPoint(addr) setup [172.22.0.12:7777] (../lib/sbi/nnrf-handler.c:949)
04/04 12:26:06.579: [sbi] INFO: [37d4c10e-113f-41f0-a399-1d1dcdc43f40] Subscription created until 2025-04-05T12:26:06.578791+02:00 [duration:86400000000,validity:86400.000000,patch:43200.000000] (../lib/sbi/nnrf-handler.c:868)
04/04 12:26:15.142: [sbi] INFO: [3cef21fc-113f-41f0-bc18-0907daed49a0] (NRF-notify) NF registered (../lib/sbi/nnrf-handler.c:1133)
04/04 12:26:15.142: [sbi] INFO: [3cef21fc-113f-41f0-bc18-0907daed49a0] (NRF-notify) NF Profile updated [type:UDR] (../lib/sbi/nnrf-handler.c:1147)
04/04 12:26:15.143: [sbi] INFO: NF EndPoint(addr) setup [172.22.0.14:80] (../lib/sbi/context.c:2350)
04/04 12:26:15.143: [sbi] INFO: NF EndPoint(addr) setup [172.22.0.14:7777] (../lib/sbi/context.c:2089)
04/04 12:28:56.214: [sbi] INFO: [3cef21fc-113f-41f0-bc18-0907daed49a0] (NRF-notify) NF_DEREGISTERED event [type:UDR] (../lib/sbi/nnrf-handler.c:1165)
Open5GS daemon v2.7.2-131-g04ec945

04/04 12:29:56.355: [app] INFO: Configuration: '/open5gs/install/etc/open5gs/udm.yaml' (../lib/app/ogs-init.c:144)
04/04 12:29:56.356: [app] INFO: File Logging: '/open5gs/install/var/log/open5gs/udm.log' (../lib/app/ogs-init.c:147)
04/04 12:29:56.359: [sbi] INFO: NF EndPoint(addr) setup [172.22.0.12:7777] (../lib/sbi/context.c:457)
04/04 12:29:56.360: [sbi] INFO: NF EndPoint(addr) setup [172.22.0.35:7777] (../lib/sbi/context.c:505)
04/04 12:29:56.361: [sbi] INFO: NF Service [nudm-ueau] (../lib/sbi/context.c:1970)
04/04 12:29:56.361: [sbi] INFO: NF Service [nudm-uecm] (../lib/sbi/context.c:1970)
04/04 12:29:56.361: [sbi] INFO: NF Service [nudm-sdm] (../lib/sbi/context.c:1970)
04/04 12:29:56.362: [sbi] INFO: nghttp2_server() [http://172.22.0.13]:7777 (../lib/sbi/nghttp2-server.c:435)
04/04 12:29:56.364: [app] INFO: UDM initialize...done (../src/udm/app.c:31)
04/04 12:29:56.381: [sbi] INFO: [c0ca7db4-113f-41f0-87dc-ed12d706bdeb] NF registered [Heartbeat:10s] (../lib/sbi/nf-sm.c:208)
04/04 12:29:56.388: [sbi] INFO: NF EndPoint(addr) setup [172.22.0.12:7777] (../lib/sbi/nnrf-handler.c:949)
04/04 12:29:56.388: [sbi] INFO: [c0cdf5de-113f-41f0-81a4-1f2e25d29973] Subscription created until 2025-04-05T12:29:56.382722+02:00 [duration:86400000000,validity:86400.000000,patch:43200.000000] (../lib/sbi/nnrf-handler.c:868)
04/04 12:29:56.388: [sbi] INFO: NF EndPoint(addr) setup [172.22.0.12:7777] (../lib/sbi/nnrf-handler.c:949)
04/04 12:29:56.389: [sbi] INFO: [c0ce2798-113f-41f0-81a4-1f2e25d29973] Subscription created until 2025-04-05T12:29:56.386908+02:00 [duration:86400000000,validity:86400.000000,patch:43200.000000] (../lib/sbi/nnrf-handler.c:868)
04/04 12:30:06.617: [sbi] INFO: [c6e6ba32-113f-41f0-9689-9d15378d810a] (NRF-notify) NF registered (../lib/sbi/nnrf-handler.c:1133)
04/04 12:30:06.617: [sbi] INFO: [c6e6ba32-113f-41f0-9689-9d15378d810a] (NRF-notify) NF Profile updated [type:UDR] (../lib/sbi/nnrf-handler.c:1147)
04/04 12:30:06.617: [sbi] INFO: NF EndPoint(addr) setup [172.22.0.14:80] (../lib/sbi/context.c:2350)
04/04 12:30:06.617: [sbi] INFO: NF EndPoint(addr) setup [172.22.0.14:7777] (../lib/sbi/context.c:2089)
04/04 12:39:30.272: [sbi] INFO: [c6e6ba32-113f-41f0-9689-9d15378d810a] NF Instance setup [type:UDR validity:0s] (../lib/sbi/path.c:297)
04/04 12:39:30.519: [sbi] INFO: [c6e6ba32-113f-41f0-9689-9d15378d810a] NF Instance setup [type:UDR validity:0s] (../lib/sbi/path.c:297)
04/04 12:39:58.704: [sbi] INFO: [c6e6ba32-113f-41f0-9689-9d15378d810a] NF Instance setup [type:UDR validity:0s] (../lib/sbi/path.c:297)
04/04 12:39:58.951: [sbi] INFO: [c6e6ba32-113f-41f0-9689-9d15378d810a] NF Instance setup [type:UDR validity:0s] (../lib/sbi/path.c:297)
04/04 12:49:11.889: [sbi] INFO: [c6e6ba32-113f-41f0-9689-9d15378d810a] NF Instance setup [type:UDR validity:0s] (../lib/sbi/path.c:297)
04/04 12:49:12.164: [sbi] INFO: [c6e6ba32-113f-41f0-9689-9d15378d810a] NF Instance setup [type:UDR validity:0s] (../lib/sbi/path.c:297)
04/04 12:50:13.244: [sbi] INFO: [c6e6ba32-113f-41f0-9689-9d15378d810a] NF Instance setup [type:UDR validity:0s] (../lib/sbi/path.c:297)
04/04 12:50:13.488: [sbi] INFO: [c6e6ba32-113f-41f0-9689-9d15378d810a] NF Instance setup [type:UDR validity:0s] (../lib/sbi/path.c:297)
04/04 12:50:14.463: [sbi] INFO: [c6e6ba32-113f-41f0-9689-9d15378d810a] NF Instance setup [type:UDR validity:0s] (../lib/sbi/path.c:297)
04/04 12:50:14.712: [sbi] INFO: [c6e6ba32-113f-41f0-9689-9d15378d810a] NF Instance setup [type:UDR validity:0s] (../lib/sbi/path.c:297)
04/04 12:50:15.619: [sbi] INFO: [c6e6ba32-113f-41f0-9689-9d15378d810a] NF Instance setup [type:UDR validity:0s] (../lib/sbi/path.c:297)
04/04 12:50:15.898: [sbi] INFO: [c6e6ba32-113f-41f0-9689-9d15378d810a] NF Instance setup [type:UDR validity:0s] (../lib/sbi/path.c:297)
04/04 12:50:16.688: [sbi] INFO: [c6e6ba32-113f-41f0-9689-9d15378d810a] NF Instance setup [type:UDR validity:0s] (../lib/sbi/path.c:297)
04/04 12:50:16.943: [sbi] INFO: [c6e6ba32-113f-41f0-9689-9d15378d810a] NF Instance setup [type:UDR validity:0s] (../lib/sbi/path.c:297)
04/04 12:50:17.824: [sbi] INFO: [c6e6ba32-113f-41f0-9689-9d15378d810a] NF Instance setup [type:UDR validity:0s] (../lib/sbi/path.c:297)
04/04 12:50:18.067: [sbi] INFO: [c6e6ba32-113f-41f0-9689-9d15378d810a] NF Instance setup [type:UDR validity:0s] (../lib/sbi/path.c:297)
04/04 12:50:18.958: [sbi] INFO: [c6e6ba32-113f-41f0-9689-9d15378d810a] NF Instance setup [type:UDR validity:0s] (../lib/sbi/path.c:297)
04/04 12:50:19.194: [sbi] INFO: [c6e6ba32-113f-41f0-9689-9d15378d810a] NF Instance setup [type:UDR validity:0s] (../lib/sbi/path.c:297)
04/04 12:50:20.098: [sbi] INFO: [c6e6ba32-113f-41f0-9689-9d15378d810a] NF Instance setup [type:UDR validity:0s] (../lib/sbi/path.c:297)
04/04 12:50:20.367: [sbi] INFO: [c6e6ba32-113f-41f0-9689-9d15378d810a] NF Instance setup [type:UDR validity:0s] (../lib/sbi/path.c:297)
04/04 12:50:21.417: [sbi] INFO: [c6e6ba32-113f-41f0-9689-9d15378d810a] NF Instance setup [type:UDR validity:0s] (../lib/sbi/path.c:297)
04/04 12:50:21.655: [sbi] INFO: [c6e6ba32-113f-41f0-9689-9d15378d810a] NF Instance setup [type:UDR validity:0s] (../lib/sbi/path.c:297)
04/04 12:50:22.614: [sbi] INFO: [c6e6ba32-113f-41f0-9689-9d15378d810a] NF Instance setup [type:UDR validity:0s] (../lib/sbi/path.c:297)
04/04 12:50:22.891: [sbi] INFO: [c6e6ba32-113f-41f0-9689-9d15378d810a] NF Instance setup [type:UDR validity:0s] (../lib/sbi/path.c:297)
04/04 12:50:23.788: [sbi] INFO: [c6e6ba32-113f-41f0-9689-9d15378d810a] NF Instance setup [type:UDR validity:0s] (../lib/sbi/path.c:297)
04/04 12:50:24.032: [sbi] INFO: [c6e6ba32-113f-41f0-9689-9d15378d810a] NF Instance setup [type:UDR validity:0s] (../lib/sbi/path.c:297)
04/04 12:50:24.926: [sbi] INFO: [c6e6ba32-113f-41f0-9689-9d15378d810a] NF Instance setup [type:UDR validity:0s] (../lib/sbi/path.c:297)
04/04 12:50:25.216: [sbi] INFO: [c6e6ba32-113f-41f0-9689-9d15378d810a] NF Instance setup [type:UDR validity:0s] (../lib/sbi/path.c:297)
04/04 12:50:26.275: [sbi] INFO: [c6e6ba32-113f-41f0-9689-9d15378d810a] NF Instance setup [type:UDR validity:0s] (../lib/sbi/path.c:297)
04/04 12:50:26.511: [sbi] INFO: [c6e6ba32-113f-41f0-9689-9d15378d810a] NF Instance setup [type:UDR validity:0s] (../lib/sbi/path.c:297)
04/04 12:50:27.539: [sbi] INFO: [c6e6ba32-113f-41f0-9689-9d15378d810a] NF Instance setup [type:UDR validity:0s] (../lib/sbi/path.c:297)
04/04 12:50:27.815: [sbi] INFO: [c6e6ba32-113f-41f0-9689-9d15378d810a] NF Instance setup [type:UDR validity:0s] (../lib/sbi/path.c:297)
04/04 12:50:28.781: [sbi] INFO: [c6e6ba32-113f-41f0-9689-9d15378d810a] NF Instance setup [type:UDR validity:0s] (../lib/sbi/path.c:297)
04/04 12:50:29.032: [sbi] INFO: [c6e6ba32-113f-41f0-9689-9d15378d810a] NF Instance setup [type:UDR validity:0s] (../lib/sbi/path.c:297)
04/04 12:50:30.029: [sbi] INFO: [c6e6ba32-113f-41f0-9689-9d15378d810a] NF Instance setup [type:UDR validity:0s] (../lib/sbi/path.c:297)
04/04 12:50:30.312: [sbi] INFO: [c6e6ba32-113f-41f0-9689-9d15378d810a] NF Instance setup [type:UDR validity:0s] (../lib/sbi/path.c:297)
04/04 12:50:31.308: [sbi] INFO: [c6e6ba32-113f-41f0-9689-9d15378d810a] NF Instance setup [type:UDR validity:0s] (../lib/sbi/path.c:297)
04/04 12:50:31.590: [sbi] INFO: [c6e6ba32-113f-41f0-9689-9d15378d810a] NF Instance setup [type:UDR validity:0s] (../lib/sbi/path.c:297)
04/04 12:50:32.647: [sbi] INFO: [c6e6ba32-113f-41f0-9689-9d15378d810a] NF Instance setup [type:UDR validity:0s] (../lib/sbi/path.c:297)
04/04 12:50:32.911: [sbi] INFO: [c6e6ba32-113f-41f0-9689-9d15378d810a] NF Instance setup [type:UDR validity:0s] (../lib/sbi/path.c:297)
04/04 12:50:33.940: [sbi] INFO: [c6e6ba32-113f-41f0-9689-9d15378d810a] NF Instance setup [type:UDR validity:0s] (../lib/sbi/path.c:297)
04/04 12:50:34.196: [sbi] INFO: [c6e6ba32-113f-41f0-9689-9d15378d810a] NF Instance setup [type:UDR validity:0s] (../lib/sbi/path.c:297)
04/04 12:50:35.114: [sbi] INFO: [c6e6ba32-113f-41f0-9689-9d15378d810a] NF Instance setup [type:UDR validity:0s] (../lib/sbi/path.c:297)
04/04 12:50:35.385: [sbi] INFO: [c6e6ba32-113f-41f0-9689-9d15378d810a] NF Instance setup [type:UDR validity:0s] (../lib/sbi/path.c:297)
04/04 12:50:36.538: [sbi] INFO: [c6e6ba32-113f-41f0-9689-9d15378d810a] NF Instance setup [type:UDR validity:0s] (../lib/sbi/path.c:297)
04/04 12:50:36.808: [sbi] INFO: [c6e6ba32-113f-41f0-9689-9d15378d810a] NF Instance setup [type:UDR validity:0s] (../lib/sbi/path.c:297)
04/04 12:50:37.798: [sbi] INFO: [c6e6ba32-113f-41f0-9689-9d15378d810a] NF Instance setup [type:UDR validity:0s] (../lib/sbi/path.c:297)
04/04 12:50:38.082: [sbi] INFO: [c6e6ba32-113f-41f0-9689-9d15378d810a] NF Instance setup [type:UDR validity:0s] (../lib/sbi/path.c:297)
04/04 12:50:39.148: [sbi] INFO: [c6e6ba32-113f-41f0-9689-9d15378d810a] NF Instance setup [type:UDR validity:0s] (../lib/sbi/path.c:297)
04/04 12:50:39.391: [sbi] INFO: [c6e6ba32-113f-41f0-9689-9d15378d810a] NF Instance setup [type:UDR validity:0s] (../lib/sbi/path.c:297)
04/04 12:50:40.524: [sbi] INFO: [c6e6ba32-113f-41f0-9689-9d15378d810a] NF Instance setup [type:UDR validity:0s] (../lib/sbi/path.c:297)
04/04 12:50:40.775: [sbi] INFO: [c6e6ba32-113f-41f0-9689-9d15378d810a] NF Instance setup [type:UDR validity:0s] (../lib/sbi/path.c:297)
04/04 12:50:41.850: [sbi] INFO: [c6e6ba32-113f-41f0-9689-9d15378d810a] NF Instance setup [type:UDR validity:0s] (../lib/sbi/path.c:297)
04/04 12:50:42.157: [sbi] INFO: [c6e6ba32-113f-41f0-9689-9d15378d810a] NF Instance setup [type:UDR validity:0s] (../lib/sbi/path.c:297)
04/04 12:50:43.332: [sbi] INFO: [c6e6ba32-113f-41f0-9689-9d15378d810a] NF Instance setup [type:UDR validity:0s] (../lib/sbi/path.c:297)
04/04 12:50:43.630: [sbi] INFO: [c6e6ba32-113f-41f0-9689-9d15378d810a] NF Instance setup [type:UDR validity:0s] (../lib/sbi/path.c:297)
04/04 12:50:44.746: [sbi] INFO: [c6e6ba32-113f-41f0-9689-9d15378d810a] NF Instance setup [type:UDR validity:0s] (../lib/sbi/path.c:297)
04/04 12:50:45.022: [sbi] INFO: [c6e6ba32-113f-41f0-9689-9d15378d810a] NF Instance setup [type:UDR validity:0s] (../lib/sbi/path.c:297)
04/04 12:50:46.160: [sbi] INFO: [c6e6ba32-113f-41f0-9689-9d15378d810a] NF Instance setup [type:UDR validity:0s] (../lib/sbi/path.c:297)
04/04 12:50:46.413: [sbi] INFO: [c6e6ba32-113f-41f0-9689-9d15378d810a] NF Instance setup [type:UDR validity:0s] (../lib/sbi/path.c:297)
04/04 12:50:47.532: [sbi] INFO: [c6e6ba32-113f-41f0-9689-9d15378d810a] NF Instance setup [type:UDR validity:0s] (../lib/sbi/path.c:297)
04/04 12:50:47.774: [sbi] INFO: [c6e6ba32-113f-41f0-9689-9d15378d810a] NF Instance setup [type:UDR validity:0s] (../lib/sbi/path.c:297)
04/04 12:50:48.856: [sbi] INFO: [c6e6ba32-113f-41f0-9689-9d15378d810a] NF Instance setup [type:UDR validity:0s] (../lib/sbi/path.c:297)
04/04 12:50:49.156: [sbi] INFO: [c6e6ba32-113f-41f0-9689-9d15378d810a] NF Instance setup [type:UDR validity:0s] (../lib/sbi/path.c:297)
04/04 12:50:50.224: [sbi] INFO: [c6e6ba32-113f-41f0-9689-9d15378d810a] NF Instance setup [type:UDR validity:0s] (../lib/sbi/path.c:297)
04/04 12:50:50.506: [sbi] INFO: [c6e6ba32-113f-41f0-9689-9d15378d810a] NF Instance setup [type:UDR validity:0s] (../lib/sbi/path.c:297)
04/04 12:50:51.652: [sbi] INFO: [c6e6ba32-113f-41f0-9689-9d15378d810a] NF Instance setup [type:UDR validity:0s] (../lib/sbi/path.c:297)
04/04 12:50:51.897: [sbi] INFO: [c6e6ba32-113f-41f0-9689-9d15378d810a] NF Instance setup [type:UDR validity:0s] (../lib/sbi/path.c:297)
04/04 12:50:53.063: [sbi] INFO: [c6e6ba32-113f-41f0-9689-9d15378d810a] NF Instance setup [type:UDR validity:0s] (../lib/sbi/path.c:297)
04/04 12:50:53.308: [sbi] INFO: [c6e6ba32-113f-41f0-9689-9d15378d810a] NF Instance setup [type:UDR validity:0s] (../lib/sbi/path.c:297)
04/04 12:50:54.466: [sbi] INFO: [c6e6ba32-113f-41f0-9689-9d15378d810a] NF Instance setup [type:UDR validity:0s] (../lib/sbi/path.c:297)
04/04 12:50:54.736: [sbi] INFO: [c6e6ba32-113f-41f0-9689-9d15378d810a] NF Instance setup [type:UDR validity:0s] (../lib/sbi/path.c:297)
04/04 12:50:56.032: [sbi] INFO: [c6e6ba32-113f-41f0-9689-9d15378d810a] NF Instance setup [type:UDR validity:0s] (../lib/sbi/path.c:297)
04/04 12:50:56.313: [sbi] INFO: [c6e6ba32-113f-41f0-9689-9d15378d810a] NF Instance setup [type:UDR validity:0s] (../lib/sbi/path.c:297)
04/04 12:50:57.461: [sbi] INFO: [c6e6ba32-113f-41f0-9689-9d15378d810a] NF Instance setup [type:UDR validity:0s] (../lib/sbi/path.c:297)
04/04 12:50:57.703: [sbi] INFO: [c6e6ba32-113f-41f0-9689-9d15378d810a] NF Instance setup [type:UDR validity:0s] (../lib/sbi/path.c:297)
04/04 12:50:58.980: [sbi] INFO: [c6e6ba32-113f-41f0-9689-9d15378d810a] NF Instance setup [type:UDR validity:0s] (../lib/sbi/path.c:297)
04/04 12:50:59.272: [sbi] INFO: [c6e6ba32-113f-41f0-9689-9d15378d810a] NF Instance setup [type:UDR validity:0s] (../lib/sbi/path.c:297)
04/04 12:51:00.436: [sbi] INFO: [c6e6ba32-113f-41f0-9689-9d15378d810a] NF Instance setup [type:UDR validity:0s] (../lib/sbi/path.c:297)
04/04 12:51:00.675: [sbi] INFO: [c6e6ba32-113f-41f0-9689-9d15378d810a] NF Instance setup [type:UDR validity:0s] (../lib/sbi/path.c:297)
04/04 12:51:02.070: [sbi] INFO: [c6e6ba32-113f-41f0-9689-9d15378d810a] NF Instance setup [type:UDR validity:0s] (../lib/sbi/path.c:297)
04/04 12:51:02.335: [sbi] INFO: [c6e6ba32-113f-41f0-9689-9d15378d810a] NF Instance setup [type:UDR validity:0s] (../lib/sbi/path.c:297)
04/04 12:51:03.678: [sbi] INFO: [c6e6ba32-113f-41f0-9689-9d15378d810a] NF Instance setup [type:UDR validity:0s] (../lib/sbi/path.c:297)
04/04 12:51:03.926: [sbi] INFO: [c6e6ba32-113f-41f0-9689-9d15378d810a] NF Instance setup [type:UDR validity:0s] (../lib/sbi/path.c:297)
04/04 12:51:05.172: [sbi] INFO: [c6e6ba32-113f-41f0-9689-9d15378d810a] NF Instance setup [type:UDR validity:0s] (../lib/sbi/path.c:297)
04/04 12:51:05.416: [sbi] INFO: [c6e6ba32-113f-41f0-9689-9d15378d810a] NF Instance setup [type:UDR validity:0s] (../lib/sbi/path.c:297)
04/04 12:51:06.792: [sbi] INFO: [c6e6ba32-113f-41f0-9689-9d15378d810a] NF Instance setup [type:UDR validity:0s] (../lib/sbi/path.c:297)
04/04 12:51:07.039: [sbi] INFO: [c6e6ba32-113f-41f0-9689-9d15378d810a] NF Instance setup [type:UDR validity:0s] (../lib/sbi/path.c:297)
04/04 12:51:08.279: [sbi] INFO: [c6e6ba32-113f-41f0-9689-9d15378d810a] NF Instance setup [type:UDR validity:0s] (../lib/sbi/path.c:297)
04/04 12:51:08.520: [sbi] INFO: [c6e6ba32-113f-41f0-9689-9d15378d810a] NF Instance setup [type:UDR validity:0s] (../lib/sbi/path.c:297)
04/04 12:51:09.845: [sbi] INFO: [c6e6ba32-113f-41f0-9689-9d15378d810a] NF Instance setup [type:UDR validity:0s] (../lib/sbi/path.c:297)
04/04 12:51:10.154: [sbi] INFO: [c6e6ba32-113f-41f0-9689-9d15378d810a] NF Instance setup [type:UDR validity:0s] (../lib/sbi/path.c:297)
04/04 12:51:11.360: [sbi] INFO: [c6e6ba32-113f-41f0-9689-9d15378d810a] NF Instance setup [type:UDR validity:0s] (../lib/sbi/path.c:297)
04/04 12:51:11.615: [sbi] INFO: [c6e6ba32-113f-41f0-9689-9d15378d810a] NF Instance setup [type:UDR validity:0s] (../lib/sbi/path.c:297)
04/04 12:51:12.849: [sbi] INFO: [c6e6ba32-113f-41f0-9689-9d15378d810a] NF Instance setup [type:UDR validity:0s] (../lib/sbi/path.c:297)
04/04 12:51:13.161: [sbi] INFO: [c6e6ba32-113f-41f0-9689-9d15378d810a] NF Instance setup [type:UDR validity:0s] (../lib/sbi/path.c:297)
04/04 12:51:14.373: [sbi] INFO: [c6e6ba32-113f-41f0-9689-9d15378d810a] NF Instance setup [type:UDR validity:0s] (../lib/sbi/path.c:297)
04/04 12:51:14.656: [sbi] INFO: [c6e6ba32-113f-41f0-9689-9d15378d810a] NF Instance setup [type:UDR validity:0s] (../lib/sbi/path.c:297)
04/04 12:51:15.975: [sbi] INFO: [c6e6ba32-113f-41f0-9689-9d15378d810a] NF Instance setup [type:UDR validity:0s] (../lib/sbi/path.c:297)
04/04 12:51:16.227: [sbi] INFO: [c6e6ba32-113f-41f0-9689-9d15378d810a] NF Instance setup [type:UDR validity:0s] (../lib/sbi/path.c:297)
04/04 12:51:17.501: [sbi] INFO: [c6e6ba32-113f-41f0-9689-9d15378d810a] NF Instance setup [type:UDR validity:0s] (../lib/sbi/path.c:297)
04/04 12:51:17.740: [sbi] INFO: [c6e6ba32-113f-41f0-9689-9d15378d810a] NF Instance setup [type:UDR validity:0s] (../lib/sbi/path.c:297)
04/04 12:51:20.611: [sbi] INFO: [c6e6ba32-113f-41f0-9689-9d15378d810a] NF Instance setup [type:UDR validity:0s] (../lib/sbi/path.c:297)
04/04 12:51:20.894: [sbi] INFO: [c6e6ba32-113f-41f0-9689-9d15378d810a] NF Instance setup [type:UDR validity:0s] (../lib/sbi/path.c:297)
04/04 12:51:22.172: [sbi] INFO: [c6e6ba32-113f-41f0-9689-9d15378d810a] NF Instance setup [type:UDR validity:0s] (../lib/sbi/path.c:297)
04/04 12:51:22.442: [sbi] INFO: [c6e6ba32-113f-41f0-9689-9d15378d810a] NF Instance setup [type:UDR validity:0s] (../lib/sbi/path.c:297)
04/04 12:51:23.945: [sbi] INFO: [c6e6ba32-113f-41f0-9689-9d15378d810a] NF Instance setup [type:UDR validity:0s] (../lib/sbi/path.c:297)
04/04 12:51:24.185: [sbi] INFO: [c6e6ba32-113f-41f0-9689-9d15378d810a] NF Instance setup [type:UDR validity:0s] (../lib/sbi/path.c:297)
04/04 12:51:25.505: [sbi] INFO: [c6e6ba32-113f-41f0-9689-9d15378d810a] NF Instance setup [type:UDR validity:0s] (../lib/sbi/path.c:297)
04/04 12:51:25.792: [sbi] INFO: [c6e6ba32-113f-41f0-9689-9d15378d810a] NF Instance setup [type:UDR validity:0s] (../lib/sbi/path.c:297)
04/04 12:51:27.197: [sbi] INFO: [c6e6ba32-113f-41f0-9689-9d15378d810a] NF Instance setup [type:UDR validity:0s] (../lib/sbi/path.c:297)
04/04 12:51:27.485: [sbi] INFO: [c6e6ba32-113f-41f0-9689-9d15378d810a] NF Instance setup [type:UDR validity:0s] (../lib/sbi/path.c:297)
04/04 12:51:28.961: [sbi] INFO: [c6e6ba32-113f-41f0-9689-9d15378d810a] NF Instance setup [type:UDR validity:0s] (../lib/sbi/path.c:297)
04/04 12:51:29.228: [sbi] INFO: [c6e6ba32-113f-41f0-9689-9d15378d810a] NF Instance setup [type:UDR validity:0s] (../lib/sbi/path.c:297)
04/04 12:51:30.713: [sbi] INFO: [c6e6ba32-113f-41f0-9689-9d15378d810a] NF Instance setup [type:UDR validity:0s] (../lib/sbi/path.c:297)
04/04 12:51:30.983: [sbi] INFO: [c6e6ba32-113f-41f0-9689-9d15378d810a] NF Instance setup [type:UDR validity:0s] (../lib/sbi/path.c:297)
04/04 12:51:32.245: [sbi] INFO: [c6e6ba32-113f-41f0-9689-9d15378d810a] NF Instance setup [type:UDR validity:0s] (../lib/sbi/path.c:297)
04/04 12:51:32.538: [sbi] INFO: [c6e6ba32-113f-41f0-9689-9d15378d810a] NF Instance setup [type:UDR validity:0s] (../lib/sbi/path.c:297)
04/04 12:51:34.109: [sbi] INFO: [c6e6ba32-113f-41f0-9689-9d15378d810a] NF Instance setup [type:UDR validity:0s] (../lib/sbi/path.c:297)
04/04 12:51:34.413: [sbi] INFO: [c6e6ba32-113f-41f0-9689-9d15378d810a] NF Instance setup [type:UDR validity:0s] (../lib/sbi/path.c:297)
04/04 12:51:35.789: [sbi] INFO: [c6e6ba32-113f-41f0-9689-9d15378d810a] NF Instance setup [type:UDR validity:0s] (../lib/sbi/path.c:297)
04/04 12:51:36.052: [sbi] INFO: [c6e6ba32-113f-41f0-9689-9d15378d810a] NF Instance setup [type:UDR validity:0s] (../lib/sbi/path.c:297)
04/04 12:51:37.591: [sbi] INFO: [c6e6ba32-113f-41f0-9689-9d15378d810a] NF Instance setup [type:UDR validity:0s] (../lib/sbi/path.c:297)
04/04 12:51:37.831: [sbi] INFO: [c6e6ba32-113f-41f0-9689-9d15378d810a] NF Instance setup [type:UDR validity:0s] (../lib/sbi/path.c:297)
04/04 12:51:39.273: [sbi] INFO: [c6e6ba32-113f-41f0-9689-9d15378d810a] NF Instance setup [type:UDR validity:0s] (../lib/sbi/path.c:297)
04/04 12:51:39.551: [sbi] INFO: [c6e6ba32-113f-41f0-9689-9d15378d810a] NF Instance setup [type:UDR validity:0s] (../lib/sbi/path.c:297)
04/04 12:51:41.095: [sbi] INFO: [c6e6ba32-113f-41f0-9689-9d15378d810a] NF Instance setup [type:UDR validity:0s] (../lib/sbi/path.c:297)
04/04 12:51:41.386: [sbi] INFO: [c6e6ba32-113f-41f0-9689-9d15378d810a] NF Instance setup [type:UDR validity:0s] (../lib/sbi/path.c:297)
04/04 12:51:42.882: [sbi] INFO: [c6e6ba32-113f-41f0-9689-9d15378d810a] NF Instance setup [type:UDR validity:0s] (../lib/sbi/path.c:297)
04/04 12:51:43.164: [sbi] INFO: [c6e6ba32-113f-41f0-9689-9d15378d810a] NF Instance setup [type:UDR validity:0s] (../lib/sbi/path.c:297)
04/04 12:51:44.720: [sbi] INFO: [c6e6ba32-113f-41f0-9689-9d15378d810a] NF Instance setup [type:UDR validity:0s] (../lib/sbi/path.c:297)
04/04 12:51:45.000: [sbi] INFO: [c6e6ba32-113f-41f0-9689-9d15378d810a] NF Instance setup [type:UDR validity:0s] (../lib/sbi/path.c:297)
04/04 12:51:46.536: [sbi] INFO: [c6e6ba32-113f-41f0-9689-9d15378d810a] NF Instance setup [type:UDR validity:0s] (../lib/sbi/path.c:297)
04/04 12:51:46.777: [sbi] INFO: [c6e6ba32-113f-41f0-9689-9d15378d810a] NF Instance setup [type:UDR validity:0s] (../lib/sbi/path.c:297)
04/04 12:51:48.286: [sbi] INFO: [c6e6ba32-113f-41f0-9689-9d15378d810a] NF Instance setup [type:UDR validity:0s] (../lib/sbi/path.c:297)
04/04 12:51:48.528: [sbi] INFO: [c6e6ba32-113f-41f0-9689-9d15378d810a] NF Instance setup [type:UDR validity:0s] (../lib/sbi/path.c:297)
04/04 12:51:50.070: [sbi] INFO: [c6e6ba32-113f-41f0-9689-9d15378d810a] NF Instance setup [type:UDR validity:0s] (../lib/sbi/path.c:297)
04/04 12:51:50.357: [sbi] INFO: [c6e6ba32-113f-41f0-9689-9d15378d810a] NF Instance setup [type:UDR validity:0s] (../lib/sbi/path.c:297)
04/04 12:51:51.839: [sbi] INFO: [c6e6ba32-113f-41f0-9689-9d15378d810a] NF Instance setup [type:UDR validity:0s] (../lib/sbi/path.c:297)
04/04 12:51:52.153: [sbi] INFO: [c6e6ba32-113f-41f0-9689-9d15378d810a] NF Instance setup [type:UDR validity:0s] (../lib/sbi/path.c:297)
04/04 12:51:53.763: [sbi] INFO: [c6e6ba32-113f-41f0-9689-9d15378d810a] NF Instance setup [type:UDR validity:0s] (../lib/sbi/path.c:297)
04/04 12:51:54.007: [sbi] INFO: [c6e6ba32-113f-41f0-9689-9d15378d810a] NF Instance setup [type:UDR validity:0s] (../lib/sbi/path.c:297)
04/04 12:51:55.547: [sbi] INFO: [c6e6ba32-113f-41f0-9689-9d15378d810a] NF Instance setup [type:UDR validity:0s] (../lib/sbi/path.c:297)
04/04 12:51:55.803: [sbi] INFO: [c6e6ba32-113f-41f0-9689-9d15378d810a] NF Instance setup [type:UDR validity:0s] (../lib/sbi/path.c:297)
04/04 12:51:57.361: [sbi] INFO: [c6e6ba32-113f-41f0-9689-9d15378d810a] NF Instance setup [type:UDR validity:0s] (../lib/sbi/path.c:297)
04/04 12:51:57.609: [sbi] INFO: [c6e6ba32-113f-41f0-9689-9d15378d810a] NF Instance setup [type:UDR validity:0s] (../lib/sbi/path.c:297)
04/04 12:51:59.379: [sbi] INFO: [c6e6ba32-113f-41f0-9689-9d15378d810a] NF Instance setup [type:UDR validity:0s] (../lib/sbi/path.c:297)
04/04 12:51:59.656: [sbi] INFO: [c6e6ba32-113f-41f0-9689-9d15378d810a] NF Instance setup [type:UDR validity:0s] (../lib/sbi/path.c:297)
04/04 12:52:01.197: [sbi] INFO: [c6e6ba32-113f-41f0-9689-9d15378d810a] NF Instance setup [type:UDR validity:0s] (../lib/sbi/path.c:297)
04/04 12:52:01.474: [sbi] INFO: [c6e6ba32-113f-41f0-9689-9d15378d810a] NF Instance setup [type:UDR validity:0s] (../lib/sbi/path.c:297)
04/04 12:52:03.112: [sbi] INFO: [c6e6ba32-113f-41f0-9689-9d15378d810a] NF Instance setup [type:UDR validity:0s] (../lib/sbi/path.c:297)
04/04 12:52:03.369: [sbi] INFO: [c6e6ba32-113f-41f0-9689-9d15378d810a] NF Instance setup [type:UDR validity:0s] (../lib/sbi/path.c:297)
04/04 12:52:05.001: [sbi] INFO: [c6e6ba32-113f-41f0-9689-9d15378d810a] NF Instance setup [type:UDR validity:0s] (../lib/sbi/path.c:297)
04/04 12:52:05.322: [sbi] INFO: [c6e6ba32-113f-41f0-9689-9d15378d810a] NF Instance setup [type:UDR validity:0s] (../lib/sbi/path.c:297)
04/04 12:52:06.931: [sbi] INFO: [c6e6ba32-113f-41f0-9689-9d15378d810a] NF Instance setup [type:UDR validity:0s] (../lib/sbi/path.c:297)
04/04 12:52:07.193: [sbi] INFO: [c6e6ba32-113f-41f0-9689-9d15378d810a] NF Instance setup [type:UDR validity:0s] (../lib/sbi/path.c:297)
04/04 12:52:08.762: [sbi] INFO: [c6e6ba32-113f-41f0-9689-9d15378d810a] NF Instance setup [type:UDR validity:0s] (../lib/sbi/path.c:297)
04/04 12:52:09.022: [sbi] INFO: [c6e6ba32-113f-41f0-9689-9d15378d810a] NF Instance setup [type:UDR validity:0s] (../lib/sbi/path.c:297)
04/04 12:52:10.656: [sbi] INFO: [c6e6ba32-113f-41f0-9689-9d15378d810a] NF Instance setup [type:UDR validity:0s] (../lib/sbi/path.c:297)
04/04 12:52:10.945: [sbi] INFO: [c6e6ba32-113f-41f0-9689-9d15378d810a] NF Instance setup [type:UDR validity:0s] (../lib/sbi/path.c:297)
04/04 12:52:12.576: [sbi] INFO: [c6e6ba32-113f-41f0-9689-9d15378d810a] NF Instance setup [type:UDR validity:0s] (../lib/sbi/path.c:297)
04/04 12:52:12.824: [sbi] INFO: [c6e6ba32-113f-41f0-9689-9d15378d810a] NF Instance setup [type:UDR validity:0s] (../lib/sbi/path.c:297)
04/04 12:52:14.637: [sbi] INFO: [c6e6ba32-113f-41f0-9689-9d15378d810a] NF Instance setup [type:UDR validity:0s] (../lib/sbi/path.c:297)
04/04 12:52:14.892: [sbi] INFO: [c6e6ba32-113f-41f0-9689-9d15378d810a] NF Instance setup [type:UDR validity:0s] (../lib/sbi/path.c:297)
04/04 12:52:16.596: [sbi] INFO: [c6e6ba32-113f-41f0-9689-9d15378d810a] NF Instance setup [type:UDR validity:0s] (../lib/sbi/path.c:297)
04/04 12:52:16.841: [sbi] INFO: [c6e6ba32-113f-41f0-9689-9d15378d810a] NF Instance setup [type:UDR validity:0s] (../lib/sbi/path.c:297)
04/04 12:52:18.431: [sbi] INFO: [c6e6ba32-113f-41f0-9689-9d15378d810a] NF Instance setup [type:UDR validity:0s] (../lib/sbi/path.c:297)
04/04 12:52:18.680: [sbi] INFO: [c6e6ba32-113f-41f0-9689-9d15378d810a] NF Instance setup [type:UDR validity:0s] (../lib/sbi/path.c:297)
04/04 12:52:20.410: [sbi] INFO: [c6e6ba32-113f-41f0-9689-9d15378d810a] NF Instance setup [type:UDR validity:0s] (../lib/sbi/path.c:297)
04/04 12:52:20.664: [sbi] INFO: [c6e6ba32-113f-41f0-9689-9d15378d810a] NF Instance setup [type:UDR validity:0s] (../lib/sbi/path.c:297)
04/04 12:52:22.316: [sbi] INFO: [c6e6ba32-113f-41f0-9689-9d15378d810a] NF Instance setup [type:UDR validity:0s] (../lib/sbi/path.c:297)
04/04 12:52:22.560: [sbi] INFO: [c6e6ba32-113f-41f0-9689-9d15378d810a] NF Instance setup [type:UDR validity:0s] (../lib/sbi/path.c:297)
04/04 12:52:26.497: [sbi] INFO: [c6e6ba32-113f-41f0-9689-9d15378d810a] NF Instance setup [type:UDR validity:0s] (../lib/sbi/path.c:297)
04/04 12:52:26.757: [sbi] INFO: [c6e6ba32-113f-41f0-9689-9d15378d810a] NF Instance setup [type:UDR validity:0s] (../lib/sbi/path.c:297)
04/04 12:52:26.958: [sbi] INFO: [c6e6ba32-113f-41f0-9689-9d15378d810a] NF Instance setup [type:UDR validity:0s] (../lib/sbi/path.c:297)
04/04 12:52:27.214: [sbi] INFO: [c6e6ba32-113f-41f0-9689-9d15378d810a] NF Instance setup [type:UDR validity:0s] (../lib/sbi/path.c:297)
04/04 12:52:28.466: [sbi] INFO: [c6e6ba32-113f-41f0-9689-9d15378d810a] NF Instance setup [type:UDR validity:0s] (../lib/sbi/path.c:297)
04/04 12:52:28.802: [sbi] INFO: [c6e6ba32-113f-41f0-9689-9d15378d810a] NF Instance setup [type:UDR validity:0s] (../lib/sbi/path.c:297)
04/04 12:52:30.656: [sbi] INFO: [c6e6ba32-113f-41f0-9689-9d15378d810a] NF Instance setup [type:UDR validity:0s] (../lib/sbi/path.c:297)
04/04 12:52:30.927: [sbi] INFO: [c6e6ba32-113f-41f0-9689-9d15378d810a] NF Instance setup [type:UDR validity:0s] (../lib/sbi/path.c:297)
04/04 12:52:32.743: [sbi] INFO: [c6e6ba32-113f-41f0-9689-9d15378d810a] NF Instance setup [type:UDR validity:0s] (../lib/sbi/path.c:297)
04/04 12:52:33.026: [sbi] INFO: [c6e6ba32-113f-41f0-9689-9d15378d810a] NF Instance setup [type:UDR validity:0s] (../lib/sbi/path.c:297)
04/04 12:52:34.994: [sbi] INFO: [c6e6ba32-113f-41f0-9689-9d15378d810a] NF Instance setup [type:UDR validity:0s] (../lib/sbi/path.c:297)
04/04 12:52:35.336: [sbi] INFO: [c6e6ba32-113f-41f0-9689-9d15378d810a] NF Instance setup [type:UDR validity:0s] (../lib/sbi/path.c:297)
04/04 12:52:37.209: [sbi] INFO: [c6e6ba32-113f-41f0-9689-9d15378d810a] NF Instance setup [type:UDR validity:0s] (../lib/sbi/path.c:297)
04/04 12:52:37.498: [sbi] INFO: [c6e6ba32-113f-41f0-9689-9d15378d810a] NF Instance setup [type:UDR validity:0s] (../lib/sbi/path.c:297)
04/04 12:52:39.351: [sbi] INFO: [c6e6ba32-113f-41f0-9689-9d15378d810a] NF Instance setup [type:UDR validity:0s] (../lib/sbi/path.c:297)
04/04 12:52:39.646: [sbi] INFO: [c6e6ba32-113f-41f0-9689-9d15378d810a] NF Instance setup [type:UDR validity:0s] (../lib/sbi/path.c:297)
04/04 12:52:41.619: [sbi] INFO: [c6e6ba32-113f-41f0-9689-9d15378d810a] NF Instance setup [type:UDR validity:0s] (../lib/sbi/path.c:297)
04/04 12:52:41.918: [sbi] INFO: [c6e6ba32-113f-41f0-9689-9d15378d810a] NF Instance setup [type:UDR validity:0s] (../lib/sbi/path.c:297)
04/04 12:52:43.972: [sbi] INFO: [c6e6ba32-113f-41f0-9689-9d15378d810a] NF Instance setup [type:UDR validity:0s] (../lib/sbi/path.c:297)
04/04 12:52:44.260: [sbi] INFO: [c6e6ba32-113f-41f0-9689-9d15378d810a] NF Instance setup [type:UDR validity:0s] (../lib/sbi/path.c:297)
04/04 12:52:45.991: [sbi] INFO: [c6e6ba32-113f-41f0-9689-9d15378d810a] NF Instance setup [type:UDR validity:0s] (../lib/sbi/path.c:297)
04/04 12:52:46.303: [sbi] INFO: [c6e6ba32-113f-41f0-9689-9d15378d810a] NF Instance setup [type:UDR validity:0s] (../lib/sbi/path.c:297)
04/04 12:52:48.423: [sbi] INFO: [c6e6ba32-113f-41f0-9689-9d15378d810a] NF Instance setup [type:UDR validity:0s] (../lib/sbi/path.c:297)
04/04 12:52:48.720: [sbi] INFO: [c6e6ba32-113f-41f0-9689-9d15378d810a] NF Instance setup [type:UDR validity:0s] (../lib/sbi/path.c:297)
04/04 12:52:50.872: [sbi] INFO: [c6e6ba32-113f-41f0-9689-9d15378d810a] NF Instance setup [type:UDR validity:0s] (../lib/sbi/path.c:297)
04/04 12:52:51.360: [sbi] INFO: [c6e6ba32-113f-41f0-9689-9d15378d810a] NF Instance setup [type:UDR validity:0s] (../lib/sbi/path.c:297)
04/04 12:52:53.221: [sbi] INFO: [c6e6ba32-113f-41f0-9689-9d15378d810a] NF Instance setup [type:UDR validity:0s] (../lib/sbi/path.c:297)
04/04 12:52:53.520: [sbi] INFO: [c6e6ba32-113f-41f0-9689-9d15378d810a] NF Instance setup [type:UDR validity:0s] (../lib/sbi/path.c:297)
